{"total": {"lines":{"total":4223,"covered":3487,"skipped":0,"pct":82.57},"statements":{"total":4282,"covered":3536,"skipped":0,"pct":82.57},"functions":{"total":611,"covered":462,"skipped":0,"pct":75.61},"branches":{"total":1819,"covered":1270,"skipped":0,"pct":69.81},"branchesTrue":{"total":0,"covered":0,"skipped":0,"pct":100}}
,"/Users/ulisses/Desktop/internal-snaps/packages/tron-wallet-snap/src/context.ts": {"lines":{"total":71,"covered":71,"skipped":0,"pct":100},"functions":{"total":0,"covered":0,"skipped":0,"pct":100},"statements":{"total":71,"covered":71,"skipped":0,"pct":100},"branches":{"total":0,"covered":0,"skipped":0,"pct":100}}
,"/Users/ulisses/Desktop/internal-snaps/packages/tron-wallet-snap/src/permissions.ts": {"lines":{"total":12,"covered":12,"skipped":0,"pct":100},"functions":{"total":0,"covered":0,"skipped":0,"pct":100},"statements":{"total":12,"covered":12,"skipped":0,"pct":100},"branches":{"total":4,"covered":2,"skipped":0,"pct":50}}
,"/Users/ulisses/Desktop/internal-snaps/packages/tron-wallet-snap/src/caching/InMemoryCache.ts": {"lines":{"total":69,"covered":48,"skipped":0,"pct":69.56},"functions":{"total":15,"covered":10,"skipped":0,"pct":66.66},"statements":{"total":69,"covered":48,"skipped":0,"pct":69.56},"branches":{"total":33,"covered":18,"skipped":0,"pct":54.54}}
,"/Users/ulisses/Desktop/internal-snaps/packages/tron-wallet-snap/src/caching/StateCache.ts": {"lines":{"total":81,"covered":78,"skipped":0,"pct":96.29},"functions":{"total":22,"covered":22,"skipped":0,"pct":100},"statements":{"total":82,"covered":79,"skipped":0,"pct":96.34},"branches":{"total":43,"covered":40,"skipped":0,"pct":93.02}}
,"/Users/ulisses/Desktop/internal-snaps/packages/tron-wallet-snap/src/caching/useCache.ts": {"lines":{"total":17,"covered":17,"skipped":0,"pct":100},"functions":{"total":5,"covered":5,"skipped":0,"pct":100},"statements":{"total":19,"covered":19,"skipped":0,"pct":100},"branches":{"total":7,"covered":7,"skipped":0,"pct":100}}
,"/Users/ulisses/Desktop/internal-snaps/packages/tron-wallet-snap/src/caching/useCacheUntil.ts": {"lines":{"total":23,"covered":23,"skipped":0,"pct":100},"functions":{"total":5,"covered":5,"skipped":0,"pct":100},"statements":{"total":25,"covered":25,"skipped":0,"pct":100},"branches":{"total":11,"covered":11,"skipped":0,"pct":100}}
,"/Users/ulisses/Desktop/internal-snaps/packages/tron-wallet-snap/src/clients/price-api/PriceApiClient.ts": {"lines":{"total":82,"covered":82,"skipped":0,"pct":100},"functions":{"total":13,"covered":13,"skipped":0,"pct":100},"statements":{"total":82,"covered":82,"skipped":0,"pct":100},"branches":{"total":19,"covered":19,"skipped":0,"pct":100}}
,"/Users/ulisses/Desktop/internal-snaps/packages/tron-wallet-snap/src/clients/price-api/types.ts": {"lines":{"total":14,"covered":14,"skipped":0,"pct":100},"functions":{"total":0,"covered":0,"skipped":0,"pct":100},"statements":{"total":14,"covered":14,"skipped":0,"pct":100},"branches":{"total":0,"covered":0,"skipped":0,"pct":100}}
,"/Users/ulisses/Desktop/internal-snaps/packages/tron-wallet-snap/src/clients/price-api/mocks/exchange-rates.ts": {"lines":{"total":1,"covered":1,"skipped":0,"pct":100},"functions":{"total":0,"covered":0,"skipped":0,"pct":100},"statements":{"total":1,"covered":1,"skipped":0,"pct":100},"branches":{"total":0,"covered":0,"skipped":0,"pct":100}}
,"/Users/ulisses/Desktop/internal-snaps/packages/tron-wallet-snap/src/clients/price-api/mocks/historical-prices.ts": {"lines":{"total":1,"covered":1,"skipped":0,"pct":100},"functions":{"total":0,"covered":0,"skipped":0,"pct":100},"statements":{"total":1,"covered":1,"skipped":0,"pct":100},"branches":{"total":0,"covered":0,"skipped":0,"pct":100}}
,"/Users/ulisses/Desktop/internal-snaps/packages/tron-wallet-snap/src/clients/price-api/mocks/spot-prices.ts": {"lines":{"total":1,"covered":1,"skipped":0,"pct":100},"functions":{"total":0,"covered":0,"skipped":0,"pct":100},"statements":{"total":1,"covered":1,"skipped":0,"pct":100},"branches":{"total":0,"covered":0,"skipped":0,"pct":100}}
,"/Users/ulisses/Desktop/internal-snaps/packages/tron-wallet-snap/src/clients/security-alerts-api/SecurityAlertsApiClient.ts": {"lines":{"total":30,"covered":14,"skipped":0,"pct":46.66},"functions":{"total":3,"covered":2,"skipped":0,"pct":66.66},"statements":{"total":30,"covered":14,"skipped":0,"pct":46.66},"branches":{"total":11,"covered":1,"skipped":0,"pct":9.09}}
,"/Users/ulisses/Desktop/internal-snaps/packages/tron-wallet-snap/src/clients/security-alerts-api/structs.ts": {"lines":{"total":13,"covered":13,"skipped":0,"pct":100},"functions":{"total":0,"covered":0,"skipped":0,"pct":100},"statements":{"total":13,"covered":13,"skipped":0,"pct":100},"branches":{"total":0,"covered":0,"skipped":0,"pct":100}}
,"/Users/ulisses/Desktop/internal-snaps/packages/tron-wallet-snap/src/clients/security-alerts-api/utils.ts": {"lines":{"total":26,"covered":26,"skipped":0,"pct":100},"functions":{"total":2,"covered":2,"skipped":0,"pct":100},"statements":{"total":26,"covered":26,"skipped":0,"pct":100},"branches":{"total":28,"covered":25,"skipped":0,"pct":89.28}}
,"/Users/ulisses/Desktop/internal-snaps/packages/tron-wallet-snap/src/clients/snap/SnapClient.ts": {"lines":{"total":33,"covered":18,"skipped":0,"pct":54.54},"functions":{"total":20,"covered":5,"skipped":0,"pct":25},"statements":{"total":33,"covered":18,"skipped":0,"pct":54.54},"branches":{"total":5,"covered":2,"skipped":0,"pct":40}}
,"/Users/ulisses/Desktop/internal-snaps/packages/tron-wallet-snap/src/clients/token-api/TokenApiClient.ts": {"lines":{"total":59,"covered":56,"skipped":0,"pct":94.91},"functions":{"total":6,"covered":6,"skipped":0,"pct":100},"statements":{"total":59,"covered":56,"skipped":0,"pct":94.91},"branches":{"total":18,"covered":12,"skipped":0,"pct":66.66}}
,"/Users/ulisses/Desktop/internal-snaps/packages/tron-wallet-snap/src/clients/token-api/structs.ts": {"lines":{"total":5,"covered":5,"skipped":0,"pct":100},"functions":{"total":0,"covered":0,"skipped":0,"pct":100},"statements":{"total":5,"covered":5,"skipped":0,"pct":100},"branches":{"total":0,"covered":0,"skipped":0,"pct":100}}
,"/Users/ulisses/Desktop/internal-snaps/packages/tron-wallet-snap/src/clients/tron-http/TronHttpClient.ts": {"lines":{"total":116,"covered":31,"skipped":0,"pct":26.72},"functions":{"total":12,"covered":4,"skipped":0,"pct":33.33},"statements":{"total":116,"covered":31,"skipped":0,"pct":26.72},"branches":{"total":48,"covered":5,"skipped":0,"pct":10.41}}
,"/Users/ulisses/Desktop/internal-snaps/packages/tron-wallet-snap/src/clients/tron-http/structs.ts": {"lines":{"total":16,"covered":16,"skipped":0,"pct":100},"functions":{"total":0,"covered":0,"skipped":0,"pct":100},"statements":{"total":16,"covered":16,"skipped":0,"pct":100},"branches":{"total":0,"covered":0,"skipped":0,"pct":100}}
,"/Users/ulisses/Desktop/internal-snaps/packages/tron-wallet-snap/src/clients/trongrid/TrongridApiClient.ts": {"lines":{"total":91,"covered":52,"skipped":0,"pct":57.14},"functions":{"total":9,"covered":7,"skipped":0,"pct":77.77},"statements":{"total":91,"covered":52,"skipped":0,"pct":57.14},"branches":{"total":44,"covered":19,"skipped":0,"pct":43.18}}
,"/Users/ulisses/Desktop/internal-snaps/packages/tron-wallet-snap/src/clients/trongrid/errors.ts": {"lines":{"total":14,"covered":14,"skipped":0,"pct":100},"functions":{"total":4,"covered":4,"skipped":0,"pct":100},"statements":{"total":15,"covered":15,"skipped":0,"pct":100},"branches":{"total":2,"covered":2,"skipped":0,"pct":100}}
,"/Users/ulisses/Desktop/internal-snaps/packages/tron-wallet-snap/src/clients/trongrid/structs.ts": {"lines":{"total":28,"covered":28,"skipped":0,"pct":100},"functions":{"total":0,"covered":0,"skipped":0,"pct":100},"statements":{"total":28,"covered":28,"skipped":0,"pct":100},"branches":{"total":0,"covered":0,"skipped":0,"pct":100}}
,"/Users/ulisses/Desktop/internal-snaps/packages/tron-wallet-snap/src/clients/tronweb/TronWebFactory.ts": {"lines":{"total":10,"covered":3,"skipped":0,"pct":30},"functions":{"total":2,"covered":1,"skipped":0,"pct":50},"statements":{"total":10,"covered":3,"skipped":0,"pct":30},"branches":{"total":4,"covered":0,"skipped":0,"pct":0}}
,"/Users/ulisses/Desktop/internal-snaps/packages/tron-wallet-snap/src/entities/keyring-account.ts": {"lines":{"total":3,"covered":3,"skipped":0,"pct":100},"functions":{"total":1,"covered":1,"skipped":0,"pct":100},"statements":{"total":3,"covered":3,"skipped":0,"pct":100},"branches":{"total":0,"covered":0,"skipped":0,"pct":100}}
,"/Users/ulisses/Desktop/internal-snaps/packages/tron-wallet-snap/src/handlers/assets/assets.ts": {"lines":{"total":16,"covered":4,"skipped":0,"pct":25},"functions":{"total":5,"covered":1,"skipped":0,"pct":20},"statements":{"total":16,"covered":4,"skipped":0,"pct":25},"branches":{"total":0,"covered":0,"skipped":0,"pct":100}}
,"/Users/ulisses/Desktop/internal-snaps/packages/tron-wallet-snap/src/handlers/clientRequest/clientRequest.ts": {"lines":{"total":246,"covered":196,"skipped":0,"pct":79.67},"functions":{"total":3,"covered":3,"skipped":0,"pct":100},"statements":{"total":246,"covered":196,"skipped":0,"pct":79.67},"branches":{"total":92,"covered":55,"skipped":0,"pct":59.78}}
,"/Users/ulisses/Desktop/internal-snaps/packages/tron-wallet-snap/src/handlers/clientRequest/types.ts": {"lines":{"total":20,"covered":20,"skipped":0,"pct":100},"functions":{"total":2,"covered":2,"skipped":0,"pct":100},"statements":{"total":20,"covered":20,"skipped":0,"pct":100},"branches":{"total":4,"covered":4,"skipped":0,"pct":100}}
,"/Users/ulisses/Desktop/internal-snaps/packages/tron-wallet-snap/src/handlers/clientRequest/validation.ts": {"lines":{"total":82,"covered":77,"skipped":0,"pct":93.9},"functions":{"total":4,"covered":4,"skipped":0,"pct":100},"statements":{"total":82,"covered":77,"skipped":0,"pct":93.9},"branches":{"total":26,"covered":19,"skipped":0,"pct":73.07}}
,"/Users/ulisses/Desktop/internal-snaps/packages/tron-wallet-snap/src/handlers/cronjob/cronjob.tsx": {"lines":{"total":225,"covered":141,"skipped":0,"pct":62.66},"functions":{"total":13,"covered":6,"skipped":0,"pct":46.15},"statements":{"total":225,"covered":141,"skipped":0,"pct":62.66},"branches":{"total":92,"covered":51,"skipped":0,"pct":55.43}}
,"/Users/ulisses/Desktop/internal-snaps/packages/tron-wallet-snap/src/handlers/keyring/keyring-types.ts": {"lines":{"total":4,"covered":4,"skipped":0,"pct":100},"functions":{"total":1,"covered":1,"skipped":0,"pct":100},"statements":{"total":4,"covered":4,"skipped":0,"pct":100},"branches":{"total":2,"covered":2,"skipped":0,"pct":100}}
,"/Users/ulisses/Desktop/internal-snaps/packages/tron-wallet-snap/src/handlers/keyring/keyring.ts": {"lines":{"total":147,"covered":81,"skipped":0,"pct":55.1},"functions":{"total":25,"covered":10,"skipped":0,"pct":40},"statements":{"total":149,"covered":83,"skipped":0,"pct":55.7},"branches":{"total":37,"covered":19,"skipped":0,"pct":51.35}}
,"/Users/ulisses/Desktop/internal-snaps/packages/tron-wallet-snap/src/handlers/rpc/rpc.ts": {"lines":{"total":10,"covered":5,"skipped":0,"pct":50},"functions":{"total":2,"covered":1,"skipped":0,"pct":50},"statements":{"total":10,"covered":5,"skipped":0,"pct":50},"branches":{"total":1,"covered":0,"skipped":0,"pct":0}}
,"/Users/ulisses/Desktop/internal-snaps/packages/tron-wallet-snap/src/handlers/rpc/types.ts": {"lines":{"total":6,"covered":6,"skipped":0,"pct":100},"functions":{"total":2,"covered":2,"skipped":0,"pct":100},"statements":{"total":6,"covered":6,"skipped":0,"pct":100},"branches":{"total":4,"covered":4,"skipped":0,"pct":100}}
,"/Users/ulisses/Desktop/internal-snaps/packages/tron-wallet-snap/src/handlers/user-input/userInput.ts": {"lines":{"total":15,"covered":7,"skipped":0,"pct":46.66},"functions":{"total":2,"covered":1,"skipped":0,"pct":50},"statements":{"total":15,"covered":7,"skipped":0,"pct":46.66},"branches":{"total":4,"covered":0,"skipped":0,"pct":0}}
,"/Users/ulisses/Desktop/internal-snaps/packages/tron-wallet-snap/src/services/accounts/AccountsRepository.ts": {"lines":{"total":39,"covered":33,"skipped":0,"pct":84.61},"functions":{"total":20,"covered":14,"skipped":0,"pct":70},"statements":{"total":42,"covered":33,"skipped":0,"pct":78.57},"branches":{"total":19,"covered":11,"skipped":0,"pct":57.89}}
,"/Users/ulisses/Desktop/internal-snaps/packages/tron-wallet-snap/src/services/accounts/AccountsService.ts": {"lines":{"total":147,"covered":141,"skipped":0,"pct":95.91},"functions":{"total":30,"covered":30,"skipped":0,"pct":100},"statements":{"total":152,"covered":146,"skipped":0,"pct":96.05},"branches":{"total":52,"covered":45,"skipped":0,"pct":86.53}}
,"/Users/ulisses/Desktop/internal-snaps/packages/tron-wallet-snap/src/services/assets/AssetsRepository.ts": {"lines":{"total":28,"covered":17,"skipped":0,"pct":60.71},"functions":{"total":10,"covered":5,"skipped":0,"pct":50},"statements":{"total":29,"covered":17,"skipped":0,"pct":58.62},"branches":{"total":14,"covered":7,"skipped":0,"pct":50}}
,"/Users/ulisses/Desktop/internal-snaps/packages/tron-wallet-snap/src/services/assets/AssetsService.ts": {"lines":{"total":87,"covered":59,"skipped":0,"pct":67.81},"functions":{"total":21,"covered":12,"skipped":0,"pct":57.14},"statements":{"total":88,"covered":60,"skipped":0,"pct":68.18},"branches":{"total":30,"covered":18,"skipped":0,"pct":60}}
,"/Users/ulisses/Desktop/internal-snaps/packages/tron-wallet-snap/src/services/assets/mapControllerAsset.ts": {"lines":{"total":11,"covered":11,"skipped":0,"pct":100},"functions":{"total":1,"covered":1,"skipped":0,"pct":100},"statements":{"total":11,"covered":11,"skipped":0,"pct":100},"branches":{"total":9,"covered":9,"skipped":0,"pct":100}}
,"/Users/ulisses/Desktop/internal-snaps/packages/tron-wallet-snap/src/services/assets/snapOwnedAssets.ts": {"lines":{"total":4,"covered":4,"skipped":0,"pct":100},"functions":{"total":1,"covered":1,"skipped":0,"pct":100},"statements":{"total":4,"covered":4,"skipped":0,"pct":100},"branches":{"total":0,"covered":0,"skipped":0,"pct":100}}
,"/Users/ulisses/Desktop/internal-snaps/packages/tron-wallet-snap/src/services/assets/types.ts": {"lines":{"total":11,"covered":11,"skipped":0,"pct":100},"functions":{"total":0,"covered":0,"skipped":0,"pct":100},"statements":{"total":11,"covered":11,"skipped":0,"pct":100},"branches":{"total":0,"covered":0,"skipped":0,"pct":100}}
,"/Users/ulisses/Desktop/internal-snaps/packages/tron-wallet-snap/src/services/assets/adapters/CoreAssetsAdapter.ts": {"lines":{"total":21,"covered":15,"skipped":0,"pct":71.42},"functions":{"total":7,"covered":5,"skipped":0,"pct":71.42},"statements":{"total":21,"covered":15,"skipped":0,"pct":71.42},"branches":{"total":10,"covered":4,"skipped":0,"pct":40}}
,"/Users/ulisses/Desktop/internal-snaps/packages/tron-wallet-snap/src/services/assets/adapters/SnapAssetsAdapter.ts": {"lines":{"total":379,"covered":291,"skipped":0,"pct":76.78},"functions":{"total":72,"covered":52,"skipped":0,"pct":72.22},"statements":{"total":383,"covered":292,"skipped":0,"pct":76.24},"branches":{"total":185,"covered":101,"skipped":0,"pct":54.59}}
,"/Users/ulisses/Desktop/internal-snaps/packages/tron-wallet-snap/src/services/config/ConfigProvider.ts": {"lines":{"total":19,"covered":15,"skipped":0,"pct":78.94},"functions":{"total":5,"covered":3,"skipped":0,"pct":60},"statements":{"total":20,"covered":15,"skipped":0,"pct":75},"branches":{"total":10,"covered":4,"skipped":0,"pct":40}}
,"/Users/ulisses/Desktop/internal-snaps/packages/tron-wallet-snap/src/services/confirmation/ConfirmationHandler.ts": {"lines":{"total":69,"covered":64,"skipped":0,"pct":92.75},"functions":{"total":5,"covered":5,"skipped":0,"pct":100},"statements":{"total":69,"covered":64,"skipped":0,"pct":92.75},"branches":{"total":9,"covered":7,"skipped":0,"pct":77.77}}
,"/Users/ulisses/Desktop/internal-snaps/packages/tron-wallet-snap/src/services/send/FeeCalculatorService.ts": {"lines":{"total":173,"covered":163,"skipped":0,"pct":94.21},"functions":{"total":9,"covered":8,"skipped":0,"pct":88.88},"statements":{"total":176,"covered":166,"skipped":0,"pct":94.31},"branches":{"total":88,"covered":80,"skipped":0,"pct":90.9}}
,"/Users/ulisses/Desktop/internal-snaps/packages/tron-wallet-snap/src/services/send/SendService.ts": {"lines":{"total":85,"covered":74,"skipped":0,"pct":87.05},"functions":{"total":8,"covered":7,"skipped":0,"pct":87.5},"statements":{"total":85,"covered":74,"skipped":0,"pct":87.05},"branches":{"total":29,"covered":24,"skipped":0,"pct":82.75}}
,"/Users/ulisses/Desktop/internal-snaps/packages/tron-wallet-snap/src/services/send/errors.ts": {"lines":{"total":3,"covered":3,"skipped":0,"pct":100},"functions":{"total":1,"covered":1,"skipped":0,"pct":100},"statements":{"total":3,"covered":3,"skipped":0,"pct":100},"branches":{"total":0,"covered":0,"skipped":0,"pct":100}}
,"/Users/ulisses/Desktop/internal-snaps/packages/tron-wallet-snap/src/services/staking/StakingService.ts": {"lines":{"total":35,"covered":35,"skipped":0,"pct":100},"functions":{"total":9,"covered":9,"skipped":0,"pct":100},"statements":{"total":35,"covered":35,"skipped":0,"pct":100},"branches":{"total":8,"covered":8,"skipped":0,"pct":100}}
,"/Users/ulisses/Desktop/internal-snaps/packages/tron-wallet-snap/src/services/state/InMemoryState.ts": {"lines":{"total":13,"covered":13,"skipped":0,"pct":100},"functions":{"total":7,"covered":7,"skipped":0,"pct":100},"statements":{"total":13,"covered":13,"skipped":0,"pct":100},"branches":{"total":0,"covered":0,"skipped":0,"pct":100}}
,"/Users/ulisses/Desktop/internal-snaps/packages/tron-wallet-snap/src/services/state/State.ts": {"lines":{"total":58,"covered":54,"skipped":0,"pct":93.1},"functions":{"total":20,"covered":17,"skipped":0,"pct":85},"statements":{"total":59,"covered":55,"skipped":0,"pct":93.22},"branches":{"total":12,"covered":10,"skipped":0,"pct":83.33}}
,"/Users/ulisses/Desktop/internal-snaps/packages/tron-wallet-snap/src/services/transaction-expiration-refresher/TransactionExpirationRefresherService.ts": {"lines":{"total":76,"covered":76,"skipped":0,"pct":100},"functions":{"total":15,"covered":15,"skipped":0,"pct":100},"statements":{"total":76,"covered":76,"skipped":0,"pct":100},"branches":{"total":32,"covered":32,"skipped":0,"pct":100}}
,"/Users/ulisses/Desktop/internal-snaps/packages/tron-wallet-snap/src/services/transaction-scan/TransactionScanService.ts": {"lines":{"total":73,"covered":47,"skipped":0,"pct":64.38},"functions":{"total":5,"covered":4,"skipped":0,"pct":80},"statements":{"total":73,"covered":47,"skipped":0,"pct":64.38},"branches":{"total":87,"covered":44,"skipped":0,"pct":50.57}}
,"/Users/ulisses/Desktop/internal-snaps/packages/tron-wallet-snap/src/services/transaction-scan/buildExpiredScanResult.ts": {"lines":{"total":3,"covered":3,"skipped":0,"pct":100},"functions":{"total":0,"covered":0,"skipped":0,"pct":100},"statements":{"total":3,"covered":3,"skipped":0,"pct":100},"branches":{"total":0,"covered":0,"skipped":0,"pct":100}}
,"/Users/ulisses/Desktop/internal-snaps/packages/tron-wallet-snap/src/services/transaction-scan/isTransactionDeadlinePassedError.ts": {"lines":{"total":6,"covered":6,"skipped":0,"pct":100},"functions":{"total":1,"covered":1,"skipped":0,"pct":100},"statements":{"total":6,"covered":6,"skipped":0,"pct":100},"branches":{"total":5,"covered":5,"skipped":0,"pct":100}}
,"/Users/ulisses/Desktop/internal-snaps/packages/tron-wallet-snap/src/services/transaction-scan/types.ts": {"lines":{"total":11,"covered":11,"skipped":0,"pct":100},"functions":{"total":3,"covered":3,"skipped":0,"pct":100},"statements":{"total":11,"covered":11,"skipped":0,"pct":100},"branches":{"total":6,"covered":6,"skipped":0,"pct":100}}
,"/Users/ulisses/Desktop/internal-snaps/packages/tron-wallet-snap/src/services/transactions/TransactionsMapper.ts": {"lines":{"total":237,"covered":221,"skipped":0,"pct":93.24},"functions":{"total":14,"covered":13,"skipped":0,"pct":92.85},"statements":{"total":240,"covered":223,"skipped":0,"pct":92.91},"branches":{"total":156,"covered":120,"skipped":0,"pct":76.92}}
,"/Users/ulisses/Desktop/internal-snaps/packages/tron-wallet-snap/src/services/transactions/TransactionsRepository.ts": {"lines":{"total":29,"covered":11,"skipped":0,"pct":37.93},"functions":{"total":14,"covered":6,"skipped":0,"pct":42.85},"statements":{"total":31,"covered":12,"skipped":0,"pct":38.7},"branches":{"total":14,"covered":4,"skipped":0,"pct":28.57}}
,"/Users/ulisses/Desktop/internal-snaps/packages/tron-wallet-snap/src/services/transactions/TransactionsService.ts": {"lines":{"total":108,"covered":102,"skipped":0,"pct":94.44},"functions":{"total":14,"covered":14,"skipped":0,"pct":100},"statements":{"total":109,"covered":103,"skipped":0,"pct":94.49},"branches":{"total":37,"covered":31,"skipped":0,"pct":83.78}}
,"/Users/ulisses/Desktop/internal-snaps/packages/tron-wallet-snap/src/services/transactions/trc20LogParser.ts": {"lines":{"total":53,"covered":48,"skipped":0,"pct":90.56},"functions":{"total":9,"covered":9,"skipped":0,"pct":100},"statements":{"total":53,"covered":48,"skipped":0,"pct":90.56},"branches":{"total":34,"covered":31,"skipped":0,"pct":91.17}}
,"/Users/ulisses/Desktop/internal-snaps/packages/tron-wallet-snap/src/services/transactions/utils/isSpam.ts": {"lines":{"total":29,"covered":29,"skipped":0,"pct":100},"functions":{"total":8,"covered":8,"skipped":0,"pct":100},"statements":{"total":30,"covered":30,"skipped":0,"pct":100},"branches":{"total":25,"covered":25,"skipped":0,"pct":100}}
,"/Users/ulisses/Desktop/internal-snaps/packages/tron-wallet-snap/src/services/wallet/WalletService.ts": {"lines":{"total":79,"covered":78,"skipped":0,"pct":98.73},"functions":{"total":7,"covered":7,"skipped":0,"pct":100},"statements":{"total":79,"covered":78,"skipped":0,"pct":98.73},"branches":{"total":32,"covered":28,"skipped":0,"pct":87.5}}
,"/Users/ulisses/Desktop/internal-snaps/packages/tron-wallet-snap/src/static/tron-logo.ts": {"lines":{"total":1,"covered":1,"skipped":0,"pct":100},"functions":{"total":0,"covered":0,"skipped":0,"pct":100},"statements":{"total":1,"covered":1,"skipped":0,"pct":100},"branches":{"total":0,"covered":0,"skipped":0,"pct":100}}
,"/Users/ulisses/Desktop/internal-snaps/packages/tron-wallet-snap/src/types/analytics.ts": {"lines":{"total":9,"covered":9,"skipped":0,"pct":100},"functions":{"total":2,"covered":2,"skipped":0,"pct":100},"statements":{"total":9,"covered":9,"skipped":0,"pct":100},"branches":{"total":4,"covered":4,"skipped":0,"pct":100}}
,"/Users/ulisses/Desktop/internal-snaps/packages/tron-wallet-snap/src/types/snap.ts": {"lines":{"total":6,"covered":6,"skipped":0,"pct":100},"functions":{"total":1,"covered":1,"skipped":0,"pct":100},"statements":{"total":6,"covered":6,"skipped":0,"pct":100},"branches":{"total":2,"covered":2,"skipped":0,"pct":100}}
,"/Users/ulisses/Desktop/internal-snaps/packages/tron-wallet-snap/src/ui/confirmation/components/Fees.tsx": {"lines":{"total":19,"covered":12,"skipped":0,"pct":63.15},"functions":{"total":3,"covered":2,"skipped":0,"pct":66.66},"statements":{"total":20,"covered":13,"skipped":0,"pct":65},"branches":{"total":14,"covered":3,"skipped":0,"pct":21.42}}
,"/Users/ulisses/Desktop/internal-snaps/packages/tron-wallet-snap/src/ui/confirmation/components/Asset/Asset.tsx": {"lines":{"total":16,"covered":16,"skipped":0,"pct":100},"functions":{"total":1,"covered":1,"skipped":0,"pct":100},"statements":{"total":17,"covered":17,"skipped":0,"pct":100},"branches":{"total":29,"covered":22,"skipped":0,"pct":75.86}}
,"/Users/ulisses/Desktop/internal-snaps/packages/tron-wallet-snap/src/ui/confirmation/components/EstimatedChanges/EstimatedChanges.tsx": {"lines":{"total":32,"covered":31,"skipped":0,"pct":96.87},"functions":{"total":8,"covered":7,"skipped":0,"pct":87.5},"statements":{"total":35,"covered":34,"skipped":0,"pct":97.14},"branches":{"total":24,"covered":20,"skipped":0,"pct":83.33}}
,"/Users/ulisses/Desktop/internal-snaps/packages/tron-wallet-snap/src/ui/confirmation/components/TransactionAlert/TransactionAlert.tsx": {"lines":{"total":22,"covered":21,"skipped":0,"pct":95.45},"functions":{"total":1,"covered":1,"skipped":0,"pct":100},"statements":{"total":23,"covered":22,"skipped":0,"pct":95.65},"branches":{"total":16,"covered":14,"skipped":0,"pct":87.5}}
,"/Users/ulisses/Desktop/internal-snaps/packages/tron-wallet-snap/src/ui/confirmation/components/TransactionAlert/getErrorMessage.ts": {"lines":{"total":14,"covered":13,"skipped":0,"pct":92.85},"functions":{"total":1,"covered":1,"skipped":0,"pct":100},"statements":{"total":14,"covered":13,"skipped":0,"pct":92.85},"branches":{"total":12,"covered":9,"skipped":0,"pct":75}}
,"/Users/ulisses/Desktop/internal-snaps/packages/tron-wallet-snap/src/ui/confirmation/utils/getIconUrlForKnownAsset.ts": {"lines":{"total":5,"covered":4,"skipped":0,"pct":80},"functions":{"total":1,"covered":1,"skipped":0,"pct":100},"statements":{"total":6,"covered":5,"skipped":0,"pct":83.33},"branches":{"total":2,"covered":1,"skipped":0,"pct":50}}
,"/Users/ulisses/Desktop/internal-snaps/packages/tron-wallet-snap/src/ui/confirmation/views/ConfirmSignMessage/ConfirmSignMessage.tsx": {"lines":{"total":10,"covered":10,"skipped":0,"pct":100},"functions":{"total":1,"covered":1,"skipped":0,"pct":100},"statements":{"total":11,"covered":11,"skipped":0,"pct":100},"branches":{"total":4,"covered":2,"skipped":0,"pct":50}}
,"/Users/ulisses/Desktop/internal-snaps/packages/tron-wallet-snap/src/ui/confirmation/views/ConfirmSignMessage/events.tsx": {"lines":{"total":11,"covered":4,"skipped":0,"pct":36.36},"functions":{"total":6,"covered":1,"skipped":0,"pct":16.66},"statements":{"total":11,"covered":4,"skipped":0,"pct":36.36},"branches":{"total":2,"covered":2,"skipped":0,"pct":100}}
,"/Users/ulisses/Desktop/internal-snaps/packages/tron-wallet-snap/src/ui/confirmation/views/ConfirmSignMessage/render.tsx": {"lines":{"total":17,"covered":17,"skipped":0,"pct":100},"functions":{"total":3,"covered":3,"skipped":0,"pct":100},"statements":{"total":17,"covered":17,"skipped":0,"pct":100},"branches":{"total":0,"covered":0,"skipped":0,"pct":100}}
,"/Users/ulisses/Desktop/internal-snaps/packages/tron-wallet-snap/src/ui/confirmation/views/ConfirmSignTransaction/ConfirmSignTransaction.tsx": {"lines":{"total":22,"covered":21,"skipped":0,"pct":95.45},"functions":{"total":1,"covered":1,"skipped":0,"pct":100},"statements":{"total":23,"covered":22,"skipped":0,"pct":95.65},"branches":{"total":27,"covered":22,"skipped":0,"pct":81.48}}
,"/Users/ulisses/Desktop/internal-snaps/packages/tron-wallet-snap/src/ui/confirmation/views/ConfirmSignTransaction/events.tsx": {"lines":{"total":11,"covered":4,"skipped":0,"pct":36.36},"functions":{"total":6,"covered":1,"skipped":0,"pct":16.66},"statements":{"total":11,"covered":4,"skipped":0,"pct":36.36},"branches":{"total":2,"covered":2,"skipped":0,"pct":100}}
,"/Users/ulisses/Desktop/internal-snaps/packages/tron-wallet-snap/src/ui/confirmation/views/ConfirmSignTransaction/render.tsx": {"lines":{"total":89,"covered":88,"skipped":0,"pct":98.87},"functions":{"total":5,"covered":4,"skipped":0,"pct":80},"statements":{"total":89,"covered":88,"skipped":0,"pct":98.87},"branches":{"total":27,"covered":21,"skipped":0,"pct":77.77}}
,"/Users/ulisses/Desktop/internal-snaps/packages/tron-wallet-snap/src/ui/confirmation/views/ConfirmSignTransaction/types.ts": {"lines":{"total":1,"covered":1,"skipped":0,"pct":100},"functions":{"total":0,"covered":0,"skipped":0,"pct":100},"statements":{"total":1,"covered":1,"skipped":0,"pct":100},"branches":{"total":0,"covered":0,"skipped":0,"pct":100}}
,"/Users/ulisses/Desktop/internal-snaps/packages/tron-wallet-snap/src/ui/confirmation/views/ConfirmTransactionRequest/ConfirmTransactionRequest.tsx": {"lines":{"total":20,"covered":19,"skipped":0,"pct":95},"functions":{"total":1,"covered":1,"skipped":0,"pct":100},"statements":{"total":21,"covered":20,"skipped":0,"pct":95.23},"branches":{"total":22,"covered":18,"skipped":0,"pct":81.81}}
,"/Users/ulisses/Desktop/internal-snaps/packages/tron-wallet-snap/src/ui/confirmation/views/ConfirmTransactionRequest/events.tsx": {"lines":{"total":11,"covered":4,"skipped":0,"pct":36.36},"functions":{"total":6,"covered":1,"skipped":0,"pct":16.66},"statements":{"total":11,"covered":4,"skipped":0,"pct":36.36},"branches":{"total":2,"covered":2,"skipped":0,"pct":100}}
,"/Users/ulisses/Desktop/internal-snaps/packages/tron-wallet-snap/src/ui/confirmation/views/ConfirmTransactionRequest/render.tsx": {"lines":{"total":42,"covered":40,"skipped":0,"pct":95.23},"functions":{"total":2,"covered":1,"skipped":0,"pct":50},"statements":{"total":42,"covered":40,"skipped":0,"pct":95.23},"branches":{"total":12,"covered":9,"skipped":0,"pct":75}}
,"/Users/ulisses/Desktop/internal-snaps/packages/tron-wallet-snap/src/ui/confirmation/views/ConfirmTransactionRequest/types.ts": {"lines":{"total":1,"covered":1,"skipped":0,"pct":100},"functions":{"total":0,"covered":0,"skipped":0,"pct":100},"statements":{"total":1,"covered":1,"skipped":0,"pct":100},"branches":{"total":0,"covered":0,"skipped":0,"pct":100}}
,"/Users/ulisses/Desktop/internal-snaps/packages/tron-wallet-snap/src/utils/assertOrThrow.ts": {"lines":{"total":6,"covered":6,"skipped":0,"pct":100},"functions":{"total":1,"covered":1,"skipped":0,"pct":100},"statements":{"total":6,"covered":6,"skipped":0,"pct":100},"branches":{"total":0,"covered":0,"skipped":0,"pct":100}}
,"/Users/ulisses/Desktop/internal-snaps/packages/tron-wallet-snap/src/utils/buildUrl.ts": {"lines":{"total":27,"covered":26,"skipped":0,"pct":96.29},"functions":{"total":5,"covered":5,"skipped":0,"pct":100},"statements":{"total":27,"covered":26,"skipped":0,"pct":96.29},"branches":{"total":13,"covered":11,"skipped":0,"pct":84.61}}
,"/Users/ulisses/Desktop/internal-snaps/packages/tron-wallet-snap/src/utils/conversion.ts": {"lines":{"total":10,"covered":10,"skipped":0,"pct":100},"functions":{"total":4,"covered":4,"skipped":0,"pct":100},"statements":{"total":14,"covered":14,"skipped":0,"pct":100},"branches":{"total":0,"covered":0,"skipped":0,"pct":100}}
,"/Users/ulisses/Desktop/internal-snaps/packages/tron-wallet-snap/src/utils/deriveTronFromCoinTypeNode.ts": {"lines":{"total":25,"covered":25,"skipped":0,"pct":100},"functions":{"total":4,"covered":4,"skipped":0,"pct":100},"statements":{"total":25,"covered":25,"skipped":0,"pct":100},"branches":{"total":4,"covered":4,"skipped":0,"pct":100}}
,"/Users/ulisses/Desktop/internal-snaps/packages/tron-wallet-snap/src/utils/errors.ts": {"lines":{"total":16,"covered":16,"skipped":0,"pct":100},"functions":{"total":4,"covered":3,"skipped":0,"pct":75},"statements":{"total":19,"covered":19,"skipped":0,"pct":100},"branches":{"total":4,"covered":4,"skipped":0,"pct":100}}
,"/Users/ulisses/Desktop/internal-snaps/packages/tron-wallet-snap/src/utils/executeOnChainActions.ts": {"lines":{"total":9,"covered":9,"skipped":0,"pct":100},"functions":{"total":1,"covered":1,"skipped":0,"pct":100},"statements":{"total":9,"covered":9,"skipped":0,"pct":100},"branches":{"total":0,"covered":0,"skipped":0,"pct":100}}
,"/Users/ulisses/Desktop/internal-snaps/packages/tron-wallet-snap/src/utils/formatAmount.ts": {"lines":{"total":6,"covered":6,"skipped":0,"pct":100},"functions":{"total":1,"covered":1,"skipped":0,"pct":100},"statements":{"total":6,"covered":6,"skipped":0,"pct":100},"branches":{"total":2,"covered":2,"skipped":0,"pct":100}}
,"/Users/ulisses/Desktop/internal-snaps/packages/tron-wallet-snap/src/utils/formatFiat.ts": {"lines":{"total":6,"covered":2,"skipped":0,"pct":33.33},"functions":{"total":1,"covered":0,"skipped":0,"pct":0},"statements":{"total":6,"covered":2,"skipped":0,"pct":33.33},"branches":{"total":0,"covered":0,"skipped":0,"pct":100}}
,"/Users/ulisses/Desktop/internal-snaps/packages/tron-wallet-snap/src/utils/formatOrigin.ts": {"lines":{"total":8,"covered":8,"skipped":0,"pct":100},"functions":{"total":1,"covered":1,"skipped":0,"pct":100},"statements":{"total":8,"covered":8,"skipped":0,"pct":100},"branches":{"total":4,"covered":4,"skipped":0,"pct":100}}
,"/Users/ulisses/Desktop/internal-snaps/packages/tron-wallet-snap/src/utils/getExplorerUrl.ts": {"lines":{"total":7,"covered":7,"skipped":0,"pct":100},"functions":{"total":1,"covered":1,"skipped":0,"pct":100},"statements":{"total":7,"covered":7,"skipped":0,"pct":100},"branches":{"total":0,"covered":0,"skipped":0,"pct":100}}
,"/Users/ulisses/Desktop/internal-snaps/packages/tron-wallet-snap/src/utils/getLowestUnusedIndex.ts": {"lines":{"total":12,"covered":9,"skipped":0,"pct":75},"functions":{"total":3,"covered":2,"skipped":0,"pct":66.66},"statements":{"total":12,"covered":9,"skipped":0,"pct":75},"branches":{"total":4,"covered":2,"skipped":0,"pct":50}}
,"/Users/ulisses/Desktop/internal-snaps/packages/tron-wallet-snap/src/utils/hex.ts": {"lines":{"total":13,"covered":10,"skipped":0,"pct":76.92},"functions":{"total":1,"covered":1,"skipped":0,"pct":100},"statements":{"total":14,"covered":11,"skipped":0,"pct":78.57},"branches":{"total":8,"covered":5,"skipped":0,"pct":62.5}}
,"/Users/ulisses/Desktop/internal-snaps/packages/tron-wallet-snap/src/utils/i18n.ts": {"lines":{"total":13,"covered":13,"skipped":0,"pct":100},"functions":{"total":3,"covered":3,"skipped":0,"pct":100},"statements":{"total":13,"covered":13,"skipped":0,"pct":100},"branches":{"total":10,"covered":7,"skipped":0,"pct":70}}
,"/Users/ulisses/Desktop/internal-snaps/packages/tron-wallet-snap/src/utils/isFetchStatusLoadingOrFetching.ts": {"lines":{"total":3,"covered":3,"skipped":0,"pct":100},"functions":{"total":1,"covered":1,"skipped":0,"pct":100},"statements":{"total":3,"covered":3,"skipped":0,"pct":100},"branches":{"total":2,"covered":2,"skipped":0,"pct":100}}
,"/Users/ulisses/Desktop/internal-snaps/packages/tron-wallet-snap/src/utils/logger.ts": {"lines":{"total":18,"covered":15,"skipped":0,"pct":83.33},"functions":{"total":12,"covered":6,"skipped":0,"pct":50},"statements":{"total":19,"covered":16,"skipped":0,"pct":84.21},"branches":{"total":4,"covered":2,"skipped":0,"pct":50}}
,"/Users/ulisses/Desktop/internal-snaps/packages/tron-wallet-snap/src/utils/mockLogger.ts": {"lines":{"total":1,"covered":1,"skipped":0,"pct":100},"functions":{"total":0,"covered":0,"skipped":0,"pct":100},"statements":{"total":1,"covered":1,"skipped":0,"pct":100},"branches":{"total":0,"covered":0,"skipped":0,"pct":100}}
,"/Users/ulisses/Desktop/internal-snaps/packages/tron-wallet-snap/src/utils/safeMerge.ts": {"lines":{"total":3,"covered":3,"skipped":0,"pct":100},"functions":{"total":2,"covered":2,"skipped":0,"pct":100},"statements":{"total":4,"covered":4,"skipped":0,"pct":100},"branches":{"total":5,"covered":5,"skipped":0,"pct":100}}
,"/Users/ulisses/Desktop/internal-snaps/packages/tron-wallet-snap/src/utils/sanitize.ts": {"lines":{"total":17,"covered":14,"skipped":0,"pct":82.35},"functions":{"total":2,"covered":2,"skipped":0,"pct":100},"statements":{"total":17,"covered":14,"skipped":0,"pct":82.35},"branches":{"total":12,"covered":9,"skipped":0,"pct":75}}
,"/Users/ulisses/Desktop/internal-snaps/packages/tron-wallet-snap/src/utils/sensitiveErrors.ts": {"lines":{"total":16,"covered":16,"skipped":0,"pct":100},"functions":{"total":4,"covered":4,"skipped":0,"pct":100},"statements":{"total":17,"covered":17,"skipped":0,"pct":100},"branches":{"total":12,"covered":11,"skipped":0,"pct":91.66}}
,"/Users/ulisses/Desktop/internal-snaps/packages/tron-wallet-snap/src/utils/tokenToFiat.ts": {"lines":{"total":4,"covered":2,"skipped":0,"pct":50},"functions":{"total":1,"covered":0,"skipped":0,"pct":0},"statements":{"total":4,"covered":2,"skipped":0,"pct":50},"branches":{"total":0,"covered":0,"skipped":0,"pct":100}}
,"/Users/ulisses/Desktop/internal-snaps/packages/tron-wallet-snap/src/utils/serialization/deserialize.ts": {"lines":{"total":18,"covered":18,"skipped":0,"pct":100},"functions":{"total":2,"covered":2,"skipped":0,"pct":100},"statements":{"total":20,"covered":20,"skipped":0,"pct":100},"branches":{"total":10,"covered":10,"skipped":0,"pct":100}}
,"/Users/ulisses/Desktop/internal-snaps/packages/tron-wallet-snap/src/utils/serialization/serialize.ts": {"lines":{"total":16,"covered":16,"skipped":0,"pct":100},"functions":{"total":2,"covered":2,"skipped":0,"pct":100},"statements":{"total":17,"covered":17,"skipped":0,"pct":100},"branches":{"total":8,"covered":8,"skipped":0,"pct":100}}
,"/Users/ulisses/Desktop/internal-snaps/packages/tron-wallet-snap/src/validation/structs.ts": {"lines":{"total":77,"covered":74,"skipped":0,"pct":96.1},"functions":{"total":3,"covered":3,"skipped":0,"pct":100},"statements":{"total":77,"covered":74,"skipped":0,"pct":96.1},"branches":{"total":42,"covered":39,"skipped":0,"pct":92.85}}
,"/Users/ulisses/Desktop/internal-snaps/packages/tron-wallet-snap/src/validation/transaction.ts": {"lines":{"total":44,"covered":41,"skipped":0,"pct":93.18},"functions":{"total":6,"covered":6,"skipped":0,"pct":100},"statements":{"total":44,"covered":41,"skipped":0,"pct":93.18},"branches":{"total":28,"covered":21,"skipped":0,"pct":75}}
,"/Users/ulisses/Desktop/internal-snaps/packages/tron-wallet-snap/src/validation/validators.ts": {"lines":{"total":16,"covered":12,"skipped":0,"pct":75},"functions":{"total":3,"covered":2,"skipped":0,"pct":66.66},"statements":{"total":17,"covered":13,"skipped":0,"pct":76.47},"branches":{"total":4,"covered":0,"skipped":0,"pct":0}}
}
