TN:
SF:src/context.ts
FNF:0
FNH:0
DA:1,1
DA:3,1
DA:4,1
DA:5,1
DA:6,1
DA:7,1
DA:8,1
DA:9,1
DA:10,1
DA:11,1
DA:12,1
DA:13,1
DA:14,1
DA:15,1
DA:16,1
DA:17,1
DA:18,1
DA:19,1
DA:20,1
DA:21,1
DA:22,1
DA:23,1
DA:24,1
DA:25,1
DA:26,1
DA:28,1
DA:29,1
DA:30,1
DA:31,1
DA:32,1
DA:33,1
DA:35,1
DA:46,1
DA:48,1
DA:59,1
DA:62,1
DA:63,1
DA:64,1
DA:67,1
DA:71,1
DA:72,1
DA:77,1
DA:82,1
DA:83,1
DA:86,1
DA:88,1
DA:91,1
DA:97,1
DA:109,1
DA:118,1
DA:127,1
DA:135,1
DA:139,1
DA:149,1
DA:156,1
DA:162,1
DA:168,1
DA:179,1
DA:183,1
DA:196,1
DA:206,1
DA:215,1
DA:218,1
DA:255,1
DA:291,1
DA:292,1
DA:293,1
DA:294,1
DA:295,1
DA:296,1
DA:299,1
LF:71
LH:71
BRF:0
BRH:0
end_of_record
TN:
SF:src/permissions.ts
FNF:0
FNH:0
DA:1,4
DA:3,4
DA:6,4
DA:8,4
DA:9,4
DA:11,4
DA:29,4
DA:45,4
DA:47,4
DA:49,4
DA:50,4
DA:52,4
LF:12
LH:12
BRDA:9,0,0,0
BRDA:9,0,1,4
BRDA:11,1,0,0
BRDA:11,1,1,4
BRF:4
BRH:2
end_of_record
TN:
SF:src/caching/InMemoryCache.ts
FN:19,(anonymous_0)
FN:55,(anonymous_1)
FN:60,(anonymous_2)
FN:76,(anonymous_3)
FN:81,(anonymous_4)
FN:85,(anonymous_5)
FN:99,(anonymous_6)
FN:104,(anonymous_7)
FN:109,(anonymous_8)
FN:123,(anonymous_9)
FN:145,(anonymous_10)
FN:159,(anonymous_11)
FN:163,(anonymous_12)
FN:177,(anonymous_13)
FN:179,(anonymous_14)
FNF:15
FNH:10
FNDA:38,(anonymous_0)
FNDA:7,(anonymous_1)
FNDA:8,(anonymous_2)
FNDA:0,(anonymous_3)
FNDA:0,(anonymous_4)
FNDA:0,(anonymous_5)
FNDA:0,(anonymous_6)
FNDA:0,(anonymous_7)
FNDA:2,(anonymous_8)
FNDA:15,(anonymous_9)
FNDA:7,(anonymous_10)
FNDA:8,(anonymous_11)
FNDA:8,(anonymous_12)
FNDA:15,(anonymous_13)
FNDA:1,(anonymous_14)
DA:1,3
DA:14,3
DA:15,38
DA:20,38
DA:24,16
DA:25,0
DA:28,16
DA:29,0
DA:32,16
DA:33,0
DA:36,16
DA:37,0
DA:42,4
DA:46,15
DA:47,15
DA:48,3
DA:49,1
DA:52,15
DA:56,7
DA:57,7
DA:65,8
DA:67,8
DA:77,0
DA:78,0
DA:82,0
DA:86,0
DA:87,0
DA:88,0
DA:91,0
DA:92,0
DA:93,0
DA:96,0
DA:100,0
DA:101,0
DA:105,0
DA:106,0
DA:110,2
DA:111,2
DA:112,1
DA:115,1
DA:116,0
DA:117,0
DA:120,1
DA:126,15
DA:128,15
DA:130,15
DA:131,21
DA:132,21
DA:133,20
DA:134,20
DA:135,20
DA:138,1
DA:139,1
DA:142,15
DA:148,7
DA:149,1
DA:152,6
DA:153,2
DA:154,2
DA:155,2
DA:156,2
DA:159,4
DA:160,8
DA:163,4
DA:164,8
DA:165,0
DA:167,8
DA:178,15
DA:179,1
LF:69
LH:48
BRDA:24,0,0,0
BRDA:24,0,1,16
BRDA:28,1,0,0
BRDA:28,1,1,16
BRDA:32,2,0,0
BRDA:32,2,1,16
BRDA:36,3,0,0
BRDA:36,3,1,16
BRDA:48,4,0,1
BRDA:48,4,1,2
BRDA:63,5,0,0
BRDA:70,6,0,8
BRDA:70,6,1,0
BRDA:78,7,0,0
BRDA:78,7,1,0
BRDA:87,8,0,0
BRDA:87,8,1,0
BRDA:91,9,0,0
BRDA:91,9,1,0
BRDA:111,10,0,1
BRDA:111,10,1,1
BRDA:115,11,0,0
BRDA:115,11,1,1
BRDA:132,12,0,20
BRDA:132,12,1,1
BRDA:148,13,0,1
BRDA:148,13,1,6
BRDA:152,14,0,2
BRDA:152,14,1,4
BRDA:164,15,0,0
BRDA:164,15,1,8
BRDA:170,16,0,8
BRDA:170,16,1,0
BRF:33
BRH:18
end_of_record
TN:
SF:src/caching/StateCache.ts
FN:79,(anonymous_0)
FN:89,(anonymous_1)
FN:94,(anonymous_2)
FN:128,(anonymous_3)
FN:133,(anonymous_4)
FN:137,(anonymous_5)
FN:142,(anonymous_6)
FN:148,(anonymous_7)
FN:154,(anonymous_8)
FN:161,(anonymous_9)
FN:171,(anonymous_10)
FN:176,(anonymous_11)
FN:180,(anonymous_12)
FN:185,(anonymous_13)
FN:202,(anonymous_14)
FN:212,(anonymous_15)
FN:226,(anonymous_16)
FN:231,(anonymous_17)
FN:233,(anonymous_18)
FN:250,(anonymous_19)
FN:254,(anonymous_20)
FN:256,(anonymous_21)
FNF:22
FNH:22
FNDA:48,(anonymous_0)
FNDA:14,(anonymous_1)
FNDA:12,(anonymous_2)
FNDA:2,(anonymous_3)
FNDA:2,(anonymous_4)
FNDA:3,(anonymous_5)
FNDA:2,(anonymous_6)
FNDA:2,(anonymous_7)
FNDA:4,(anonymous_8)
FNDA:25,(anonymous_9)
FNDA:25,(anonymous_10)
FNDA:21,(anonymous_11)
FNDA:6,(anonymous_12)
FNDA:21,(anonymous_13)
FNDA:29,(anonymous_14)
FNDA:8,(anonymous_15)
FNDA:6,(anonymous_16)
FNDA:3,(anonymous_17)
FNDA:6,(anonymous_18)
FNDA:27,(anonymous_19)
FNDA:27,(anonymous_20)
FNDA:14,(anonymous_21)
DA:1,2
DA:72,2
DA:84,48
DA:85,48
DA:86,48
DA:90,14
DA:91,14
DA:99,12
DA:101,8
DA:111,18
DA:112,6
DA:115,12
DA:116,2
DA:119,10
DA:120,1
DA:123,9
DA:124,1
DA:129,2
DA:130,2
DA:134,2
DA:138,3
DA:139,3
DA:143,2
DA:145,2
DA:149,2
DA:151,2
DA:155,4
DA:156,4
DA:158,4
DA:164,25
DA:167,25
DA:168,3
DA:171,22
DA:172,25
DA:175,22
DA:177,21
DA:180,22
DA:182,22
DA:185,22
DA:186,21
DA:187,0
DA:188,0
DA:189,0
DA:192,21
DA:193,6
DA:194,6
DA:196,15
DA:197,15
DA:202,22
DA:203,29
DA:204,8
DA:205,8
DA:209,22
DA:215,8
DA:216,1
DA:219,7
DA:220,4
DA:221,4
DA:222,4
DA:223,3
DA:226,3
DA:227,6
DA:231,3
DA:232,3
DA:233,3
DA:234,6
DA:235,1
DA:237,5
DA:245,3
DA:246,3
DA:251,27
DA:254,27
DA:255,27
DA:256,27
DA:257,14
DA:258,4
DA:260,10
DA:261,10
DA:264,27
DA:265,27
DA:268,27
LF:81
LH:78
BRDA:81,0,0,47
BRDA:82,1,0,46
BRDA:97,2,0,5
BRDA:104,3,0,8
BRDA:104,3,1,0
BRDA:111,4,0,6
BRDA:111,4,1,12
BRDA:115,5,0,2
BRDA:115,5,1,10
BRDA:119,6,0,1
BRDA:119,6,1,9
BRDA:123,7,0,1
BRDA:123,7,1,8
BRDA:130,8,0,2
BRDA:130,8,1,0
BRDA:145,9,0,2
BRDA:145,9,1,1
BRDA:151,10,0,2
BRDA:151,10,1,1
BRDA:167,11,0,3
BRDA:167,11,1,22
BRDA:177,12,0,21
BRDA:177,12,1,21
BRDA:186,13,0,0
BRDA:186,13,1,21
BRDA:192,14,0,6
BRDA:192,14,1,15
BRDA:203,15,0,8
BRDA:203,15,1,21
BRDA:215,16,0,1
BRDA:215,16,1,7
BRDA:219,17,0,4
BRDA:219,17,1,3
BRDA:232,18,0,3
BRDA:232,18,1,2
BRDA:234,19,0,1
BRDA:234,19,1,5
BRDA:240,20,0,5
BRDA:240,20,1,5
BRDA:255,21,0,27
BRDA:255,21,1,1
BRDA:257,22,0,4
BRDA:257,22,1,10
BRF:43
BRH:40
end_of_record
TN:
SF:src/caching/useCache.ts
FN:37,(anonymous_1)
FN:38,(anonymous_2)
FN:55,(anonymous_3)
FN:66,(anonymous_4)
FN:87,(anonymous_5)
FNF:5
FNH:5
FNDA:15,(anonymous_1)
FNDA:5,(anonymous_2)
FNDA:41,(anonymous_3)
FNDA:16,(anonymous_4)
FNDA:1,(anonymous_5)
DA:3,3
DA:37,3
DA:38,15
DA:55,3
DA:61,41
DA:64,41
DA:66,41
DA:67,16
DA:70,16
DA:71,16
DA:73,15
DA:75,5
DA:79,1
DA:83,11
DA:87,10
DA:88,1
DA:91,10
LF:17
LH:17
BRDA:61,0,0,41
BRDA:61,0,1,40
BRDA:64,1,0,41
BRDA:64,1,1,1
BRDA:64,1,2,1
BRDA:73,2,0,5
BRDA:73,2,1,10
BRF:7
BRH:7
end_of_record
TN:
SF:src/caching/useCacheUntil.ts
FN:39,(anonymous_1)
FN:40,(anonymous_2)
FN:59,(anonymous_3)
FN:78,(anonymous_4)
FN:108,(anonymous_5)
FNF:5
FNH:5
FNDA:29,(anonymous_1)
FNDA:8,(anonymous_2)
FNDA:54,(anonymous_3)
FNDA:30,(anonymous_4)
FNDA:2,(anonymous_5)
DA:1,3
DA:39,3
DA:40,29
DA:59,3
DA:70,54
DA:73,54
DA:76,54
DA:78,54
DA:79,30
DA:80,30
DA:86,30
DA:87,30
DA:88,28
DA:89,28
DA:91,26
DA:93,5
DA:97,2
DA:102,25
DA:105,24
DA:108,24
DA:109,2
DA:113,24
DA:115,24
LF:23
LH:23
BRDA:70,0,0,54
BRDA:70,0,1,53
BRDA:73,1,0,54
BRDA:73,1,1,1
BRDA:73,1,2,1
BRDA:87,2,0,28
BRDA:87,2,1,2
BRDA:87,3,0,30
BRDA:87,3,1,7
BRDA:91,4,0,5
BRDA:91,4,1,21
BRF:11
BRH:11
end_of_record
TN:
SF:src/clients/price-api/PriceApiClient.ts
FN:49,(anonymous_1)
FN:69,(anonymous_2)
FN:120,(anonymous_3)
FN:146,(anonymous_4)
FN:152,(anonymous_5)
FN:185,(anonymous_6)
FN:189,(anonymous_7)
FN:208,(anonymous_8)
FN:213,(anonymous_9)
FN:230,(anonymous_10)
FN:252,(anonymous_11)
FN:260,(anonymous_12)
FN:315,(anonymous_13)
FNF:13
FNH:13
FNDA:22,(anonymous_1)
FNDA:3,(anonymous_2)
FNDA:9,(anonymous_3)
FNDA:4,(anonymous_4)
FNDA:6,(anonymous_5)
FNDA:24,(anonymous_6)
FNDA:18,(anonymous_7)
FNDA:18,(anonymous_8)
FNDA:18,(anonymous_9)
FNDA:5,(anonymous_10)
FNDA:14,(anonymous_11)
FNDA:19,(anonymous_12)
FNDA:2,(anonymous_13)
DA:4,2
DA:5,2
DA:6,2
DA:9,2
DA:10,2
DA:12,2
DA:14,2
DA:16,2
DA:24,2
DA:32,2
DA:56,22
DA:58,22
DA:60,21
DA:61,21
DA:62,21
DA:63,21
DA:64,21
DA:66,21
DA:70,3
DA:71,3
DA:76,3
DA:78,2
DA:79,1
DA:82,1
DA:83,1
DA:85,1
DA:87,2
DA:88,2
DA:103,9
DA:104,9
DA:107,9
DA:108,9
DA:109,9
DA:113,9
DA:119,9
DA:121,9
DA:131,9
DA:133,7
DA:134,1
DA:137,6
DA:138,5
DA:140,4
DA:145,4
DA:146,4
DA:151,4
DA:152,6
DA:159,4
DA:161,5
DA:162,5
DA:180,11
DA:182,11
DA:185,11
DA:186,24
DA:189,11
DA:190,18
DA:191,18
DA:193,18
DA:194,1
DA:197,17
DA:201,11
DA:206,11
DA:208,18
DA:212,10
DA:214,18
DA:217,10
DA:218,1
DA:222,9
DA:228,4
DA:230,5
DA:238,4
DA:256,14
DA:257,13
DA:259,11
DA:260,19
DA:263,11
DA:280,1
DA:295,1
DA:296,1
DA:297,1
DA:299,1
DA:318,2
DA:320,2
LF:82
LH:82
BRDA:52,0,0,1
BRDA:53,1,0,1
BRDA:78,2,0,1
BRDA:78,2,1,1
BRDA:133,3,0,1
BRDA:133,3,1,6
BRDA:193,4,0,1
BRDA:193,4,1,17
BRDA:217,5,0,1
BRDA:217,5,1,9
BRDA:254,6,0,11
BRDA:287,7,0,1
BRDA:287,7,1,1
BRDA:288,8,0,1
BRDA:288,8,1,1
BRDA:289,9,0,1
BRDA:289,9,1,1
BRDA:290,10,0,1
BRDA:290,10,1,1
BRF:19
BRH:19
end_of_record
TN:
SF:src/clients/price-api/types.ts
FNF:0
FNH:0
DA:2,4
DA:18,4
DA:24,4
DA:43,4
DA:106,4
DA:112,4
DA:124,4
DA:138,4
DA:154,4
DA:210,4
DA:219,4
DA:222,4
DA:234,4
DA:244,4
LF:14
LH:14
BRF:0
BRH:0
end_of_record
TN:
SF:src/clients/price-api/mocks/exchange-rates.ts
FNF:0
FNH:0
DA:7,1
LF:1
LH:1
BRF:0
BRH:0
end_of_record
TN:
SF:src/clients/price-api/mocks/historical-prices.ts
FNF:0
FNH:0
DA:1,1
LF:1
LH:1
BRF:0
BRH:0
end_of_record
TN:
SF:src/clients/price-api/mocks/spot-prices.ts
FNF:0
FNH:0
DA:3,1
LF:1
LH:1
BRF:0
BRH:0
end_of_record
TN:
SF:src/clients/security-alerts-api/SecurityAlertsApiClient.ts
FN:40,(anonymous_0)
FN:64,(anonymous_1)
FN:80,(anonymous_2)
FNF:3
FNH:2
FNDA:8,(anonymous_0)
FNDA:1,(anonymous_1)
FNDA:0,(anonymous_2)
DA:3,3
DA:4,3
DA:7,3
DA:9,3
DA:10,3
DA:12,3
DA:22,3
DA:27,3
DA:43,8
DA:44,8
DA:45,0
DA:47,8
DA:65,1
DA:66,1
DA:67,1
DA:91,0
DA:93,0
DA:97,0
DA:100,0
DA:106,0
DA:108,0
DA:109,0
DA:112,0
DA:128,0
DA:129,0
DA:130,0
DA:133,0
DA:138,0
DA:139,0
DA:141,0
LF:30
LH:14
BRDA:44,0,0,0
BRDA:44,0,1,8
BRDA:84,1,0,0
BRDA:93,2,0,0
BRDA:93,2,1,0
BRDA:94,3,0,0
BRDA:94,3,1,0
BRDA:108,4,0,0
BRDA:108,4,1,0
BRDA:128,5,0,0
BRDA:128,5,1,0
BRF:11
BRH:1
end_of_record
TN:
SF:src/clients/security-alerts-api/structs.ts
FNF:0
FNH:0
DA:2,3
DA:15,3
DA:22,3
DA:30,3
DA:39,3
DA:45,3
DA:54,3
DA:61,3
DA:65,3
DA:70,3
DA:76,3
DA:85,3
DA:96,3
LF:13
LH:13
BRF:0
BRH:0
end_of_record
TN:
SF:src/clients/security-alerts-api/utils.ts
FN:21,extractScanParametersFromTransactionData
FN:67,buildTransactionRawData
FNF:2
FNH:2
FNDA:5,extractScanParametersFromTransactionData
FNDA:2,buildTransactionRawData
DA:1,5
DA:2,5
DA:21,5
DA:24,5
DA:26,5
DA:27,1
DA:30,4
DA:32,4
DA:33,4
DA:34,2
DA:35,2
DA:36,2
DA:39,4
DA:40,4
DA:41,1
DA:42,3
DA:43,2
DA:46,4
DA:47,4
DA:48,2
DA:51,4
DA:67,5
DA:80,2
DA:82,2
DA:83,1
DA:105,1
LF:26
LH:26
BRDA:26,0,0,1
BRDA:26,0,1,4
BRDA:33,1,0,2
BRDA:33,1,1,2
BRDA:33,2,0,4
BRDA:33,2,1,2
BRDA:35,3,0,2
BRDA:35,3,1,0
BRDA:35,4,0,2
BRDA:35,4,1,2
BRDA:40,5,0,1
BRDA:40,5,1,3
BRDA:40,6,0,4
BRDA:40,6,1,1
BRDA:42,7,0,2
BRDA:42,7,1,1
BRDA:42,8,0,3
BRDA:42,8,1,2
BRDA:47,9,0,2
BRDA:47,9,1,2
BRDA:47,10,0,4
BRDA:47,10,1,2
BRDA:82,11,0,1
BRDA:82,11,1,1
BRDA:91,12,0,1
BRDA:91,12,1,0
BRDA:92,13,0,0
BRDA:92,13,1,1
BRF:28
BRH:25
end_of_record
TN:
SF:src/clients/snap/SnapClient.ts
FN:26,(anonymous_0)
FN:39,(anonymous_1)
FN:65,(anonymous_2)
FN:88,(anonymous_3)
FN:111,(anonymous_4)
FN:135,(anonymous_5)
FN:154,(anonymous_6)
FN:168,(anonymous_7)
FN:179,(anonymous_8)
FN:194,(anonymous_9)
FN:220,(anonymous_10)
FN:232,(anonymous_11)
FN:261,(anonymous_12)
FN:284,(anonymous_13)
FN:305,(anonymous_14)
FN:326,(anonymous_15)
FN:347,(anonymous_16)
FN:368,(anonymous_17)
FN:392,(anonymous_18)
FN:421,(anonymous_19)
FNF:20
FNH:5
FNDA:12,(anonymous_0)
FNDA:0,(anonymous_1)
FNDA:0,(anonymous_2)
FNDA:1,(anonymous_3)
FNDA:2,(anonymous_4)
FNDA:0,(anonymous_5)
FNDA:0,(anonymous_6)
FNDA:0,(anonymous_7)
FNDA:0,(anonymous_8)
FNDA:0,(anonymous_9)
FNDA:0,(anonymous_10)
FNDA:1,(anonymous_11)
FNDA:4,(anonymous_12)
FNDA:0,(anonymous_13)
FNDA:0,(anonymous_14)
FNDA:0,(anonymous_15)
FNDA:0,(anonymous_16)
FNDA:0,(anonymous_17)
FNDA:0,(anonymous_18)
FNDA:0,(anonymous_19)
DA:3,5
DA:13,5
DA:15,5
DA:17,5
DA:23,5
DA:27,12
DA:48,0
DA:71,0
DA:95,1
DA:114,2
DA:121,2
DA:122,1
DA:125,1
DA:139,0
DA:155,0
DA:169,0
DA:180,0
DA:203,0
DA:221,0
DA:236,1
DA:237,1
DA:247,1
DA:262,4
DA:263,4
DA:268,2
DA:272,2
DA:289,0
DA:310,0
DA:331,0
DA:352,0
DA:373,0
DA:400,0
DA:428,0
LF:33
LH:18
BRDA:53,0,0,0
BRDA:53,0,1,0
BRDA:121,1,0,1
BRDA:121,1,1,1
BRDA:196,2,0,0
BRF:5
BRH:2
end_of_record
TN:
SF:src/clients/token-api/TokenApiClient.ts
FN:43,(anonymous_1)
FN:87,(anonymous_2)
FN:96,(anonymous_3)
FN:123,(anonymous_4)
FN:137,(anonymous_5)
FN:139,(anonymous_6)
FNF:6
FNH:6
FNDA:10,(anonymous_1)
FNDA:7,(anonymous_2)
FNDA:68,(anonymous_3)
FNDA:6,(anonymous_4)
FNDA:64,(anonymous_5)
FNDA:245,(anonymous_6)
DA:2,2
DA:4,2
DA:6,2
DA:8,2
DA:10,2
DA:12,2
DA:13,2
DA:14,2
DA:16,2
DA:18,2
DA:26,2
DA:37,2
DA:48,10
DA:49,10
DA:51,10
DA:52,10
DA:54,10
DA:56,9
DA:57,9
DA:58,9
DA:64,6
DA:66,6
DA:74,6
DA:76,5
DA:77,0
DA:80,5
DA:82,5
DA:84,4
DA:90,7
DA:91,7
DA:96,5
DA:97,68
DA:98,0
DA:100,68
DA:101,68
DA:104,5
DA:105,0
DA:111,5
DA:112,5
DA:113,5
DA:117,6
DA:121,5
DA:123,6
DA:128,3
DA:137,3
DA:138,64
DA:139,245
DA:142,64
DA:143,62
DA:146,62
DA:147,62
DA:150,2
DA:151,2
DA:152,2
DA:154,2
DA:177,2
DA:180,3
DA:182,4
DA:183,4
LF:59
LH:56
BRDA:45,0,0,1
BRDA:46,1,0,1
BRDA:76,2,0,0
BRDA:76,2,1,5
BRDA:97,3,0,0
BRDA:97,3,1,68
BRDA:104,4,0,0
BRDA:104,4,1,5
BRDA:142,5,0,62
BRDA:142,5,1,2
BRDA:150,6,0,2
BRDA:150,6,1,0
BRDA:151,7,0,2
BRDA:151,7,1,0
BRDA:152,8,0,2
BRDA:152,8,1,0
BRDA:159,9,0,2
BRDA:159,9,1,2
BRF:18
BRH:12
end_of_record
TN:
SF:src/clients/token-api/structs.ts
FNF:0
FNH:0
DA:1,2
DA:9,2
DA:10,2
DA:12,2
DA:20,2
LF:5
LH:5
BRF:0
BRH:0
end_of_record
TN:
SF:src/clients/tron-http/TronHttpClient.ts
FN:42,(anonymous_0)
FN:46,(anonymous_1)
FN:64,(anonymous_2)
FN:108,(anonymous_3)
FN:131,(anonymous_4)
FN:177,(anonymous_5)
FN:231,(anonymous_6)
FN:267,(anonymous_7)
FN:311,(anonymous_8)
FN:332,(anonymous_9)
FN:358,(anonymous_10)
FN:410,(anonymous_11)
FNF:12
FNH:4
FNDA:18,(anonymous_0)
FNDA:54,(anonymous_1)
FNDA:0,(anonymous_2)
FNDA:0,(anonymous_3)
FNDA:0,(anonymous_4)
FNDA:0,(anonymous_5)
FNDA:1,(anonymous_6)
FNDA:1,(anonymous_7)
FNDA:0,(anonymous_8)
FNDA:0,(anonymous_9)
FNDA:0,(anonymous_10)
FNDA:0,(anonymous_11)
DA:1,2
DA:5,2
DA:6,2
DA:7,2
DA:33,2
DA:40,18
DA:43,18
DA:46,18
DA:47,54
DA:53,54
DA:68,0
DA:69,0
DA:70,0
DA:73,0
DA:74,0
DA:79,0
DA:83,0
DA:89,0
DA:90,0
DA:93,0
DA:96,0
DA:98,0
DA:112,0
DA:114,0
DA:135,0
DA:136,0
DA:137,0
DA:140,0
DA:141,0
DA:146,0
DA:151,0
DA:157,0
DA:158,0
DA:161,0
DA:164,0
DA:166,0
DA:181,0
DA:182,0
DA:183,0
DA:186,0
DA:187,0
DA:192,0
DA:196,0
DA:202,0
DA:203,0
DA:204,0
DA:206,0
DA:209,0
DA:213,0
DA:214,0
DA:218,0
DA:220,0
DA:232,1
DA:233,1
DA:234,0
DA:237,1
DA:238,1
DA:243,1
DA:248,1
DA:249,0
DA:252,1
DA:255,1
DA:257,1
DA:268,1
DA:269,1
DA:270,0
DA:273,1
DA:274,1
DA:279,1
DA:281,1
DA:282,0
DA:285,1
DA:288,1
DA:290,1
DA:291,0
DA:295,1
DA:296,2
DA:299,1
DA:315,0
DA:316,0
DA:317,0
DA:320,0
DA:321,0
DA:326,0
DA:332,0
DA:338,0
DA:339,0
DA:342,0
DA:345,0
DA:347,0
DA:362,0
DA:363,0
DA:364,0
DA:367,0
DA:368,0
DA:373,0
DA:378,0
DA:384,0
DA:385,0
DA:388,0
DA:391,0
DA:392,0
DA:396,0
DA:398,0
DA:411,0
DA:412,0
DA:413,0
DA:416,0
DA:417,0
DA:422,0
DA:427,0
DA:433,0
DA:434,0
DA:437,0
DA:440,0
DA:442,0
LF:116
LH:31
BRDA:69,0,0,0
BRDA:69,0,1,0
BRDA:89,1,0,0
BRDA:89,1,1,0
BRDA:136,2,0,0
BRDA:136,2,1,0
BRDA:157,3,0,0
BRDA:157,3,1,0
BRDA:182,4,0,0
BRDA:182,4,1,0
BRDA:202,5,0,0
BRDA:202,5,1,0
BRDA:203,6,0,0
BRDA:203,6,1,0
BRDA:213,7,0,0
BRDA:213,7,1,0
BRDA:213,8,0,0
BRDA:213,8,1,0
BRDA:233,9,0,0
BRDA:233,9,1,1
BRDA:248,10,0,0
BRDA:248,10,1,1
BRDA:269,11,0,0
BRDA:269,11,1,1
BRDA:281,12,0,0
BRDA:281,12,1,1
BRDA:290,13,0,0
BRDA:290,13,1,1
BRDA:316,14,0,0
BRDA:316,14,1,0
BRDA:332,15,0,0
BRDA:332,15,1,0
BRDA:338,16,0,0
BRDA:338,16,1,0
BRDA:363,17,0,0
BRDA:363,17,1,0
BRDA:384,18,0,0
BRDA:384,18,1,0
BRDA:391,19,0,0
BRDA:391,19,1,0
BRDA:391,20,0,0
BRDA:391,20,1,0
BRDA:412,21,0,0
BRDA:412,21,1,0
BRDA:433,22,0,0
BRDA:433,22,1,0
BRDA:442,23,0,0
BRDA:442,23,1,0
BRF:48
BRH:5
end_of_record
TN:
SF:src/clients/tron-http/structs.ts
FNF:0
FNH:0
DA:2,2
DA:23,2
DA:45,2
DA:71,2
DA:82,2
DA:88,2
DA:104,2
DA:136,2
DA:149,2
DA:156,2
DA:164,2
DA:169,2
DA:189,2
DA:201,2
DA:217,2
DA:235,2
LF:16
LH:16
BRF:0
BRH:0
end_of_record
TN:
SF:src/clients/trongrid/TrongridApiClient.ts
FN:46,(anonymous_0)
FN:70,(anonymous_1)
FN:82,(anonymous_2)
FN:117,(anonymous_3)
FN:135,(anonymous_4)
FN:187,(anonymous_5)
FN:244,(anonymous_6)
FN:296,(anonymous_7)
FN:346,(anonymous_8)
FNF:9
FNH:7
FNDA:2,(anonymous_0)
FNDA:20,(anonymous_1)
FNDA:60,(anonymous_2)
FNDA:2,(anonymous_3)
FNDA:0,(anonymous_4)
FNDA:4,(anonymous_5)
FNDA:0,(anonymous_6)
FNDA:8,(anonymous_7)
FNDA:7,(anonymous_8)
DA:1,2
DA:4,2
DA:8,2
DA:12,2
DA:16,2
DA:36,2
DA:46,2
DA:47,2
DA:49,2
DA:56,20
DA:79,20
DA:82,20
DA:83,60
DA:89,60
DA:92,20
DA:93,20
DA:96,20
DA:120,2
DA:121,2
DA:139,0
DA:140,0
DA:141,0
DA:144,0
DA:145,0
DA:151,0
DA:153,0
DA:154,0
DA:157,0
DA:160,0
DA:161,0
DA:163,0
DA:165,0
DA:167,0
DA:168,0
DA:172,0
DA:174,0
DA:192,4
DA:193,4
DA:194,0
DA:197,4
DA:199,4
DA:202,4
DA:209,4
DA:211,4
DA:212,0
DA:216,4
DA:219,4
DA:220,0
DA:222,4
DA:224,4
DA:225,0
DA:229,4
DA:230,4
DA:233,4
DA:248,0
DA:249,0
DA:250,0
DA:253,0
DA:254,0
DA:260,0
DA:262,0
DA:263,0
DA:267,0
DA:270,0
DA:271,0
DA:273,0
DA:275,0
DA:276,0
DA:280,0
DA:281,0
DA:284,0
DA:300,8
DA:301,8
DA:302,0
DA:305,8
DA:306,8
DA:312,7
DA:314,7
DA:315,1
DA:318,6
DA:321,6
DA:322,1
DA:324,5
DA:326,5
DA:327,1
DA:331,4
DA:332,5
DA:335,4
DA:347,7
DA:362,6
DA:367,6
LF:91
LH:52
BRDA:140,0,0,0
BRDA:140,0,1,0
BRDA:153,1,0,0
BRDA:153,1,1,0
BRDA:160,2,0,0
BRDA:160,2,1,0
BRDA:160,3,0,0
BRDA:160,3,1,0
BRDA:167,4,0,0
BRDA:167,4,1,0
BRDA:193,5,0,0
BRDA:193,5,1,4
BRDA:199,6,0,3
BRDA:199,6,1,1
BRDA:206,7,0,1
BRDA:206,7,1,3
BRDA:211,8,0,0
BRDA:211,8,1,4
BRDA:219,9,0,0
BRDA:219,9,1,4
BRDA:219,10,0,4
BRDA:219,10,1,4
BRDA:224,11,0,0
BRDA:224,11,1,4
BRDA:249,12,0,0
BRDA:249,12,1,0
BRDA:262,13,0,0
BRDA:262,13,1,0
BRDA:270,14,0,0
BRDA:270,14,1,0
BRDA:270,15,0,0
BRDA:270,15,1,0
BRDA:275,16,0,0
BRDA:275,16,1,0
BRDA:301,17,0,0
BRDA:301,17,1,8
BRDA:314,18,0,1
BRDA:314,18,1,6
BRDA:321,19,0,1
BRDA:321,19,1,5
BRDA:321,20,0,6
BRDA:321,20,1,6
BRDA:326,21,0,1
BRDA:326,21,1,4
BRF:44
BRH:19
end_of_record
TN:
SF:src/clients/trongrid/errors.ts
FN:9,(anonymous_0)
FN:20,(anonymous_1)
FN:42,(anonymous_2)
FN:53,(anonymous_3)
FNF:4
FNH:4
FNDA:7,(anonymous_0)
FNDA:4,(anonymous_1)
FNDA:3,(anonymous_2)
FNDA:10,(anonymous_3)
DA:6,5
DA:10,7
DA:11,7
DA:12,7
DA:19,5
DA:21,4
DA:22,4
DA:42,5
DA:45,3
DA:46,1
DA:49,2
DA:52,5
DA:54,10
DA:55,10
LF:14
LH:14
BRDA:45,0,0,1
BRDA:45,0,1,2
BRF:2
BRH:2
end_of_record
TN:
SF:src/clients/trongrid/structs.ts
FNF:0
FNH:0
DA:2,2
DA:13,2
DA:25,2
DA:30,2
DA:39,2
DA:46,2
DA:51,2
DA:57,2
DA:63,2
DA:68,2
DA:93,2
DA:98,2
DA:103,2
DA:116,2
DA:121,2
DA:126,2
DA:132,2
DA:138,2
DA:145,2
DA:154,2
DA:176,2
DA:183,2
DA:201,2
DA:207,2
DA:213,2
DA:219,2
DA:233,2
DA:238,2
LF:28
LH:28
BRF:0
BRH:0
end_of_record
TN:
SF:src/clients/tronweb/TronWebFactory.ts
FN:9,(anonymous_0)
FN:31,(anonymous_1)
FNF:2
FNH:1
FNDA:1,(anonymous_0)
FNDA:0,(anonymous_1)
DA:1,1
DA:6,1
DA:10,1
DA:32,0
DA:33,0
DA:35,0
DA:36,0
DA:37,0
DA:40,0
DA:45,0
LF:10
LH:3
BRDA:36,0,0,0
BRDA:36,0,1,0
BRDA:42,1,0,0
BRDA:42,1,1,0
BRF:4
BRH:0
end_of_record
TN:
SF:src/entities/keyring-account.ts
FN:19,asStrictKeyringAccount
FNF:1
FNH:1
FNDA:112,asStrictKeyringAccount
DA:19,3
DA:22,112
DA:23,112
LF:3
LH:3
BRF:0
BRH:0
end_of_record
TN:
SF:src/handlers/assets/assets.ts
FN:21,(anonymous_0)
FN:32,(anonymous_1)
FN:49,(anonymous_2)
FN:64,(anonymous_3)
FN:72,(anonymous_4)
FNF:5
FNH:1
FNDA:1,(anonymous_0)
FNDA:0,(anonymous_1)
FNDA:0,(anonymous_2)
FNDA:0,(anonymous_3)
FNDA:0,(anonymous_4)
DA:14,1
DA:16,1
DA:28,1
DA:29,1
DA:35,0
DA:37,0
DA:39,0
DA:44,0
DA:52,0
DA:54,0
DA:57,0
DA:59,0
DA:67,0
DA:69,0
DA:75,0
DA:79,0
LF:16
LH:4
BRF:0
BRH:0
end_of_record
TN:
SF:src/handlers/clientRequest/clientRequest.ts
FN:99,(anonymous_0)
FN:148,(anonymous_1)
FN:430,(anonymous_2)
FNF:3
FNH:3
FNDA:44,(anonymous_0)
FNDA:42,(anonymous_1)
FNDA:3,(anonymous_2)
DA:1,2
DA:3,2
DA:8,2
DA:9,2
DA:15,2
DA:20,2
DA:39,2
DA:41,2
DA:42,2
DA:44,2
DA:45,2
DA:49,2
DA:50,2
DA:51,2
DA:76,2
DA:124,44
DA:125,44
DA:126,44
DA:127,44
DA:128,44
DA:129,44
DA:130,44
DA:131,44
DA:132,44
DA:133,44
DA:134,44
DA:149,42
DA:151,42
DA:153,42
DA:158,5
DA:163,1
DA:165,6
DA:167,5
DA:169,6
DA:171,2
DA:176,0
DA:178,0
DA:180,0
DA:182,0
DA:184,3
DA:186,2
DA:191,6
DA:196,6
DA:198,0
DA:222,5
DA:236,5
DA:238,5
DA:241,5
DA:245,5
DA:251,5
DA:252,5
DA:256,5
DA:258,5
DA:259,5
DA:261,4
DA:262,4
DA:275,4
DA:280,4
DA:281,4
DA:283,4
DA:284,0
DA:289,4
DA:295,4
DA:300,4
DA:311,4
DA:323,1
DA:324,1
DA:325,0
DA:330,1
DA:331,1
DA:349,6
DA:350,6
DA:352,6
DA:354,6
DA:359,5
DA:360,0
DA:369,5
DA:370,5
DA:373,5
DA:380,5
DA:381,5
DA:382,5
DA:385,5
DA:388,5
DA:392,5
DA:393,1
DA:399,4
DA:400,1
DA:409,3
DA:416,3
DA:428,3
DA:429,3
DA:430,3
DA:439,3
DA:441,3
DA:442,1
DA:448,2
DA:453,1
DA:454,1
DA:455,1
DA:469,5
DA:475,5
DA:477,5
DA:479,5
DA:480,1
DA:486,4
DA:491,4
DA:492,1
DA:498,3
DA:499,3
DA:501,3
DA:508,3
DA:517,3
DA:518,2
DA:526,1
DA:548,1
DA:551,1
DA:555,1
DA:564,1
DA:573,1
DA:587,1
DA:588,0
DA:594,1
DA:602,1
DA:612,1
DA:614,1
DA:618,1
DA:633,6
DA:642,4
DA:648,4
DA:650,3
DA:653,3
DA:654,3
DA:658,3
DA:660,3
DA:662,3
DA:663,3
DA:676,3
DA:681,3
DA:684,3
DA:692,3
DA:700,3
DA:702,3
DA:715,2
DA:725,2
DA:727,2
DA:729,2
DA:731,2
DA:736,2
DA:737,2
DA:742,2
DA:743,1
DA:749,1
DA:751,1
DA:752,1
DA:762,1
DA:767,1
DA:770,1
DA:778,1
DA:785,1
DA:787,1
DA:798,0
DA:804,0
DA:806,0
DA:807,0
DA:815,0
DA:816,0
DA:818,0
DA:819,0
DA:825,0
DA:839,0
DA:850,0
DA:852,0
DA:854,0
DA:859,0
DA:860,0
DA:864,0
DA:865,0
DA:874,0
DA:882,0
DA:896,0
DA:907,0
DA:913,0
DA:915,0
DA:916,0
DA:921,0
DA:922,0
DA:927,0
DA:928,0
DA:934,0
DA:948,0
DA:959,0
DA:966,0
DA:968,0
DA:970,0
DA:975,0
DA:976,0
DA:981,0
DA:982,0
DA:991,0
DA:997,0
DA:1014,3
DA:1020,2
DA:1022,2
DA:1024,2
DA:1025,2
DA:1027,2
DA:1032,2
DA:1033,1
DA:1036,1
DA:1038,1
DA:1052,2
DA:1058,1
DA:1060,1
DA:1062,1
DA:1063,1
DA:1065,1
DA:1067,1
DA:1080,6
DA:1088,2
DA:1090,2
DA:1091,2
DA:1092,1
DA:1096,1
DA:1099,1
DA:1100,0
DA:1106,1
DA:1113,1
DA:1120,1
DA:1123,1
DA:1125,1
DA:1140,6
DA:1148,4
DA:1150,4
DA:1151,4
DA:1152,1
DA:1155,3
DA:1157,3
DA:1158,1
DA:1163,2
DA:1169,2
DA:1174,2
DA:1176,2
DA:1197,8
DA:1199,8
DA:1202,8
LF:246
LH:196
BRDA:153,0,0,5
BRDA:153,0,1,1
BRDA:153,0,2,6
BRDA:153,0,3,5
BRDA:153,0,4,6
BRDA:153,0,5,2
BRDA:153,0,6,0
BRDA:153,0,7,0
BRDA:153,0,8,0
BRDA:153,0,9,0
BRDA:153,0,10,3
BRDA:153,0,11,2
BRDA:153,0,12,6
BRDA:153,0,13,6
BRDA:153,0,14,0
BRDA:283,1,0,0
BRDA:283,1,1,4
BRDA:359,2,0,0
BRDA:359,2,1,5
BRDA:381,3,0,5
BRDA:381,3,1,0
BRDA:382,4,0,5
BRDA:382,4,1,0
BRDA:385,5,0,5
BRDA:385,5,1,0
BRDA:388,6,0,5
BRDA:388,6,1,0
BRDA:392,7,0,1
BRDA:392,7,1,4
BRDA:392,8,0,5
BRDA:392,8,1,5
BRDA:399,9,0,1
BRDA:399,9,1,3
BRDA:430,10,0,3
BRDA:430,10,1,0
BRDA:439,11,0,3
BRDA:439,11,1,0
BRDA:441,12,0,1
BRDA:441,12,1,2
BRDA:479,13,0,1
BRDA:479,13,1,4
BRDA:491,14,0,1
BRDA:491,14,1,3
BRDA:517,15,0,2
BRDA:517,15,1,1
BRDA:521,16,0,2
BRDA:521,16,1,0
BRDA:548,17,0,1
BRDA:548,17,1,0
BRDA:551,18,0,1
BRDA:551,18,1,0
BRDA:587,19,0,0
BRDA:587,19,1,1
BRDA:681,20,0,2
BRDA:681,20,1,1
BRDA:684,21,0,2
BRDA:684,21,1,1
BRDA:736,22,0,2
BRDA:736,22,1,0
BRDA:742,23,0,1
BRDA:742,23,1,1
BRDA:767,24,0,1
BRDA:767,24,1,0
BRDA:770,25,0,1
BRDA:770,25,1,0
BRDA:815,26,0,0
BRDA:815,26,1,0
BRDA:818,27,0,0
BRDA:818,27,1,0
BRDA:859,28,0,0
BRDA:859,28,1,0
BRDA:864,29,0,0
BRDA:864,29,1,0
BRDA:921,30,0,0
BRDA:921,30,1,0
BRDA:927,31,0,0
BRDA:927,31,1,0
BRDA:975,32,0,0
BRDA:975,32,1,0
BRDA:981,33,0,0
BRDA:981,33,1,0
BRDA:1032,34,0,1
BRDA:1032,34,1,1
BRDA:1091,35,0,1
BRDA:1091,35,1,1
BRDA:1099,36,0,0
BRDA:1099,36,1,1
BRDA:1151,37,0,1
BRDA:1151,37,1,3
BRDA:1157,38,0,1
BRDA:1157,38,1,2
BRDA:1195,39,0,8
BRF:92
BRH:55
end_of_record
TN:
SF:src/handlers/clientRequest/types.ts
FN:1,(anonymous_0)
FN:30,(anonymous_1)
FNF:2
FNH:2
FNDA:3,(anonymous_0)
FNDA:3,(anonymous_1)
DA:1,3
DA:2,3
DA:6,3
DA:7,3
DA:8,3
DA:9,3
DA:13,3
DA:14,3
DA:15,3
DA:16,3
DA:17,3
DA:18,3
DA:19,3
DA:23,3
DA:27,3
DA:30,3
DA:32,3
DA:33,3
DA:34,3
DA:35,3
LF:20
LH:20
BRDA:1,0,0,3
BRDA:1,0,1,3
BRDA:30,1,0,3
BRDA:30,1,1,3
BRF:4
BRH:4
end_of_record
TN:
SF:src/handlers/clientRequest/validation.ts
FN:262,parseRewardsMessage
FN:327,(anonymous_1)
FN:362,parseProofOfOwnershipMessage
FN:403,(anonymous_3)
FNF:4
FNH:4
FNDA:7,parseRewardsMessage
FNDA:6,(anonymous_1)
FNDA:9,parseProofOfOwnershipMessage
FNDA:6,(anonymous_3)
DA:1,2
DA:2,2
DA:4,2
DA:15,2
DA:21,2
DA:22,2
DA:29,2
DA:34,2
DA:44,2
DA:54,2
DA:61,2
DA:71,2
DA:75,2
DA:85,2
DA:92,2
DA:99,2
DA:113,2
DA:124,2
DA:130,2
DA:137,2
DA:151,2
DA:158,2
DA:165,2
DA:177,2
DA:185,2
DA:192,2
DA:201,2
DA:208,2
DA:217,2
DA:227,2
DA:232,2
DA:242,2
DA:247,2
DA:262,2
DA:268,7
DA:271,7
DA:272,1
DA:276,6
DA:277,6
DA:278,1
DA:283,5
DA:286,5
DA:287,0
DA:291,5
DA:292,1
DA:296,4
DA:297,1
DA:301,3
DA:302,0
DA:305,3
DA:306,3
DA:307,0
DA:310,3
DA:324,2
DA:328,6
DA:329,6
DA:330,2
DA:332,4
DA:340,2
DA:345,2
DA:352,2
DA:362,2
DA:366,9
DA:367,1
DA:372,8
DA:373,8
DA:374,8
DA:375,0
DA:380,8
DA:381,8
DA:383,8
DA:384,0
DA:389,8
DA:390,1
DA:393,7
DA:400,2
DA:404,6
DA:405,6
DA:406,4
DA:408,2
DA:418,2
DA:423,2
LF:82
LH:77
BRDA:271,0,0,1
BRDA:271,0,1,6
BRDA:277,1,0,1
BRDA:277,1,1,5
BRDA:286,2,0,0
BRDA:286,2,1,5
BRDA:291,3,0,1
BRDA:291,3,1,4
BRDA:296,4,0,1
BRDA:296,4,1,3
BRDA:301,5,0,0
BRDA:301,5,1,3
BRDA:306,6,0,0
BRDA:306,6,1,3
BRDA:332,7,0,4
BRDA:332,7,1,0
BRDA:366,8,0,1
BRDA:366,8,1,8
BRDA:374,9,0,0
BRDA:374,9,1,8
BRDA:383,10,0,0
BRDA:383,10,1,8
BRDA:389,11,0,1
BRDA:389,11,1,7
BRDA:408,12,0,2
BRDA:408,12,1,0
BRF:26
BRH:19
end_of_record
TN:
SF:src/handlers/cronjob/cronjob.tsx
FN:28,(anonymous_0)
FN:32,(anonymous_1)
FN:60,(anonymous_2)
FN:90,(anonymous_3)
FN:140,(anonymous_4)
FN:148,(anonymous_5)
FN:164,(anonymous_6)
FN:180,(anonymous_7)
FN:200,(anonymous_8)
FN:240,(anonymous_9)
FN:303,(anonymous_10)
FN:435,(anonymous_11)
FN:647,(anonymous_12)
FNF:13
FNH:6
FNDA:8,(anonymous_0)
FNDA:8,(anonymous_1)
FNDA:21,(anonymous_2)
FNDA:0,(anonymous_3)
FNDA:0,(anonymous_4)
FNDA:0,(anonymous_5)
FNDA:0,(anonymous_6)
FNDA:0,(anonymous_7)
FNDA:0,(anonymous_8)
FNDA:0,(anonymous_9)
FNDA:8,(anonymous_10)
FNDA:6,(anonymous_11)
FNDA:6,(anonymous_12)
DA:7,8
DA:16,8
DA:18,8
DA:19,8
DA:20,8
DA:22,8
DA:23,8
DA:26,8
DA:28,8
DA:29,8
DA:32,8
DA:33,8
DA:34,8
DA:35,8
DA:36,8
DA:37,8
DA:38,8
DA:39,8
DA:40,8
DA:43,8
DA:79,21
DA:80,21
DA:81,21
DA:82,21
DA:83,21
DA:84,21
DA:85,21
DA:86,21
DA:91,0
DA:92,0
DA:94,0
DA:95,0
DA:98,0
DA:100,0
DA:101,0
DA:103,0
DA:104,0
DA:106,0
DA:107,0
DA:109,0
DA:110,0
DA:112,0
DA:115,0
DA:117,0
DA:118,0
DA:120,0
DA:121,0
DA:123,0
DA:124,0
DA:126,0
DA:134,0
DA:136,0
DA:141,0
DA:143,0
DA:145,0
DA:153,0
DA:155,0
DA:157,0
DA:158,0
DA:161,0
DA:169,0
DA:171,0
DA:173,0
DA:174,0
DA:177,0
DA:185,0
DA:187,0
DA:189,0
DA:190,0
DA:193,0
DA:201,0
DA:204,0
DA:209,0
DA:211,0
DA:212,0
DA:213,0
DA:216,0
DA:228,0
DA:232,0
DA:233,0
DA:234,0
DA:237,0
DA:238,0
DA:240,0
DA:242,0
DA:244,0
DA:249,0
DA:255,0
DA:258,0
DA:266,0
DA:270,0
DA:271,0
DA:274,0
DA:277,0
DA:283,0
DA:289,0
DA:291,0
DA:296,0
DA:304,8
DA:309,8
DA:314,8
DA:316,8
DA:317,1
DA:318,1
DA:322,7
DA:326,7
DA:327,1
DA:328,1
DA:331,6
DA:332,1
DA:333,1
DA:336,5
DA:338,5
DA:340,5
DA:341,0
DA:344,0
DA:347,5
DA:348,5
DA:353,5
DA:359,5
DA:360,5
DA:361,4
DA:364,5
DA:369,5
DA:370,5
DA:371,5
DA:373,5
DA:374,5
DA:380,5
DA:388,4
DA:389,4
DA:391,1
DA:392,1
DA:393,1
DA:397,5
DA:401,5
DA:402,1
DA:405,1
DA:408,4
DA:415,4
DA:421,4
DA:423,4
DA:428,0
DA:436,6
DA:441,6
DA:446,6
DA:448,6
DA:449,0
DA:452,0
DA:456,6
DA:460,6
DA:461,0
DA:462,0
DA:465,6
DA:470,0
DA:471,0
DA:475,6
DA:478,6
DA:480,6
DA:481,6
DA:488,6
DA:494,6
DA:500,6
DA:501,6
DA:503,6
DA:510,5
DA:512,1
DA:516,1
DA:519,6
DA:520,4
DA:521,4
DA:522,4
DA:524,4
DA:525,4
DA:528,4
DA:529,4
DA:537,3
DA:538,3
DA:540,1
DA:541,1
DA:542,1
DA:551,6
DA:552,5
DA:554,5
DA:561,4
DA:562,2
DA:563,2
DA:566,1
DA:567,1
DA:572,6
DA:576,6
DA:577,0
DA:580,0
DA:583,6
DA:589,6
DA:595,6
DA:597,6
DA:602,0
DA:626,3
DA:631,3
DA:632,3
DA:633,2
DA:658,6
DA:662,6
DA:665,6
DA:671,4
DA:672,3
DA:673,2
DA:679,2
DA:682,1
DA:687,1
DA:697,1
DA:701,1
DA:707,1
DA:708,1
DA:710,1
DA:711,0
DA:712,0
DA:717,1
DA:723,1
DA:729,2
DA:734,2
DA:735,1
DA:741,1
DA:744,1
LF:225
LH:141
BRDA:28,0,0,8
BRDA:28,0,1,8
BRDA:32,1,0,8
BRDA:32,1,1,8
BRDA:94,2,0,0
BRDA:94,2,1,0
BRDA:94,3,0,0
BRDA:94,3,1,0
BRDA:98,4,0,0
BRDA:98,4,1,0
BRDA:98,4,2,0
BRDA:98,4,3,0
BRDA:98,4,4,0
BRDA:98,4,5,0
BRDA:98,4,6,0
BRDA:98,4,7,0
BRDA:98,4,8,0
BRDA:98,4,9,0
BRDA:157,5,0,0
BRDA:157,5,1,0
BRDA:173,6,0,0
BRDA:173,6,1,0
BRDA:189,7,0,0
BRDA:189,7,1,0
BRDA:204,8,0,0
BRDA:204,8,1,0
BRDA:211,9,0,0
BRDA:211,9,1,0
BRDA:232,10,0,0
BRDA:232,10,1,0
BRDA:270,11,0,0
BRDA:270,11,1,0
BRDA:309,12,0,8
BRDA:309,12,1,0
BRDA:316,13,0,1
BRDA:316,13,1,7
BRDA:326,14,0,1
BRDA:326,14,1,6
BRDA:331,15,0,1
BRDA:331,15,1,5
BRDA:331,16,0,6
BRDA:331,16,1,5
BRDA:340,17,0,0
BRDA:340,17,1,5
BRDA:360,18,0,4
BRDA:360,18,1,1
BRDA:388,19,0,4
BRDA:388,19,1,0
BRDA:401,20,0,1
BRDA:401,20,1,4
BRDA:441,21,0,6
BRDA:441,21,1,0
BRDA:448,22,0,0
BRDA:448,22,1,6
BRDA:460,23,0,0
BRDA:460,23,1,6
BRDA:465,24,0,0
BRDA:465,24,1,6
BRDA:466,25,0,6
BRDA:466,25,1,6
BRDA:466,25,2,6
BRDA:478,26,0,6
BRDA:478,26,1,1
BRDA:483,27,0,5
BRDA:483,27,1,1
BRDA:519,28,0,4
BRDA:519,28,1,2
BRDA:519,29,0,6
BRDA:519,29,1,5
BRDA:521,30,0,4
BRDA:521,30,1,0
BRDA:524,31,0,4
BRDA:524,31,1,0
BRDA:537,32,0,3
BRDA:537,32,1,0
BRDA:551,33,0,5
BRDA:551,33,1,1
BRDA:561,34,0,2
BRDA:561,34,1,2
BRDA:576,35,0,0
BRDA:576,35,1,6
BRDA:632,36,0,2
BRDA:632,36,1,1
BRDA:651,37,0,0
BRDA:671,38,0,3
BRDA:671,38,1,1
BRDA:672,39,0,2
BRDA:672,39,1,1
BRDA:710,40,0,0
BRDA:710,40,1,1
BRDA:734,41,0,1
BRDA:734,41,1,1
BRF:92
BRH:51
end_of_record
TN:
SF:src/handlers/keyring/keyring-types.ts
FN:4,(anonymous_0)
FNF:1
FNH:1
FNDA:20,(anonymous_0)
DA:4,20
DA:5,20
DA:6,20
DA:12,20
LF:4
LH:4
BRDA:4,0,0,20
BRDA:4,0,1,20
BRF:2
BRH:2
end_of_record
TN:
SF:src/handlers/keyring/keyring.ts
FN:88,(anonymous_0)
FN:114,(anonymous_1)
FN:131,(anonymous_2)
FN:151,(anonymous_3)
FN:169,(anonymous_4)
FN:184,(anonymous_5)
FN:195,(anonymous_6)
FN:207,(anonymous_7)
FN:211,(anonymous_8)
FN:234,(anonymous_9)
FN:259,(anonymous_10)
FN:286,(anonymous_11)
FN:315,(anonymous_12)
FN:336,(anonymous_13)
FN:351,(anonymous_14)
FN:354,(anonymous_15)
FN:360,(anonymous_16)
FN:390,(anonymous_17)
FN:409,(anonymous_18)
FN:413,(anonymous_19)
FN:417,(anonymous_20)
FN:436,(anonymous_21)
FN:504,(anonymous_22)
FN:508,(anonymous_23)
FN:510,(anonymous_24)
FNF:25
FNH:10
FNDA:27,(anonymous_0)
FNDA:0,(anonymous_1)
FNDA:1,(anonymous_2)
FNDA:0,(anonymous_3)
FNDA:1,(anonymous_4)
FNDA:2,(anonymous_5)
FNDA:0,(anonymous_6)
FNDA:0,(anonymous_7)
FNDA:0,(anonymous_8)
FNDA:0,(anonymous_9)
FNDA:0,(anonymous_10)
FNDA:6,(anonymous_11)
FNDA:4,(anonymous_12)
FNDA:0,(anonymous_13)
FNDA:0,(anonymous_14)
FNDA:0,(anonymous_15)
FNDA:0,(anonymous_16)
FNDA:0,(anonymous_17)
FNDA:0,(anonymous_18)
FNDA:0,(anonymous_19)
FNDA:0,(anonymous_20)
FNDA:15,(anonymous_21)
FNDA:3,(anonymous_22)
FNDA:2,(anonymous_23)
FNDA:3,(anonymous_24)
DA:2,2
DA:19,2
DA:23,2
DA:29,2
DA:35,2
DA:38,2
DA:40,2
DA:48,2
DA:49,2
DA:51,2
DA:65,2
DA:70,2
DA:71,2
DA:73,2
DA:105,27
DA:106,27
DA:107,27
DA:108,27
DA:109,27
DA:110,27
DA:111,27
DA:115,0
DA:116,0
DA:117,0
DA:121,3
DA:122,3
DA:124,2
DA:126,1
DA:127,1
DA:132,1
DA:138,13
DA:140,13
DA:142,13
DA:146,0
DA:147,0
DA:152,0
DA:154,0
DA:156,0
DA:160,13
DA:162,13
DA:163,1
DA:166,12
DA:170,1
DA:172,1
DA:173,1
DA:177,1
DA:178,1
DA:187,2
DA:188,2
DA:190,1
DA:191,1
DA:196,0
DA:197,0
DA:199,0
DA:201,0
DA:204,0
DA:205,0
DA:208,0
DA:211,0
DA:213,0
DA:215,0
DA:216,0
DA:220,0
DA:221,0
DA:241,0
DA:242,0
DA:244,0
DA:245,0
DA:247,0
DA:249,0
DA:250,0
DA:253,0
DA:258,0
DA:259,0
DA:263,0
DA:269,0
DA:270,0
DA:274,0
DA:281,0
DA:282,0
DA:291,6
DA:292,6
DA:297,3
DA:302,3
DA:304,3
DA:305,5
DA:313,3
DA:315,4
DA:317,2
DA:318,1
DA:321,1
DA:331,4
DA:332,4
DA:340,0
DA:341,0
DA:343,0
DA:345,0
DA:348,0
DA:350,0
DA:351,0
DA:355,0
DA:359,0
DA:361,0
DA:365,0
DA:370,0
DA:372,0
DA:373,0
DA:377,0
DA:378,0
DA:394,0
DA:397,0
DA:400,0
DA:406,0
DA:410,0
DA:414,0
DA:418,0
DA:419,0
DA:421,0
DA:423,0
DA:427,0
DA:431,0
DA:432,0
DA:437,15
DA:443,10
DA:444,8
DA:450,2
DA:452,2
DA:456,15
DA:458,13
DA:466,13
DA:468,13
DA:470,12
DA:471,1
DA:474,11
DA:475,1
DA:478,10
DA:480,10
DA:485,9
DA:486,2
DA:489,7
DA:496,6
DA:505,3
DA:507,2
DA:508,2
DA:510,3
DA:512,1
DA:517,1
LF:147
LH:81
BRDA:117,0,0,0
BRDA:117,0,1,0
BRDA:140,1,0,13
BRDA:140,1,1,1
BRDA:156,2,0,0
BRDA:156,2,1,0
BRDA:162,3,0,1
BRDA:162,3,1,12
BRDA:208,4,0,0
BRDA:208,4,1,0
BRDA:249,5,0,0
BRDA:249,5,1,0
BRDA:258,6,0,0
BRDA:258,6,1,0
BRDA:270,7,0,0
BRDA:270,7,1,0
BRDA:271,8,0,0
BRDA:271,8,1,0
BRDA:317,9,0,1
BRDA:317,9,1,1
BRDA:355,10,0,0
BRDA:355,10,1,0
BRDA:443,11,0,8
BRDA:443,11,1,2
BRDA:463,12,0,0
BRDA:470,13,0,1
BRDA:470,13,1,11
BRDA:470,14,0,12
BRDA:470,14,1,12
BRDA:474,15,0,1
BRDA:474,15,1,10
BRDA:485,16,0,2
BRDA:485,16,1,7
BRDA:493,17,0,7
BRDA:493,17,1,0
BRDA:510,18,0,1
BRDA:510,18,1,1
BRF:37
BRH:19
end_of_record
TN:
SF:src/handlers/rpc/rpc.ts
FN:11,(anonymous_0)
FN:15,(anonymous_1)
FNF:2
FNH:1
FNDA:1,(anonymous_0)
FNDA:0,(anonymous_1)
DA:1,1
DA:5,1
DA:6,1
DA:8,1
DA:12,1
DA:16,0
DA:18,0
DA:20,0
DA:22,0
DA:24,0
LF:10
LH:5
BRDA:22,0,0,0
BRF:1
BRH:0
end_of_record
TN:
SF:src/handlers/rpc/types.ts
FN:1,(anonymous_0)
FN:11,(anonymous_1)
FNF:2
FNH:2
FNDA:4,(anonymous_0)
FNDA:4,(anonymous_1)
DA:1,4
DA:2,4
DA:3,4
DA:4,4
DA:11,4
DA:12,4
LF:6
LH:6
BRDA:1,0,0,4
BRDA:1,0,1,4
BRDA:11,1,0,4
BRDA:11,1,1,4
BRF:4
BRH:4
end_of_record
TN:
SF:src/handlers/user-input/userInput.ts
FN:15,(anonymous_0)
FN:36,(anonymous_1)
FNF:2
FNH:1
FNDA:1,(anonymous_0)
FNDA:0,(anonymous_1)
DA:4,1
DA:5,1
DA:6,1
DA:7,1
DA:10,1
DA:22,1
DA:23,1
DA:45,0
DA:47,0
DA:48,0
DA:53,0
DA:62,0
DA:64,0
DA:65,0
DA:68,0
LF:15
LH:7
BRDA:47,0,0,0
BRDA:47,0,1,0
BRDA:64,1,0,0
BRDA:64,1,1,0
BRF:4
BRH:0
end_of_record
TN:
SF:src/services/accounts/AccountsRepository.ts
FN:26,getAccountIndexKey
FN:37,findAccountByIndexKey
FN:42,(anonymous_2)
FN:53,mergeAccountsWithoutIndexConflicts
FN:84,(anonymous_4)
FN:93,(anonymous_5)
FN:108,(anonymous_6)
FN:116,(anonymous_7)
FN:121,(anonymous_8)
FN:124,(anonymous_9)
FN:126,(anonymous_10)
FN:129,(anonymous_11)
FN:131,(anonymous_12)
FN:134,(anonymous_13)
FN:137,(anonymous_14)
FN:140,(anonymous_15)
FN:145,(anonymous_16)
FN:169,(anonymous_17)
FN:174,(anonymous_18)
FN:181,(anonymous_19)
FNF:20
FNH:14
FNDA:10,getAccountIndexKey
FNDA:1,findAccountByIndexKey
FNDA:1,(anonymous_2)
FNDA:4,mergeAccountsWithoutIndexConflicts
FNDA:7,(anonymous_4)
FNDA:6,(anonymous_5)
FNDA:1,(anonymous_6)
FNDA:4,(anonymous_7)
FNDA:1,(anonymous_8)
FNDA:0,(anonymous_9)
FNDA:0,(anonymous_10)
FNDA:0,(anonymous_11)
FNDA:0,(anonymous_12)
FNDA:0,(anonymous_13)
FNDA:0,(anonymous_14)
FNDA:2,(anonymous_15)
FNDA:2,(anonymous_16)
FNDA:2,(anonymous_17)
FNDA:2,(anonymous_18)
FNDA:1,(anonymous_19)
DA:27,10
DA:41,1
DA:42,1
DA:57,4
DA:60,4
DA:62,4
DA:63,6
DA:65,6
DA:66,3
DA:69,3
DA:70,3
DA:73,4
DA:79,2
DA:80,7
DA:85,7
DA:94,6
DA:98,6
DA:112,1
DA:114,1
DA:117,4
DA:121,1
DA:125,0
DA:126,0
DA:130,0
DA:131,0
DA:135,0
DA:137,0
DA:141,2
DA:143,2
DA:146,2
DA:147,2
DA:151,2
DA:152,1
DA:157,2
DA:161,2
DA:172,2
DA:175,2
DA:176,2
DA:182,1
LF:39
LH:33
BRDA:65,0,0,3
BRDA:65,0,1,3
BRDA:98,1,0,6
BRDA:98,1,1,0
BRDA:117,2,0,4
BRDA:117,2,1,3
BRDA:117,2,2,3
BRDA:126,3,0,0
BRDA:126,3,1,0
BRDA:137,4,0,0
BRDA:137,4,1,0
BRDA:146,5,0,2
BRDA:146,5,1,0
BRDA:151,6,0,1
BRDA:151,6,1,1
BRDA:153,7,0,1
BRDA:153,7,1,0
BRDA:175,8,0,2
BRDA:175,8,1,0
BRF:19
BRH:11
end_of_record
TN:
SF:src/services/accounts/AccountsService.ts
FN:72,validateAccountCreationRange
FN:112,(anonymous_1)
FN:146,(anonymous_2)
FN:199,(anonymous_3)
FN:233,(anonymous_4)
FN:247,(anonymous_5)
FN:271,(anonymous_6)
FN:339,(anonymous_7)
FN:435,(anonymous_8)
FN:439,(anonymous_9)
FN:445,(anonymous_10)
FN:450,(anonymous_11)
FN:462,(anonymous_12)
FN:472,(anonymous_13)
FN:482,(anonymous_14)
FN:486,(anonymous_15)
FN:496,(anonymous_16)
FN:498,(anonymous_17)
FN:499,(anonymous_18)
FN:503,(anonymous_19)
FN:511,(anonymous_20)
FN:518,(anonymous_21)
FN:520,(anonymous_22)
FN:521,(anonymous_23)
FN:525,(anonymous_24)
FN:533,(anonymous_25)
FN:540,(anonymous_26)
FN:564,(anonymous_27)
FN:570,(anonymous_28)
FN:576,(anonymous_29)
FNF:30
FNH:30
FNDA:8,validateAccountCreationRange
FNDA:28,(anonymous_1)
FNDA:2,(anonymous_2)
FNDA:2,(anonymous_3)
FNDA:6,(anonymous_4)
FNDA:2,(anonymous_5)
FNDA:8,(anonymous_6)
FNDA:8,(anonymous_7)
FNDA:1,(anonymous_8)
FNDA:2,(anonymous_9)
FNDA:2,(anonymous_10)
FNDA:1,(anonymous_11)
FNDA:2,(anonymous_12)
FNDA:2,(anonymous_13)
FNDA:1,(anonymous_14)
FNDA:1,(anonymous_15)
FNDA:3,(anonymous_16)
FNDA:3,(anonymous_17)
FNDA:3,(anonymous_18)
FNDA:3,(anonymous_19)
FNDA:3,(anonymous_20)
FNDA:2,(anonymous_21)
FNDA:2,(anonymous_22)
FNDA:2,(anonymous_23)
FNDA:2,(anonymous_24)
FNDA:2,(anonymous_25)
FNDA:1,(anonymous_26)
FNDA:1,(anonymous_27)
FNDA:108,(anonymous_28)
FNDA:1,(anonymous_29)
DA:7,2
DA:14,2
DA:19,2
DA:20,2
DA:21,2
DA:22,2
DA:25,2
DA:27,2
DA:28,2
DA:29,2
DA:30,2
DA:32,2
DA:42,2
DA:47,2
DA:73,8
DA:74,1
DA:77,7
DA:78,1
DA:83,6
DA:87,1
DA:92,5
DA:93,1
DA:99,2
DA:127,28
DA:128,28
DA:129,28
DA:130,28
DA:131,28
DA:132,28
DA:158,2
DA:159,2
DA:161,2
DA:163,2
DA:165,2
DA:171,2
DA:172,0
DA:175,2
DA:176,2
DA:177,2
DA:180,2
DA:181,2
DA:183,2
DA:184,0
DA:187,2
DA:195,0
DA:206,2
DA:207,2
DA:212,2
DA:234,6
DA:237,6
DA:239,6
DA:246,6
DA:248,2
DA:251,6
DA:252,1
DA:255,1
DA:258,5
DA:263,5
DA:265,5
DA:271,8
DA:279,5
DA:281,5
DA:282,0
DA:285,0
DA:288,5
DA:289,5
DA:291,5
DA:313,3
DA:317,2
DA:318,2
DA:320,1
DA:325,2
DA:342,8
DA:347,8
DA:351,8
DA:354,8
DA:358,4
DA:363,4
DA:364,4
DA:365,2
DA:368,4
DA:369,4
DA:370,106
DA:371,104
DA:375,4
DA:377,4
DA:379,3
DA:381,3
DA:382,104
DA:384,104
DA:385,104
DA:387,104
DA:407,104
DA:408,104
DA:411,3
DA:414,3
DA:419,3
DA:420,104
DA:424,4
DA:425,4
DA:426,106
DA:427,106
DA:428,106
DA:432,4
DA:436,1
DA:440,2
DA:445,2
DA:446,2
DA:451,1
DA:463,2
DA:465,2
DA:466,1
DA:469,1
DA:473,2
DA:475,2
DA:476,1
DA:479,2
DA:483,1
DA:487,1
DA:497,3
DA:498,3
DA:499,3
DA:502,3
DA:504,3
DA:511,3
DA:512,3
DA:515,3
DA:519,2
DA:520,2
DA:521,2
DA:524,2
DA:526,2
DA:533,2
DA:534,2
DA:537,2
DA:541,1
DA:550,3
DA:556,3
DA:563,1
DA:564,1
DA:567,1
DA:571,108
DA:575,1
DA:576,1
DA:578,1
DA:579,0
DA:584,1
LF:147
LH:141
BRDA:73,0,0,1
BRDA:73,0,1,7
BRDA:73,1,0,8
BRDA:73,1,1,7
BRDA:77,2,0,1
BRDA:77,2,1,6
BRDA:77,3,0,7
BRDA:77,3,1,6
BRDA:83,4,0,1
BRDA:83,4,1,5
BRDA:84,5,0,6
BRDA:84,5,1,5
BRDA:92,6,0,1
BRDA:92,6,1,4
BRDA:171,7,0,0
BRDA:171,7,1,2
BRDA:171,8,0,2
BRDA:171,8,1,2
BRDA:183,9,0,0
BRDA:183,9,1,2
BRDA:237,10,0,6
BRDA:237,10,1,1
BRDA:239,11,0,6
BRDA:239,11,1,1
BRDA:248,12,0,2
BRDA:248,12,1,1
BRDA:251,13,0,1
BRDA:251,13,1,5
BRDA:263,14,0,5
BRDA:263,14,1,1
BRDA:281,15,0,0
BRDA:281,15,1,5
BRDA:306,16,0,1
BRDA:306,16,1,4
BRDA:351,17,0,4
BRDA:351,17,1,4
BRDA:370,18,0,104
BRDA:370,18,1,2
BRDA:377,19,0,3
BRDA:377,19,1,1
BRDA:427,20,0,106
BRDA:427,20,1,0
BRDA:465,21,0,1
BRDA:465,21,1,1
BRDA:475,22,0,1
BRDA:475,22,1,1
BRDA:512,23,0,3
BRDA:512,23,1,0
BRDA:534,24,0,2
BRDA:534,24,1,0
BRDA:578,25,0,0
BRDA:578,25,1,1
BRF:52
BRH:45
end_of_record
TN:
SF:src/services/assets/AssetsRepository.ts
FN:10,(anonymous_0)
FN:14,(anonymous_1)
FN:22,(anonymous_2)
FN:28,(anonymous_3)
FN:38,(anonymous_4)
FN:48,(anonymous_5)
FN:56,(anonymous_6)
FN:64,(anonymous_7)
FN:66,(anonymous_8)
FN:76,(anonymous_9)
FNF:10
FNH:5
FNDA:9,(anonymous_0)
FNDA:8,(anonymous_1)
FNDA:0,(anonymous_2)
FNDA:0,(anonymous_3)
FNDA:0,(anonymous_4)
FNDA:0,(anonymous_5)
FNDA:0,(anonymous_6)
FNDA:8,(anonymous_7)
FNDA:8,(anonymous_8)
FNDA:15,(anonymous_9)
DA:1,2
DA:7,2
DA:11,9
DA:15,8
DA:19,8
DA:26,0
DA:28,0
DA:42,0
DA:43,0
DA:46,0
DA:47,0
DA:48,0
DA:50,0
DA:53,0
DA:58,0
DA:61,0
DA:66,8
DA:67,8
DA:68,8
DA:69,12
DA:70,12
DA:75,12
DA:77,15
DA:81,12
DA:82,3
DA:84,9
DA:87,12
DA:89,8
LF:28
LH:17
BRDA:19,0,0,8
BRDA:19,0,1,0
BRDA:28,1,0,0
BRDA:28,1,1,0
BRDA:50,2,0,0
BRDA:50,2,1,0
BRDA:58,3,0,0
BRDA:58,3,1,0
BRDA:71,4,0,12
BRDA:71,4,1,1
BRDA:77,5,0,15
BRDA:77,5,1,9
BRDA:81,6,0,3
BRDA:81,6,1,9
BRF:14
BRH:7
end_of_record
TN:
SF:src/services/assets/AssetsService.ts
FN:321,(anonymous_0)
FN:47,(anonymous_1)
FN:79,(anonymous_2)
FN:112,(anonymous_3)
FN:116,(anonymous_4)
FN:120,(anonymous_5)
FN:146,(anonymous_6)
FN:205,(anonymous_7)
FN:213,(anonymous_8)
FN:221,(anonymous_9)
FN:237,(anonymous_10)
FN:250,(anonymous_11)
FN:255,(anonymous_12)
FN:266,(anonymous_13)
FN:269,(anonymous_14)
FN:276,(anonymous_15)
FN:280,(anonymous_16)
FN:284,(anonymous_17)
FN:295,(anonymous_18)
FN:303,(anonymous_19)
FN:309,(anonymous_20)
FNF:21
FNH:12
FNDA:0,(anonymous_0)
FNDA:63,(anonymous_1)
FNDA:53,(anonymous_2)
FNDA:0,(anonymous_3)
FNDA:0,(anonymous_4)
FNDA:3,(anonymous_5)
FNDA:3,(anonymous_6)
FNDA:3,(anonymous_7)
FNDA:0,(anonymous_8)
FNDA:0,(anonymous_9)
FNDA:0,(anonymous_10)
FNDA:0,(anonymous_11)
FNDA:1,(anonymous_12)
FNDA:10,(anonymous_13)
FNDA:35,(anonymous_14)
FNDA:18,(anonymous_15)
FNDA:1,(anonymous_16)
FNDA:1,(anonymous_17)
FNDA:0,(anonymous_18)
FNDA:1,(anonymous_19)
FNDA:0,(anonymous_20)
DA:7,2
DA:15,2
DA:22,2
DA:28,2
DA:29,2
DA:30,2
DA:36,2
DA:38,2
DA:68,63
DA:70,63
DA:80,53
DA:82,63
DA:83,63
DA:89,58
DA:93,58
DA:95,58
DA:96,58
DA:98,58
DA:99,57
DA:103,57
DA:104,57
DA:109,1
DA:113,0
DA:117,0
DA:124,3
DA:125,1
DA:128,2
DA:129,2
DA:131,2
DA:132,1
DA:135,1
DA:136,0
DA:137,0
DA:139,0
DA:143,1
DA:150,3
DA:151,0
DA:154,3
DA:155,3
DA:156,3
DA:158,3
DA:159,5
DA:160,2
DA:165,3
DA:166,3
DA:170,3
DA:171,1
DA:174,2
DA:175,2
DA:179,2
DA:180,0
DA:184,2
DA:187,0
DA:188,0
DA:193,0
DA:199,2
DA:205,2
DA:206,3
DA:210,2
DA:217,0
DA:221,0
DA:222,0
DA:224,0
DA:226,0
DA:227,0
DA:230,0
DA:231,0
DA:232,0
DA:236,0
DA:237,0
DA:241,0
DA:245,0
DA:249,0
DA:250,0
DA:256,1
DA:260,1
DA:262,1
DA:263,0
DA:266,10
DA:273,35
DA:277,18
DA:281,1
DA:292,1
DA:300,0
DA:306,1
DA:317,0
DA:321,2
LF:87
LH:59
BRDA:95,0,0,58
BRDA:95,0,1,0
BRDA:98,1,0,57
BRDA:98,1,1,1
BRDA:103,2,0,57
BRDA:103,2,1,0
BRDA:124,3,0,1
BRDA:124,3,1,2
BRDA:131,4,0,1
BRDA:131,4,1,1
BRDA:135,5,0,0
BRDA:135,5,1,1
BRDA:150,6,0,0
BRDA:150,6,1,3
BRDA:159,7,0,2
BRDA:159,7,1,3
BRDA:170,8,0,1
BRDA:170,8,1,2
BRDA:179,9,0,0
BRDA:179,9,1,2
BRDA:184,10,0,0
BRDA:184,10,1,2
BRDA:207,11,0,3
BRDA:207,11,1,0
BRDA:226,12,0,0
BRDA:226,12,1,0
BRDA:230,13,0,0
BRDA:230,13,1,0
BRDA:262,14,0,0
BRDA:262,14,1,1
BRF:30
BRH:18
end_of_record
TN:
SF:src/services/assets/mapControllerAsset.ts
FN:17,mapControllerAsset
FNF:1
FNH:1
FNDA:7,mapControllerAsset
DA:3,3
DA:5,3
DA:7,3
DA:17,3
DA:22,7
DA:23,7
DA:24,7
DA:25,7
DA:26,7
DA:27,7
DA:29,7
LF:11
LH:11
BRDA:24,0,0,7
BRDA:24,0,1,2
BRDA:24,0,2,1
BRDA:25,1,0,7
BRDA:25,1,1,2
BRDA:25,1,2,1
BRDA:26,2,0,7
BRDA:26,2,1,6
BRDA:26,2,2,2
BRF:9
BRH:9
end_of_record
TN:
SF:src/services/assets/snapOwnedAssets.ts
FN:16,isSnapOwnedAsset
FNF:1
FNH:1
FNDA:55,isSnapOwnedAsset
DA:1,3
DA:3,3
DA:16,3
DA:17,55
LF:4
LH:4
BRF:0
BRH:0
end_of_record
TN:
SF:src/services/assets/types.ts
FNF:0
FNH:0
DA:1,19
DA:3,19
DA:23,19
DA:31,19
DA:39,19
DA:47,19
DA:55,19
DA:63,19
DA:71,19
DA:79,19
DA:87,19
LF:11
LH:11
BRF:0
BRH:0
end_of_record
TN:
SF:src/services/assets/adapters/CoreAssetsAdapter.ts
FN:21,(anonymous_0)
FN:25,(anonymous_1)
FN:42,(anonymous_2)
FN:53,(anonymous_3)
FN:69,(anonymous_4)
FN:81,(anonymous_5)
FN:95,(anonymous_6)
FNF:7
FNH:5
FNDA:63,(anonymous_0)
FNDA:1,(anonymous_1)
FNDA:2,(anonymous_2)
FNDA:3,(anonymous_3)
FNDA:3,(anonymous_4)
FNDA:0,(anonymous_5)
FNDA:0,(anonymous_6)
DA:8,2
DA:13,2
DA:18,2
DA:22,63
DA:29,1
DA:35,1
DA:36,0
DA:39,1
DA:46,2
DA:47,0
DA:50,2
DA:53,3
DA:58,2
DA:65,2
DA:68,2
DA:70,3
DA:71,3
DA:85,0
DA:92,0
DA:95,0
DA:96,0
LF:21
LH:15
BRDA:35,0,0,0
BRDA:35,0,1,1
BRDA:46,1,0,0
BRDA:46,1,1,2
BRDA:65,2,0,2
BRDA:65,2,1,0
BRDA:73,3,0,3
BRDA:73,3,1,0
BRDA:92,4,0,0
BRDA:92,4,1,0
BRF:10
BRH:4
end_of_record
TN:
SF:src/services/assets/adapters/SnapAssetsAdapter.ts
FN:129,(anonymous_0)
FN:166,(anonymous_1)
FN:174,(anonymous_2)
FN:181,(anonymous_3)
FN:191,(anonymous_4)
FN:215,(anonymous_5)
FN:248,(anonymous_6)
FN:270,(anonymous_7)
FN:277,(anonymous_8)
FN:302,(anonymous_9)
FN:432,(anonymous_10)
FN:437,(anonymous_11)
FN:451,(anonymous_12)
FN:534,(anonymous_13)
FN:600,(anonymous_14)
FN:670,(anonymous_15)
FN:809,(anonymous_16)
FN:839,(anonymous_17)
FN:840,(anonymous_18)
FN:855,(anonymous_19)
FN:933,(anonymous_20)
FN:936,(anonymous_21)
FN:939,(anonymous_22)
FN:942,(anonymous_23)
FN:945,(anonymous_24)
FN:948,(anonymous_25)
FN:951,(anonymous_26)
FN:954,(anonymous_27)
FN:957,(anonymous_28)
FN:960,(anonymous_29)
FN:963,(anonymous_30)
FN:966,(anonymous_31)
FN:1265,(anonymous_32)
FN:1267,(anonymous_33)
FN:1290,(anonymous_34)
FN:1295,(anonymous_35)
FN:1296,(anonymous_36)
FN:1302,(anonymous_37)
FN:1306,(anonymous_38)
FN:1310,(anonymous_39)
FN:1313,(anonymous_40)
FN:1324,(anonymous_41)
FN:1333,(anonymous_42)
FN:1339,(anonymous_43)
FN:1367,(anonymous_44)
FN:1374,(anonymous_45)
FN:1385,(anonymous_46)
FN:1417,(anonymous_47)
FN:1418,(anonymous_48)
FN:1431,(anonymous_49)
FN:1447,(anonymous_50)
FN:1462,(anonymous_51)
FN:1463,(anonymous_52)
FN:1473,(anonymous_53)
FN:1507,(anonymous_54)
FN:1515,(anonymous_55)
FN:1528,(anonymous_56)
FN:1572,(anonymous_57)
FN:1595,(anonymous_58)
FN:1610,(anonymous_59)
FN:1638,(anonymous_60)
FN:1727,(anonymous_61)
FN:1733,(anonymous_62)
FN:1767,(anonymous_63)
FN:1785,(anonymous_64)
FN:1795,(anonymous_65)
FN:1847,(anonymous_66)
FN:1864,(anonymous_67)
FN:1872,(anonymous_68)
FN:1877,(anonymous_69)
FN:1893,(anonymous_70)
FN:1895,(anonymous_71)
FNF:72
FNH:52
FNDA:63,(anonymous_0)
FNDA:0,(anonymous_1)
FNDA:4,(anonymous_2)
FNDA:0,(anonymous_3)
FNDA:0,(anonymous_4)
FNDA:35,(anonymous_5)
FNDA:0,(anonymous_6)
FNDA:345,(anonymous_7)
FNDA:0,(anonymous_8)
FNDA:345,(anonymous_9)
FNDA:345,(anonymous_10)
FNDA:345,(anonymous_11)
FNDA:345,(anonymous_12)
FNDA:0,(anonymous_13)
FNDA:12,(anonymous_14)
FNDA:12,(anonymous_15)
FNDA:0,(anonymous_16)
FNDA:1,(anonymous_17)
FNDA:1,(anonymous_18)
FNDA:36,(anonymous_19)
FNDA:357,(anonymous_20)
FNDA:357,(anonymous_21)
FNDA:357,(anonymous_22)
FNDA:357,(anonymous_23)
FNDA:357,(anonymous_24)
FNDA:357,(anonymous_25)
FNDA:357,(anonymous_26)
FNDA:357,(anonymous_27)
FNDA:357,(anonymous_28)
FNDA:357,(anonymous_29)
FNDA:357,(anonymous_30)
FNDA:357,(anonymous_31)
FNDA:0,(anonymous_32)
FNDA:0,(anonymous_33)
FNDA:18,(anonymous_34)
FNDA:41,(anonymous_35)
FNDA:18,(anonymous_36)
FNDA:84,(anonymous_37)
FNDA:80,(anonymous_38)
FNDA:60,(anonymous_39)
FNDA:40,(anonymous_40)
FNDA:41,(anonymous_41)
FNDA:41,(anonymous_42)
FNDA:40,(anonymous_43)
FNDA:80,(anonymous_44)
FNDA:40,(anonymous_45)
FNDA:1,(anonymous_46)
FNDA:18,(anonymous_47)
FNDA:18,(anonymous_48)
FNDA:1,(anonymous_49)
FNDA:41,(anonymous_50)
FNDA:18,(anonymous_51)
FNDA:18,(anonymous_52)
FNDA:19,(anonymous_53)
FNDA:1,(anonymous_54)
FNDA:2,(anonymous_55)
FNDA:19,(anonymous_56)
FNDA:0,(anonymous_57)
FNDA:0,(anonymous_58)
FNDA:0,(anonymous_59)
FNDA:0,(anonymous_60)
FNDA:0,(anonymous_61)
FNDA:0,(anonymous_62)
FNDA:0,(anonymous_63)
FNDA:0,(anonymous_64)
FNDA:0,(anonymous_65)
FNDA:1,(anonymous_66)
FNDA:6,(anonymous_67)
FNDA:0,(anonymous_68)
FNDA:6,(anonymous_69)
FNDA:6,(anonymous_70)
FNDA:0,(anonymous_71)
DA:1,2
DA:7,2
DA:15,2
DA:17,2
DA:18,2
DA:19,2
DA:27,2
DA:42,2
DA:57,2
DA:59,2
DA:60,2
DA:63,2
DA:66,2
DA:102,2
DA:152,63
DA:153,63
DA:154,63
DA:155,63
DA:156,63
DA:157,63
DA:158,63
DA:159,63
DA:160,63
DA:162,63
DA:163,63
DA:167,0
DA:171,53
DA:178,4
DA:185,0
DA:190,0
DA:191,0
DA:219,35
DA:224,35
DA:230,35
DA:236,35
DA:237,35
DA:238,6
DA:245,35
DA:249,0
DA:250,0
DA:254,0
DA:258,35
DA:266,35
DA:270,345
DA:271,35
DA:273,35
DA:278,0
DA:279,0
DA:283,35
DA:287,35
DA:302,35
DA:304,345
DA:305,344
DA:308,1
DA:309,1
DA:312,35
DA:337,35
DA:339,35
DA:343,35
DA:347,35
DA:348,6
DA:362,29
DA:363,29
DA:391,29
DA:404,35
DA:430,35
DA:433,345
DA:437,345
DA:451,35
DA:452,345
DA:460,345
DA:461,345
DA:462,345
DA:463,345
DA:465,345
DA:466,344
DA:467,344
DA:468,344
DA:469,344
DA:471,0
DA:473,344
DA:476,345
DA:478,345
DA:501,29
DA:529,35
DA:531,35
DA:532,35
DA:534,35
DA:535,0
DA:537,0
DA:538,0
DA:539,0
DA:541,0
DA:546,35
DA:548,35
DA:550,35
DA:551,35
DA:553,35
DA:567,35
DA:581,35
DA:597,35
DA:598,35
DA:600,35
DA:601,12
DA:602,12
DA:604,12
DA:605,6
DA:610,35
DA:612,35
DA:637,35
DA:667,35
DA:668,35
DA:670,35
DA:671,12
DA:672,12
DA:674,12
DA:675,6
DA:679,35
DA:681,35
DA:711,35
DA:712,35
DA:713,35
DA:715,35
DA:716,35
DA:717,35
DA:719,35
DA:721,35
DA:763,35
DA:764,35
DA:769,35
DA:771,35
DA:808,29
DA:811,0
DA:839,29
DA:840,1
DA:841,1
DA:858,36
DA:872,36
DA:875,36
DA:876,36
DA:880,36
DA:881,36
DA:884,36
DA:887,36
DA:888,36
DA:892,36
DA:893,36
DA:896,36
DA:901,36
DA:914,36
DA:916,36
DA:933,36
DA:934,357
DA:936,36
DA:937,357
DA:939,36
DA:940,357
DA:942,36
DA:943,357
DA:945,36
DA:946,357
DA:948,36
DA:949,357
DA:951,36
DA:952,357
DA:954,36
DA:955,357
DA:957,36
DA:958,357
DA:960,36
DA:961,357
DA:963,36
DA:964,357
DA:966,36
DA:967,357
DA:970,36
DA:992,36
DA:994,36
DA:995,30
DA:1010,36
DA:1020,36
DA:1022,36
DA:1023,72
DA:1025,72
DA:1026,36
DA:1041,72
DA:1043,72
DA:1044,36
DA:1060,36
DA:1069,36
DA:1071,36
DA:1072,36
DA:1087,36
DA:1096,36
DA:1098,36
DA:1099,36
DA:1114,36
DA:1123,36
DA:1125,36
DA:1126,36
DA:1141,36
DA:1150,36
DA:1152,36
DA:1153,36
DA:1168,36
DA:1177,36
DA:1179,36
DA:1180,36
DA:1195,36
DA:1204,36
DA:1206,36
DA:1207,36
DA:1222,36
DA:1231,36
DA:1233,36
DA:1234,36
DA:1249,36
DA:1255,36
DA:1266,0
DA:1268,0
DA:1272,0
DA:1273,0
DA:1276,0
DA:1291,18
DA:1293,18
DA:1294,18
DA:1295,41
DA:1297,18
DA:1302,18
DA:1303,84
DA:1306,18
DA:1307,80
DA:1309,18
DA:1310,18
DA:1311,60
DA:1313,18
DA:1315,40
DA:1316,40
DA:1323,18
DA:1325,41
DA:1326,41
DA:1327,41
DA:1332,18
DA:1333,41
DA:1339,18
DA:1341,40
DA:1343,40
DA:1347,35
DA:1351,5
DA:1352,5
DA:1356,0
DA:1359,5
DA:1367,18
DA:1368,80
DA:1374,18
DA:1375,40
DA:1382,18
DA:1385,1
DA:1398,18
DA:1401,40
DA:1414,18
DA:1417,18
DA:1418,18
DA:1420,18
DA:1421,18
DA:1429,18
DA:1431,1
DA:1437,18
DA:1439,18
DA:1443,18
DA:1447,41
DA:1461,18
DA:1462,18
DA:1463,18
DA:1466,18
DA:1467,18
DA:1475,19
DA:1478,19
DA:1493,8
DA:1494,8
DA:1496,8
DA:1512,1
DA:1514,1
DA:1515,2
DA:1518,1
DA:1520,1
DA:1521,30
DA:1523,30
DA:1524,20
DA:1527,10
DA:1528,19
DA:1531,10
DA:1532,8
DA:1536,8
DA:1540,1
DA:1550,0
DA:1551,0
DA:1555,0
DA:1557,0
DA:1571,0
DA:1572,0
DA:1575,0
DA:1580,0
DA:1600,0
DA:1601,0
DA:1610,0
DA:1616,0
DA:1636,0
DA:1638,0
DA:1639,0
DA:1641,0
DA:1646,0
DA:1652,0
DA:1654,0
DA:1655,0
DA:1656,0
DA:1659,0
DA:1661,0
DA:1664,0
DA:1670,0
DA:1672,0
DA:1673,0
DA:1674,0
DA:1677,0
DA:1679,0
DA:1682,0
DA:1683,0
DA:1684,0
DA:1687,0
DA:1689,0
DA:1691,0
DA:1698,0
DA:1712,0
DA:1727,0
DA:1728,0
DA:1733,0
DA:1737,0
DA:1741,0
DA:1751,0
DA:1764,0
DA:1775,0
DA:1776,0
DA:1785,0
DA:1788,0
DA:1793,0
DA:1795,0
DA:1796,0
DA:1799,0
DA:1800,0
DA:1805,0
DA:1811,0
DA:1813,0
DA:1814,0
DA:1817,0
DA:1819,0
DA:1822,0
DA:1823,0
DA:1827,0
DA:1830,0
DA:1836,0
DA:1855,1
DA:1856,1
DA:1858,1
DA:1859,1
DA:1861,1
DA:1864,1
DA:1865,6
DA:1872,0
DA:1878,6
DA:1879,6
DA:1883,6
DA:1890,1
DA:1892,1
DA:1894,6
DA:1895,6
DA:1899,6
DA:1904,1
DA:1906,1
DA:1912,1
LF:379
LH:291
BRDA:191,0,0,0
BRDA:191,0,1,0
BRDA:237,1,0,6
BRDA:237,1,1,29
BRDA:245,2,0,2
BRDA:245,2,1,33
BRDA:245,3,0,35
BRDA:245,3,1,29
BRDA:266,4,0,6
BRDA:266,4,1,29
BRDA:304,5,0,344
BRDA:304,5,1,1
BRDA:339,6,0,34
BRDA:339,6,1,1
BRDA:343,7,0,34
BRDA:343,7,1,1
BRDA:347,8,0,6
BRDA:347,8,1,29
BRDA:364,9,0,29
BRDA:364,9,1,0
BRDA:365,10,0,29
BRDA:365,10,1,29
BRDA:366,11,0,29
BRDA:366,11,1,0
BRDA:368,12,0,29
BRDA:368,12,1,0
BRDA:369,13,0,29
BRDA:369,13,1,0
BRDA:433,14,0,345
BRDA:433,14,1,1
BRDA:433,14,2,1
BRDA:458,15,0,0
BRDA:465,16,0,344
BRDA:465,16,1,1
BRDA:467,17,0,344
BRDA:467,17,1,0
BRDA:468,18,0,344
BRDA:468,18,1,0
BRDA:468,18,2,0
BRDA:469,19,0,344
BRDA:469,19,1,0
BRDA:471,20,0,0
BRDA:471,20,1,0
BRDA:473,21,0,344
BRDA:473,21,1,0
BRDA:535,22,0,0
BRDA:535,22,1,0
BRDA:537,23,0,0
BRDA:537,23,1,0
BRDA:539,24,0,0
BRDA:539,24,1,0
BRDA:546,25,0,35
BRDA:546,25,1,35
BRDA:548,26,0,35
BRDA:548,26,1,35
BRDA:601,27,0,12
BRDA:601,27,1,0
BRDA:602,28,0,12
BRDA:602,28,1,0
BRDA:604,29,0,6
BRDA:604,29,1,6
BRDA:604,30,0,12
BRDA:604,30,1,6
BRDA:671,31,0,12
BRDA:671,31,1,0
BRDA:672,32,0,12
BRDA:672,32,1,0
BRDA:674,33,0,6
BRDA:674,33,1,6
BRDA:674,34,0,12
BRDA:674,34,1,6
BRDA:711,35,0,35
BRDA:711,35,1,19
BRDA:712,36,0,35
BRDA:712,36,1,25
BRDA:715,37,0,35
BRDA:715,37,1,25
BRDA:716,38,0,35
BRDA:716,38,1,34
BRDA:763,39,0,35
BRDA:763,39,1,30
BRDA:764,40,0,35
BRDA:764,40,1,33
BRDA:809,41,0,29
BRDA:809,41,1,0
BRDA:817,42,0,0
BRDA:817,42,1,0
BRDA:1025,43,0,36
BRDA:1025,43,1,36
BRDA:1043,44,0,36
BRDA:1043,44,1,36
BRDA:1268,45,0,0
BRDA:1268,45,1,0
BRDA:1272,46,0,0
BRDA:1272,46,1,0
BRDA:1303,47,0,84
BRDA:1303,47,1,4
BRDA:1303,48,0,84
BRDA:1303,48,1,0
BRDA:1307,49,0,80
BRDA:1307,49,1,60
BRDA:1315,50,0,40
BRDA:1315,50,1,0
BRDA:1316,51,0,40
BRDA:1316,51,1,0
BRDA:1343,52,0,35
BRDA:1343,52,1,5
BRDA:1344,53,0,40
BRDA:1344,53,1,40
BRDA:1351,54,0,5
BRDA:1351,54,1,0
BRDA:1352,55,0,0
BRDA:1352,55,1,5
BRDA:1353,56,0,5
BRDA:1353,56,1,0
BRDA:1368,57,0,80
BRDA:1368,57,1,20
BRDA:1388,58,0,1
BRDA:1388,58,1,1
BRDA:1390,59,0,1
BRDA:1390,59,1,1
BRDA:1403,60,0,40
BRDA:1403,60,1,17
BRDA:1404,61,0,39
BRDA:1404,61,1,1
BRDA:1407,62,0,40
BRDA:1407,62,1,17
BRDA:1408,63,0,1
BRDA:1408,63,1,39
BRDA:1420,64,0,18
BRDA:1420,64,1,0
BRDA:1450,65,0,41
BRDA:1450,65,1,18
BRDA:1466,66,0,18
BRDA:1466,66,1,0
BRDA:1475,67,0,19
BRDA:1475,67,1,0
BRDA:1523,68,0,20
BRDA:1523,68,1,10
BRDA:1531,69,0,8
BRDA:1531,69,1,2
BRDA:1550,70,0,0
BRDA:1550,70,1,0
BRDA:1600,71,0,0
BRDA:1600,71,1,0
BRDA:1646,72,0,0
BRDA:1646,72,1,0
BRDA:1654,73,0,0
BRDA:1654,73,1,0
BRDA:1661,74,0,0
BRDA:1661,74,1,0
BRDA:1664,75,0,0
BRDA:1664,75,1,0
BRDA:1672,76,0,0
BRDA:1672,76,1,0
BRDA:1679,77,0,0
BRDA:1679,77,1,0
BRDA:1682,78,0,0
BRDA:1682,78,1,0
BRDA:1682,79,0,0
BRDA:1682,79,1,0
BRDA:1728,80,0,0
BRDA:1728,80,1,0
BRDA:1728,81,0,0
BRDA:1728,81,1,0
BRDA:1737,82,0,0
BRDA:1737,82,1,0
BRDA:1737,83,0,0
BRDA:1737,83,1,0
BRDA:1755,84,0,0
BRDA:1755,84,1,0
BRDA:1759,85,0,0
BRDA:1759,85,1,0
BRDA:1775,86,0,0
BRDA:1775,86,1,0
BRDA:1799,87,0,0
BRDA:1799,87,1,0
BRDA:1805,88,0,0
BRDA:1805,88,1,0
BRDA:1813,89,0,0
BRDA:1813,89,1,0
BRDA:1819,90,0,0
BRDA:1819,90,1,0
BRDA:1822,91,0,0
BRDA:1822,91,1,0
BRF:185
BRH:101
end_of_record
TN:
SF:src/services/config/ConfigProvider.ts
FN:25,(anonymous_0)
FN:111,(anonymous_1)
FN:227,(anonymous_2)
FN:231,(anonymous_3)
FN:232,(anonymous_4)
FNF:5
FNH:3
FNDA:54,(anonymous_0)
FNDA:18,(anonymous_1)
FNDA:23,(anonymous_2)
FNDA:0,(anonymous_3)
FNDA:0,(anonymous_4)
DA:3,2
DA:11,2
DA:13,2
DA:14,2
DA:16,2
DA:22,2
DA:25,54
DA:28,2
DA:108,2
DA:112,18
DA:113,18
DA:117,18
DA:145,18
DA:149,18
DA:228,23
DA:232,0
DA:233,0
DA:234,0
DA:236,0
LF:19
LH:15
BRDA:171,0,0,0
BRDA:171,0,1,18
BRDA:183,1,0,0
BRDA:183,1,1,18
BRDA:196,2,0,0
BRDA:196,2,1,18
BRDA:202,3,0,0
BRDA:202,3,1,18
BRDA:233,4,0,0
BRDA:233,4,1,0
BRF:10
BRH:4
end_of_record
TN:
SF:src/services/confirmation/ConfirmationHandler.ts
FN:47,(anonymous_9)
FN:77,(anonymous_10)
FN:149,(anonymous_11)
FN:225,(anonymous_12)
FN:257,(anonymous_13)
FNF:5
FNH:5
FNDA:15,(anonymous_9)
FNDA:1,(anonymous_10)
FNDA:6,(anonymous_11)
FNDA:7,(anonymous_12)
FNDA:7,(anonymous_13)
DA:1,2
DA:2,2
DA:3,2
DA:8,2
DA:12,2
DA:13,2
DA:14,2
DA:15,2
DA:16,2
DA:17,2
DA:18,2
DA:19,2
DA:21,2
DA:22,2
DA:23,2
DA:25,2
DA:26,2
DA:28,2
DA:34,2
DA:60,15
DA:61,15
DA:62,15
DA:63,15
DA:64,15
DA:65,15
DA:69,7
DA:70,7
DA:72,2
DA:73,2
DA:84,1
DA:89,1
DA:92,1
DA:94,0
DA:97,1
DA:100,0
DA:101,0
DA:109,0
DA:110,0
DA:117,1
DA:126,1
DA:129,1
DA:132,1
DA:136,1
DA:138,1
DA:144,1
DA:146,1
DA:171,6
DA:177,6
DA:193,6
DA:196,6
DA:197,5
DA:203,1
DA:210,6
DA:232,7
DA:233,7
DA:238,7
DA:243,7
DA:246,7
DA:250,7
DA:257,7
DA:258,7
DA:262,7
DA:263,7
DA:265,1
DA:270,6
DA:286,6
DA:287,6
DA:289,6
DA:290,6
LF:69
LH:64
BRDA:92,0,0,0
BRDA:92,0,1,1
BRDA:92,0,2,0
BRDA:196,1,0,5
BRDA:196,1,1,1
BRDA:243,2,0,1
BRDA:243,2,1,6
BRDA:246,3,0,1
BRDA:246,3,1,6
BRF:9
BRH:7
end_of_record
TN:
SF:src/services/send/FeeCalculatorService.ts
FN:136,(anonymous_0)
FN:178,(anonymous_1)
FN:354,(anonymous_2)
FN:565,(anonymous_3)
FN:668,(anonymous_4)
FN:676,(anonymous_5)
FN:723,(anonymous_6)
FN:778,(anonymous_7)
FN:781,(anonymous_8)
FNF:9
FNH:8
FNDA:65,(anonymous_0)
FNDA:0,(anonymous_1)
FNDA:5,(anonymous_2)
FNDA:2,(anonymous_3)
FNDA:16,(anonymous_4)
FNDA:16,(anonymous_5)
FNDA:64,(anonymous_6)
FNDA:34,(anonymous_7)
FNDA:67,(anonymous_8)
DA:2,2
DA:3,2
DA:12,2
DA:15,2
DA:26,2
DA:27,2
DA:51,2
DA:58,2
DA:68,2
DA:71,2
DA:82,2
DA:127,2
DA:147,65
DA:148,65
DA:149,65
DA:150,65
DA:169,64
DA:175,64
DA:176,64
DA:177,0
DA:178,0
DA:181,0
DA:190,64
DA:207,64
DA:209,64
DA:210,0
DA:213,0
DA:216,64
DA:218,64
DA:219,64
DA:220,64
DA:224,64
DA:231,21
DA:232,43
DA:236,34
DA:243,9
DA:247,9
DA:250,9
DA:255,0
DA:258,0
DA:261,63
DA:264,63
DA:267,63
DA:269,63
DA:281,16
DA:282,16
DA:283,11
DA:285,5
DA:286,1
DA:289,5
DA:290,5
DA:310,44
DA:311,44
DA:313,7
DA:314,7
DA:319,7
DA:321,7
DA:322,6
DA:323,1
DA:326,1
DA:329,1
DA:335,6
DA:336,6
DA:352,4
DA:354,5
DA:357,3
DA:359,3
DA:368,3
DA:380,11
DA:381,4
DA:383,7
DA:408,23
DA:409,9
DA:413,14
DA:415,14
DA:418,14
DA:419,3
DA:423,11
DA:424,11
DA:427,11
DA:428,11
DA:429,3
DA:431,8
DA:434,11
DA:436,11
DA:450,11
DA:465,23
DA:466,13
DA:469,10
DA:470,10
DA:476,8
DA:477,8
DA:478,8
DA:480,8
DA:490,8
DA:492,2
DA:493,2
DA:497,2
DA:519,34
DA:528,34
DA:530,34
DA:531,0
DA:532,0
DA:535,34
DA:548,34
DA:566,2
DA:567,2
DA:570,2
DA:577,29
DA:578,1
DA:581,24
DA:582,23
DA:585,23
DA:591,23
DA:597,23
DA:609,23
DA:612,1
DA:613,1
DA:615,10
DA:616,10
DA:620,10
DA:640,58
DA:642,58
DA:643,0
DA:647,58
DA:649,58
DA:650,58
DA:651,16
DA:656,16
DA:657,16
DA:662,58
DA:663,42
DA:667,16
DA:669,16
DA:670,16
DA:675,16
DA:677,16
DA:678,5
DA:681,5
DA:683,11
DA:687,16
DA:701,58
DA:702,58
DA:703,58
DA:704,4
DA:705,4
DA:707,54
DA:736,64
DA:742,64
DA:743,64
DA:755,63
DA:756,63
DA:758,63
DA:766,63
DA:771,63
DA:775,40
DA:778,35
DA:781,67
DA:785,35
DA:788,35
DA:792,35
DA:798,58
DA:803,58
DA:804,5
DA:810,58
DA:812,58
DA:813,4
DA:819,58
DA:835,58
DA:836,31
DA:851,58
DA:852,58
DA:863,58
LF:173
LH:163
BRDA:176,0,0,0
BRDA:176,0,1,64
BRDA:176,1,0,64
BRDA:176,1,1,0
BRDA:209,2,0,0
BRDA:209,2,1,64
BRDA:209,3,0,64
BRDA:209,3,1,64
BRDA:224,4,0,21
BRDA:224,4,1,43
BRDA:225,5,0,64
BRDA:225,5,1,43
BRDA:232,6,0,34
BRDA:232,6,1,9
BRDA:243,7,0,9
BRDA:243,7,1,0
BRDA:285,8,0,1
BRDA:285,8,1,4
BRDA:322,9,0,1
BRDA:322,9,1,5
BRDA:322,10,0,6
BRDA:322,10,1,2
BRDA:354,11,0,3
BRDA:354,11,1,1
BRDA:380,12,0,4
BRDA:380,12,1,7
BRDA:380,13,0,11
BRDA:380,13,1,4
BRDA:408,14,0,9
BRDA:408,14,1,14
BRDA:413,15,0,14
BRDA:413,15,1,1
BRDA:415,16,0,14
BRDA:415,16,1,1
BRDA:418,17,0,3
BRDA:418,17,1,11
BRDA:418,18,0,14
BRDA:418,18,1,12
BRDA:428,19,0,3
BRDA:428,19,1,8
BRDA:465,20,0,13
BRDA:465,20,1,10
BRDA:476,21,0,8
BRDA:476,21,1,1
BRDA:477,22,0,8
BRDA:477,22,1,1
BRDA:530,23,0,0
BRDA:530,23,1,34
BRDA:577,24,0,1
BRDA:577,24,1,24
BRDA:581,25,0,23
BRDA:581,25,1,1
BRDA:642,26,0,0
BRDA:642,26,1,58
BRDA:642,27,0,58
BRDA:642,27,1,58
BRDA:650,28,0,16
BRDA:650,28,1,42
BRDA:656,29,0,16
BRDA:656,29,1,0
BRDA:656,30,0,16
BRDA:656,30,1,16
BRDA:662,31,0,42
BRDA:662,31,1,16
BRDA:677,32,0,5
BRDA:677,32,1,11
BRDA:703,33,0,4
BRDA:703,33,1,54
BRDA:703,34,0,58
BRDA:703,34,1,4
BRDA:756,35,0,49
BRDA:756,35,1,14
BRDA:771,36,0,40
BRDA:771,36,1,23
BRDA:772,37,0,63
BRDA:772,37,1,49
BRDA:778,38,0,35
BRDA:778,38,1,1
BRDA:781,39,0,35
BRDA:781,39,1,2
BRDA:803,40,0,5
BRDA:803,40,1,53
BRDA:812,41,0,4
BRDA:812,41,1,54
BRDA:835,42,0,31
BRDA:835,42,1,27
BRDA:851,43,0,58
BRDA:851,43,1,0
BRF:88
BRH:80
end_of_record
TN:
SF:src/services/send/SendService.ts
FN:44,(anonymous_0)
FN:85,(anonymous_1)
FN:181,(anonymous_2)
FN:216,(anonymous_3)
FN:284,(anonymous_4)
FN:311,(anonymous_5)
FN:344,(anonymous_6)
FN:384,(anonymous_7)
FNF:8
FNH:7
FNDA:28,(anonymous_0)
FNDA:17,(anonymous_1)
FNDA:14,(anonymous_2)
FNDA:16,(anonymous_3)
FNDA:10,(anonymous_4)
FNDA:0,(anonymous_5)
FNDA:6,(anonymous_6)
FNDA:6,(anonymous_7)
DA:1,2
DA:2,2
DA:15,2
DA:17,2
DA:18,2
DA:19,2
DA:20,2
DA:22,2
DA:29,2
DA:61,28
DA:62,28
DA:63,28
DA:64,28
DA:65,28
DA:66,28
DA:67,28
DA:100,17
DA:108,17
DA:109,17
DA:115,17
DA:122,17
DA:125,17
DA:128,17
DA:131,17
DA:138,17
DA:139,3
DA:143,3
DA:153,14
DA:167,14
DA:180,14
DA:181,14
DA:189,14
DA:191,14
DA:202,14
DA:203,3
DA:207,3
DA:213,11
DA:233,16
DA:237,16
DA:238,16
DA:240,10
DA:241,10
DA:250,0
DA:251,0
DA:262,6
DA:263,6
DA:274,0
DA:277,0
DA:278,0
DA:297,10
DA:299,10
DA:301,10
DA:302,10
DA:307,10
DA:308,10
DA:328,0
DA:330,0
DA:332,0
DA:334,0
DA:340,0
DA:341,0
DA:361,6
DA:363,6
DA:365,6
DA:366,6
DA:367,6
DA:373,6
DA:381,6
DA:400,6
DA:406,6
DA:411,6
DA:413,5
DA:416,5
DA:424,5
DA:425,5
DA:427,5
DA:428,1
DA:431,4
DA:437,4
DA:448,4
DA:471,10
DA:472,2
DA:474,2
DA:476,2
DA:478,2
LF:85
LH:74
BRDA:122,0,0,16
BRDA:122,0,1,1
BRDA:125,1,0,16
BRDA:125,1,1,1
BRDA:128,2,0,16
BRDA:128,2,1,1
BRDA:131,3,0,16
BRDA:131,3,1,1
BRDA:138,4,0,3
BRDA:138,4,1,14
BRDA:181,5,0,14
BRDA:181,5,1,0
BRDA:189,6,0,9
BRDA:189,6,1,5
BRDA:202,7,0,3
BRDA:202,7,1,11
BRDA:238,8,0,10
BRDA:238,8,1,0
BRDA:238,8,2,6
BRDA:238,8,3,0
BRDA:279,9,0,0
BRDA:279,9,1,0
BRDA:376,10,0,1
BRDA:376,10,1,5
BRDA:388,11,0,6
BRDA:427,12,0,1
BRDA:427,12,1,4
BRDA:471,13,0,2
BRDA:471,13,1,8
BRF:29
BRH:24
end_of_record
TN:
SF:src/services/send/errors.ts
FN:13,(anonymous_0)
FNF:1
FNH:1
FNDA:9,(anonymous_0)
DA:12,3
DA:14,9
DA:17,9
LF:3
LH:3
BRF:0
BRH:0
end_of_record
TN:
SF:src/services/staking/StakingService.ts
FN:26,(anonymous_0)
FN:43,(anonymous_1)
FN:75,(anonymous_2)
FN:89,(anonymous_3)
FN:141,(anonymous_4)
FN:151,(anonymous_5)
FN:168,(anonymous_6)
FN:176,(anonymous_7)
FN:193,(anonymous_8)
FNF:9
FNH:9
FNDA:17,(anonymous_0)
FNDA:12,(anonymous_1)
FNDA:12,(anonymous_2)
FNDA:12,(anonymous_3)
FNDA:11,(anonymous_4)
FNDA:1,(anonymous_5)
FNDA:1,(anonymous_6)
FNDA:1,(anonymous_7)
FNDA:1,(anonymous_8)
DA:1,2
DA:2,2
DA:8,2
DA:10,2
DA:11,2
DA:13,2
DA:17,2
DA:37,17
DA:38,17
DA:39,17
DA:40,17
DA:60,12
DA:61,12
DA:62,12
DA:63,12
DA:65,12
DA:69,12
DA:75,12
DA:98,12
DA:105,12
DA:112,8
DA:115,12
DA:122,3
DA:125,12
DA:126,1
DA:129,11
DA:131,11
DA:135,11
DA:141,11
DA:158,1
DA:162,1
DA:168,1
DA:183,1
DA:187,1
DA:193,1
LF:35
LH:35
BRDA:63,0,0,12
BRDA:63,0,1,10
BRDA:105,1,0,8
BRDA:105,1,1,4
BRDA:115,2,0,3
BRDA:115,2,1,9
BRDA:125,3,0,1
BRDA:125,3,1,11
BRF:8
BRH:8
end_of_record
TN:
SF:src/services/state/InMemoryState.ts
FN:14,(anonymous_0)
FN:18,(anonymous_1)
FN:22,(anonymous_2)
FN:30,(anonymous_3)
FN:34,(anonymous_4)
FN:44,(anonymous_5)
FN:52,(anonymous_6)
FNF:7
FNH:7
FNDA:53,(anonymous_0)
FNDA:10,(anonymous_1)
FNDA:41,(anonymous_2)
FNDA:12,(anonymous_3)
FNDA:4,(anonymous_4)
FNDA:30,(anonymous_5)
FNDA:3,(anonymous_6)
DA:1,2
DA:9,2
DA:15,53
DA:19,10
DA:25,41
DA:27,41
DA:31,12
DA:38,4
DA:39,4
DA:41,4
DA:47,30
DA:49,30
DA:54,3
LF:13
LH:13
BRF:0
BRH:0
end_of_record
TN:
SF:src/services/state/State.ts
FN:62,(anonymous_0)
FN:88,(anonymous_1)
FN:91,(anonymous_2)
FN:96,(anonymous_3)
FN:127,(anonymous_4)
FN:151,(anonymous_5)
FN:152,(anonymous_6)
FN:155,(anonymous_7)
FN:158,(anonymous_8)
FN:175,(anonymous_9)
FN:176,(anonymous_10)
FN:190,(anonymous_11)
FN:194,(anonymous_12)
FN:221,(anonymous_13)
FN:226,(anonymous_14)
FN:246,(anonymous_15)
FN:247,(anonymous_16)
FN:254,(anonymous_17)
FN:255,(anonymous_18)
FN:256,(anonymous_19)
FNF:20
FNH:17
FNDA:12,(anonymous_0)
FNDA:5,(anonymous_1)
FNDA:5,(anonymous_2)
FNDA:7,(anonymous_3)
FNDA:19,(anonymous_4)
FNDA:5,(anonymous_5)
FNDA:5,(anonymous_6)
FNDA:2,(anonymous_7)
FNDA:2,(anonymous_8)
FNDA:1,(anonymous_9)
FNDA:1,(anonymous_10)
FNDA:4,(anonymous_11)
FNDA:4,(anonymous_12)
FNDA:7,(anonymous_13)
FNDA:7,(anonymous_14)
FNDA:2,(anonymous_15)
FNDA:2,(anonymous_16)
FNDA:0,(anonymous_17)
FNDA:0,(anonymous_18)
FNDA:0,(anonymous_19)
DA:3,2
DA:4,2
DA:9,2
DA:10,2
DA:11,2
DA:25,2
DA:45,19
DA:47,19
DA:49,19
DA:51,19
DA:53,19
DA:56,12
DA:57,12
DA:68,12
DA:73,12
DA:74,12
DA:75,12
DA:77,12
DA:79,12
DA:83,12
DA:91,5
DA:92,5
DA:99,7
DA:101,7
DA:120,2
DA:123,19
DA:128,19
DA:132,12
DA:139,12
DA:143,12
DA:148,12
DA:152,5
DA:158,2
DA:159,2
DA:167,2
DA:168,1
DA:171,1
DA:176,1
DA:177,1
DA:179,1
DA:194,4
DA:195,4
DA:204,4
DA:206,4
DA:208,4
DA:210,4
DA:226,7
DA:227,7
DA:229,7
DA:233,7
DA:242,7
DA:247,2
DA:249,2
DA:250,2
DA:255,0
DA:256,0
DA:257,0
DA:259,0
LF:58
LH:54
BRDA:56,0,0,12
BRDA:56,0,1,0
BRDA:79,1,0,12
BRDA:79,1,1,0
BRDA:80,2,0,12
BRDA:80,2,1,12
BRDA:139,3,0,12
BRDA:139,3,1,7
BRDA:167,4,0,1
BRDA:167,4,1,1
BRDA:204,5,0,1
BRDA:204,5,1,3
BRF:12
BRH:10
end_of_record
TN:
SF:src/services/transaction-expiration-refresher/TransactionExpirationRefresherService.ts
FN:46,(anonymous_0)
FN:64,(anonymous_1)
FN:98,(anonymous_2)
FN:150,(anonymous_3)
FN:186,(anonymous_4)
FN:308,buildRefreshedRawData
FN:330,hasFreshExpirationMetadata
FN:353,hasRequiredExpirationMetadata
FN:372,hasFreshExpiration
FN:398,hasAllowedExpirationWindow
FN:418,getReferenceBlockNumber
FN:444,hasValidReferenceBlockNumber
FN:469,referencedBlockMatchesRawData
FN:493,getRefBlockBytes
FN:503,getRefBlockHash
FNF:15
FNH:15
FNDA:35,(anonymous_0)
FNDA:6,(anonymous_1)
FNDA:5,(anonymous_2)
FNDA:13,(anonymous_3)
FNDA:3,(anonymous_4)
FNDA:10,buildRefreshedRawData
FNDA:18,hasFreshExpirationMetadata
FNDA:18,hasRequiredExpirationMetadata
FNDA:18,hasFreshExpiration
FNDA:11,hasAllowedExpirationWindow
FNDA:10,getReferenceBlockNumber
FNDA:10,hasValidReferenceBlockNumber
FNDA:8,referencedBlockMatchesRawData
FNDA:17,getRefBlockBytes
FNDA:17,getRefBlockHash
DA:1,5
DA:20,5
DA:21,5
DA:28,5
DA:34,5
DA:35,5
DA:43,5
DA:47,35
DA:73,6
DA:74,6
DA:78,6
DA:80,6
DA:105,5
DA:106,5
DA:107,5
DA:109,4
DA:110,1
DA:113,3
DA:119,3
DA:120,1
DA:123,2
DA:129,2
DA:135,1
DA:138,1
DA:157,13
DA:158,13
DA:159,13
DA:164,12
DA:165,4
DA:168,8
DA:174,2
DA:193,3
DA:194,3
DA:199,1
DA:207,16
DA:208,16
DA:209,16
DA:210,14
DA:216,14
DA:217,7
DA:220,7
DA:225,7
DA:231,1
DA:234,6
DA:240,6
DA:246,2
DA:249,4
DA:251,2
DA:264,8
DA:266,8
DA:267,2
DA:270,6
DA:271,6
DA:273,1
DA:284,8
DA:289,8
DA:291,7
DA:313,10
DA:315,10
DA:333,18
DA:356,18
DA:381,18
DA:383,18
DA:405,11
DA:407,11
DA:425,10
DA:427,10
DA:429,10
DA:431,10
DA:451,10
DA:453,10
DA:476,8
DA:477,1
DA:480,7
DA:494,17
DA:504,17
LF:76
LH:76
BRDA:109,0,0,1
BRDA:109,0,1,3
BRDA:119,1,0,1
BRDA:119,1,1,2
BRDA:129,2,0,1
BRDA:129,2,1,1
BRDA:164,3,0,4
BRDA:164,3,1,8
BRDA:216,4,0,7
BRDA:216,4,1,7
BRDA:225,5,0,1
BRDA:225,5,1,6
BRDA:240,6,0,2
BRDA:240,6,1,4
BRDA:266,7,0,2
BRDA:266,7,1,6
BRDA:334,8,0,18
BRDA:334,8,1,18
BRDA:334,8,2,11
BRDA:357,9,0,18
BRDA:357,9,1,18
BRDA:357,9,2,18
BRDA:431,10,0,2
BRDA:431,10,1,8
BRDA:454,11,0,10
BRDA:454,11,1,10
BRDA:454,11,2,8
BRDA:454,11,3,8
BRDA:476,12,0,1
BRDA:476,12,1,7
BRDA:481,13,0,7
BRDA:481,13,1,7
BRF:32
BRH:32
end_of_record
TN:
SF:src/services/transaction-scan/TransactionScanService.ts
FN:33,(anonymous_0)
FN:55,(anonymous_1)
FN:202,(anonymous_2)
FN:289,(anonymous_3)
FN:290,(anonymous_4)
FNF:5
FNH:4
FNDA:9,(anonymous_0)
FNDA:8,(anonymous_1)
FNDA:0,(anonymous_2)
FNDA:8,(anonymous_3)
FNDA:8,(anonymous_4)
DA:1,3
DA:4,3
DA:14,3
DA:21,3
DA:23,3
DA:24,3
DA:26,3
DA:38,9
DA:39,9
DA:40,9
DA:70,8
DA:71,0
DA:75,0
DA:88,8
DA:89,0
DA:93,0
DA:102,8
DA:103,8
DA:110,7
DA:112,7
DA:113,0
DA:118,0
DA:119,0
DA:128,0
DA:132,7
DA:133,0
DA:136,0
DA:140,0
DA:146,0
DA:155,0
DA:156,0
DA:159,0
DA:163,0
DA:176,7
DA:178,1
DA:179,1
DA:182,1
DA:183,0
DA:192,1
DA:203,0
DA:204,0
DA:208,0
DA:219,0
DA:234,7
DA:235,0
DA:238,7
DA:240,7
DA:269,7
DA:284,7
DA:285,0
DA:288,7
DA:289,8
DA:290,8
DA:300,8
DA:301,8
DA:302,0
DA:305,8
DA:306,2
DA:308,6
DA:318,8
DA:319,8
DA:320,8
DA:322,8
DA:345,8
DA:346,0
DA:349,8
DA:352,2
DA:357,6
DA:358,4
DA:363,2
DA:375,7
DA:376,7
DA:379,0
LF:73
LH:47
BRDA:60,0,0,0
BRDA:70,1,0,0
BRDA:70,1,1,8
BRDA:88,2,0,0
BRDA:88,2,1,8
BRDA:106,3,0,0
BRDA:106,3,1,8
BRDA:112,4,0,0
BRDA:112,4,1,7
BRDA:118,5,0,0
BRDA:118,5,1,0
BRDA:132,6,0,0
BRDA:132,6,1,7
BRDA:136,7,0,0
BRDA:136,7,1,0
BRDA:141,8,0,0
BRDA:141,8,1,0
BRDA:155,9,0,0
BRDA:155,9,1,0
BRDA:159,10,0,0
BRDA:159,10,1,0
BRDA:168,11,0,0
BRDA:168,11,1,0
BRDA:182,12,0,0
BRDA:182,12,1,1
BRDA:203,13,0,0
BRDA:203,13,1,0
BRDA:220,14,0,0
BRDA:220,14,1,0
BRDA:234,15,0,0
BRDA:234,15,1,7
BRDA:248,16,0,7
BRDA:248,16,1,0
BRDA:249,17,0,7
BRDA:249,17,1,7
BRDA:253,18,0,0
BRDA:253,18,1,7
BRDA:269,19,0,0
BRDA:269,19,1,7
BRDA:269,20,0,7
BRDA:269,20,1,7
BRDA:284,21,0,0
BRDA:284,21,1,7
BRDA:300,22,0,8
BRDA:300,22,1,6
BRDA:301,23,0,0
BRDA:301,23,1,8
BRDA:305,24,0,2
BRDA:305,24,1,6
BRDA:320,25,0,8
BRDA:320,25,1,6
BRDA:323,26,0,2
BRDA:323,26,1,6
BRDA:324,27,0,8
BRDA:324,27,1,0
BRDA:325,28,0,8
BRDA:325,28,1,0
BRDA:326,29,0,8
BRDA:326,29,1,7
BRDA:328,30,0,8
BRDA:328,30,1,1
BRDA:345,31,0,0
BRDA:345,31,1,8
BRDA:349,32,0,2
BRDA:349,32,1,6
BRDA:352,33,0,1
BRDA:352,33,1,1
BRDA:352,34,0,2
BRDA:352,34,1,1
BRDA:357,35,0,4
BRDA:357,35,1,2
BRDA:357,36,0,6
BRDA:357,36,1,5
BRDA:375,37,0,7
BRDA:375,37,1,0
BRDA:375,38,0,7
BRDA:375,38,1,7
BRDA:381,39,0,0
BRDA:381,39,1,0
BRDA:381,40,0,0
BRDA:381,40,1,0
BRDA:385,41,0,0
BRDA:385,41,1,0
BRDA:385,42,0,0
BRDA:385,42,1,0
BRDA:388,43,0,0
BRDA:388,43,1,0
BRF:87
BRH:44
end_of_record
TN:
SF:src/services/transaction-scan/buildExpiredScanResult.ts
FNF:0
FNH:0
DA:1,8
DA:2,8
DA:15,8
LF:3
LH:3
BRF:0
BRH:0
end_of_record
TN:
SF:src/services/transaction-scan/isTransactionDeadlinePassedError.ts
FN:34,isTransactionDeadlinePassedError
FNF:1
FNH:1
FNDA:22,isTransactionDeadlinePassedError
DA:9,12
DA:18,12
DA:34,12
DA:37,22
DA:38,1
DA:41,21
LF:6
LH:6
BRDA:37,0,0,1
BRDA:37,0,1,21
BRDA:42,1,0,21
BRDA:42,1,1,19
BRDA:42,1,2,13
BRF:5
BRH:5
end_of_record
TN:
SF:src/services/transaction-scan/types.ts
FN:28,(anonymous_0)
FN:42,(anonymous_1)
FN:48,(anonymous_2)
FNF:3
FNH:3
FNDA:11,(anonymous_0)
FNDA:11,(anonymous_1)
FNDA:11,(anonymous_2)
DA:28,11
DA:29,11
DA:30,11
DA:31,11
DA:42,11
DA:43,11
DA:44,11
DA:45,11
DA:48,11
DA:49,11
DA:50,11
LF:11
LH:11
BRDA:28,0,0,11
BRDA:28,0,1,11
BRDA:42,1,0,11
BRDA:42,1,1,11
BRDA:48,2,0,11
BRDA:48,2,1,11
BRF:6
BRH:6
end_of_record
TN:
SF:src/services/transactions/TransactionsMapper.ts
FN:34,(anonymous_0)
FN:99,(anonymous_1)
FN:178,(anonymous_2)
FN:183,(anonymous_3)
FN:299,(anonymous_4)
FN:305,(anonymous_5)
FN:744,(anonymous_6)
FN:763,(anonymous_7)
FN:949,(anonymous_8)
FN:952,(anonymous_9)
FN:996,(anonymous_10)
FN:999,(anonymous_11)
FN:1310,(anonymous_12)
FN:1399,(anonymous_13)
FNF:14
FNH:13
FNDA:4,(anonymous_0)
FNDA:1,(anonymous_1)
FNDA:37,(anonymous_2)
FNDA:111,(anonymous_3)
FNDA:85,(anonymous_4)
FNDA:84,(anonymous_5)
FNDA:0,(anonymous_6)
FNDA:42,(anonymous_7)
FNDA:13,(anonymous_8)
FNDA:15,(anonymous_9)
FNDA:9,(anonymous_10)
FNDA:8,(anonymous_11)
FNDA:41,(anonymous_12)
FNDA:13,(anonymous_13)
DA:2,4
DA:3,4
DA:15,4
DA:17,4
DA:20,4
DA:22,4
DA:43,4
DA:45,4
DA:116,1
DA:118,1
DA:168,37
DA:174,37
DA:177,37
DA:178,37
DA:181,37
DA:183,37
DA:187,111
DA:188,53
DA:200,37
DA:201,37
DA:202,37
DA:204,37
DA:216,39
DA:217,39
DA:218,39
DA:220,39
DA:221,0
DA:223,39
DA:224,1
DA:227,38
DA:251,38
DA:252,2
DA:254,36
DA:255,0
DA:257,36
DA:258,16
DA:260,20
DA:261,15
DA:263,5
DA:273,42
DA:287,12
DA:288,12
DA:289,9
DA:293,3
DA:299,3
DA:300,85
DA:301,85
DA:302,85
DA:305,84
DA:308,85
DA:330,10
DA:332,10
DA:334,10
DA:335,10
DA:338,10
DA:341,10
DA:342,10
DA:347,10
DA:348,10
DA:351,10
DA:357,10
DA:363,10
DA:365,10
DA:427,10
DA:429,10
DA:431,10
DA:432,10
DA:435,10
DA:438,10
DA:439,10
DA:443,10
DA:445,10
DA:446,10
DA:447,10
DA:450,10
DA:451,10
DA:457,10
DA:463,10
DA:469,10
DA:536,7
DA:539,7
DA:542,7
DA:550,7
DA:553,7
DA:555,7
DA:618,1
DA:619,1
DA:620,1
DA:625,1
DA:631,1
DA:636,1
DA:641,1
DA:701,1
DA:702,1
DA:703,1
DA:708,1
DA:717,1
DA:720,1
DA:723,1
DA:726,1
DA:727,0
DA:731,1
DA:732,1
DA:738,1
DA:739,42
DA:740,42
DA:744,0
DA:746,0
DA:747,0
DA:748,0
DA:755,1
DA:756,1
DA:759,1
DA:763,42
DA:765,42
DA:767,1
DA:768,1
DA:773,1
DA:774,1
DA:779,1
DA:841,17
DA:843,17
DA:844,17
DA:847,17
DA:851,17
DA:854,17
DA:855,1
DA:856,0
DA:859,1
DA:860,1
DA:865,1
DA:886,16
DA:887,1
DA:888,0
DA:891,1
DA:892,1
DA:893,1
DA:897,1
DA:899,1
DA:939,15
DA:940,2
DA:948,13
DA:949,13
DA:951,13
DA:952,15
DA:957,13
DA:962,13
DA:968,1
DA:982,12
DA:988,12
DA:992,12
DA:999,9
DA:1003,12
DA:1008,1
DA:1021,11
DA:1023,11
DA:1024,0
DA:1027,11
DA:1030,11
DA:1031,11
DA:1034,11
DA:1037,11
DA:1042,11
DA:1048,11
DA:1056,11
DA:1061,11
DA:1119,1
DA:1121,1
DA:1124,1
DA:1125,0
DA:1128,1
DA:1129,1
DA:1130,0
DA:1132,1
DA:1133,1
DA:1137,1
DA:1143,1
DA:1146,1
DA:1147,1
DA:1148,1
DA:1149,1
DA:1151,0
DA:1154,1
DA:1155,1
DA:1159,1
DA:1164,1
DA:1222,1
DA:1224,1
DA:1227,1
DA:1228,0
DA:1231,1
DA:1232,1
DA:1233,0
DA:1235,1
DA:1236,1
DA:1239,1
DA:1240,1
DA:1243,1
DA:1244,1
DA:1245,1
DA:1246,1
DA:1247,0
DA:1250,1
DA:1251,1
DA:1255,1
DA:1260,1
DA:1333,41
DA:1334,41
DA:1336,41
DA:1337,1
DA:1340,40
DA:1342,10
DA:1349,10
DA:1358,1
DA:1366,1
DA:1373,17
DA:1382,1
DA:1412,13
DA:1413,13
DA:1416,13
DA:1417,13
DA:1418,9
DA:1419,9
DA:1420,9
DA:1424,13
DA:1425,16
DA:1427,16
DA:1435,16
DA:1436,15
DA:1437,15
DA:1442,13
DA:1443,9
DA:1444,7
DA:1450,7
DA:1451,7
DA:1452,7
DA:1457,13
LF:237
LH:221
BRDA:178,0,0,37
BRDA:178,0,1,10
BRDA:187,1,0,53
BRDA:187,1,1,58
BRDA:218,2,0,39
BRDA:218,2,1,39
BRDA:220,3,0,0
BRDA:220,3,1,39
BRDA:223,4,0,1
BRDA:223,4,1,38
BRDA:251,5,0,2
BRDA:251,5,1,36
BRDA:254,6,0,0
BRDA:254,6,1,36
BRDA:254,7,0,36
BRDA:254,7,1,16
BRDA:257,8,0,16
BRDA:257,8,1,20
BRDA:260,9,0,15
BRDA:260,9,1,5
BRDA:288,10,0,9
BRDA:288,10,1,3
BRDA:288,11,0,12
BRDA:288,11,1,12
BRDA:305,12,0,84
BRDA:305,12,1,78
BRDA:308,13,0,85
BRDA:308,13,1,6
BRDA:308,13,2,6
BRDA:342,14,0,0
BRDA:342,14,1,10
BRDA:439,15,0,0
BRDA:439,15,1,10
BRDA:446,16,0,10
BRDA:446,16,1,5
BRDA:447,17,0,10
BRDA:447,17,1,5
BRDA:620,18,0,0
BRDA:620,18,1,1
BRDA:703,19,0,0
BRDA:703,19,1,1
BRDA:726,20,0,0
BRDA:726,20,1,1
BRDA:726,21,0,1
BRDA:726,21,1,0
BRDA:731,22,0,1
BRDA:731,22,1,0
BRDA:740,23,0,0
BRDA:740,23,1,42
BRDA:744,24,0,0
BRDA:744,24,1,0
BRDA:746,25,0,0
BRDA:746,25,1,0
BRDA:755,26,0,1
BRDA:755,26,1,0
BRDA:755,27,0,1
BRDA:755,27,1,1
BRDA:763,28,0,42
BRDA:763,28,1,39
BRDA:767,29,0,1
BRDA:767,29,1,0
BRDA:833,30,0,0
BRDA:854,31,0,1
BRDA:854,31,1,16
BRDA:855,32,0,0
BRDA:855,32,1,1
BRDA:886,33,0,1
BRDA:886,33,1,15
BRDA:886,34,0,16
BRDA:886,34,1,3
BRDA:886,34,2,1
BRDA:887,35,0,0
BRDA:887,35,1,1
BRDA:887,36,0,1
BRDA:887,36,1,1
BRDA:939,37,0,2
BRDA:939,37,1,13
BRDA:939,38,0,15
BRDA:939,38,1,2
BRDA:939,38,2,0
BRDA:957,39,0,13
BRDA:957,39,1,9
BRDA:957,39,2,2
BRDA:962,40,0,1
BRDA:962,40,1,12
BRDA:963,41,0,13
BRDA:963,41,1,9
BRDA:963,41,2,2
BRDA:963,41,3,2
BRDA:988,42,0,12
BRDA:988,42,1,0
BRDA:992,43,0,12
BRDA:992,43,1,12
BRDA:992,43,2,3
BRDA:999,44,0,8
BRDA:999,44,1,6
BRDA:1003,45,0,1
BRDA:1003,45,1,11
BRDA:1004,46,0,12
BRDA:1004,46,1,5
BRDA:1004,46,2,4
BRDA:1004,46,3,4
BRDA:1004,46,4,4
BRDA:1023,47,0,0
BRDA:1023,47,1,11
BRDA:1037,48,0,0
BRDA:1037,48,1,11
BRDA:1124,49,0,0
BRDA:1124,49,1,1
BRDA:1129,50,0,0
BRDA:1129,50,1,1
BRDA:1137,51,0,1
BRDA:1137,51,1,0
BRDA:1138,52,0,1
BRDA:1138,52,1,0
BRDA:1149,53,0,0
BRDA:1149,53,1,1
BRDA:1149,54,0,1
BRDA:1149,54,1,1
BRDA:1155,55,0,0
BRDA:1155,55,1,1
BRDA:1227,56,0,0
BRDA:1227,56,1,1
BRDA:1232,57,0,0
BRDA:1232,57,1,1
BRDA:1239,58,0,1
BRDA:1239,58,1,0
BRDA:1246,59,0,0
BRDA:1246,59,1,1
BRDA:1246,60,0,1
BRDA:1246,60,1,0
BRDA:1251,61,0,1
BRDA:1251,61,1,0
BRDA:1314,62,0,12
BRDA:1336,63,0,1
BRDA:1336,63,1,40
BRDA:1336,64,0,41
BRDA:1336,64,1,40
BRDA:1340,65,0,10
BRDA:1340,65,1,10
BRDA:1340,65,2,1
BRDA:1340,65,3,1
BRDA:1340,65,4,1
BRDA:1340,65,5,1
BRDA:1340,65,6,17
BRDA:1340,65,7,1
BRDA:1418,66,0,9
BRDA:1418,66,1,9
BRDA:1425,67,0,16
BRDA:1425,67,1,14
BRDA:1435,68,0,15
BRDA:1435,68,1,1
BRDA:1443,69,0,7
BRDA:1443,69,1,2
BRDA:1450,70,0,7
BRDA:1450,70,1,0
BRF:156
BRH:120
end_of_record
TN:
SF:src/services/transactions/TransactionsRepository.ts
FN:12,(anonymous_0)
FN:16,(anonymous_1)
FN:24,(anonymous_2)
FN:39,(anonymous_3)
FN:44,(anonymous_4)
FN:55,(anonymous_5)
FN:62,(anonymous_6)
FN:63,(anonymous_7)
FN:67,(anonymous_8)
FN:71,(anonymous_9)
FN:73,(anonymous_10)
FN:76,(anonymous_11)
FN:84,(anonymous_12)
FN:96,(anonymous_13)
FNF:14
FNH:6
FNDA:7,(anonymous_0)
FNDA:0,(anonymous_1)
FNDA:0,(anonymous_2)
FNDA:2,(anonymous_3)
FNDA:3,(anonymous_4)
FNDA:4,(anonymous_5)
FNDA:8,(anonymous_6)
FNDA:5,(anonymous_7)
FNDA:0,(anonymous_8)
FNDA:0,(anonymous_9)
FNDA:0,(anonymous_10)
FNDA:0,(anonymous_11)
FNDA:0,(anonymous_12)
FNDA:0,(anonymous_13)
DA:2,2
DA:3,2
DA:7,2
DA:10,7
DA:13,7
DA:17,0
DA:21,0
DA:25,0
DA:29,0
DA:40,2
DA:44,3
DA:56,4
DA:60,4
DA:62,8
DA:63,5
DA:68,0
DA:73,0
DA:74,0
DA:76,0
DA:77,0
DA:78,0
DA:80,0
DA:84,0
DA:86,0
DA:87,0
DA:91,0
DA:96,0
DA:99,0
DA:102,0
LF:29
LH:11
BRDA:21,0,0,0
BRDA:21,0,1,0
BRDA:29,1,0,0
BRDA:29,1,1,0
BRDA:44,2,0,2
BRDA:44,2,1,1
BRDA:61,3,0,4
BRDA:61,3,1,1
BRDA:80,4,0,0
BRDA:80,4,1,0
BRDA:86,5,0,0
BRDA:86,5,1,0
BRDA:96,6,0,0
BRDA:96,6,1,0
BRF:14
BRH:4
end_of_record
TN:
SF:src/services/transactions/TransactionsService.ts
FN:38,(anonymous_0)
FN:74,(anonymous_1)
FN:122,(anonymous_2)
FN:161,(anonymous_3)
FN:207,(anonymous_4)
FN:251,(anonymous_5)
FN:286,(anonymous_6)
FN:287,(anonymous_7)
FN:305,(anonymous_8)
FN:323,(anonymous_9)
FN:457,(anonymous_10)
FN:459,(anonymous_11)
FN:467,(anonymous_12)
FN:471,(anonymous_13)
FNF:14
FNH:14
FNDA:28,(anonymous_0)
FNDA:18,(anonymous_1)
FNDA:18,(anonymous_2)
FNDA:4,(anonymous_3)
FNDA:18,(anonymous_4)
FNDA:19,(anonymous_5)
FNDA:18,(anonymous_6)
FNDA:4,(anonymous_7)
FNDA:17,(anonymous_8)
FNDA:3,(anonymous_9)
FNDA:2,(anonymous_10)
FNDA:2,(anonymous_11)
FNDA:1,(anonymous_12)
FNDA:5,(anonymous_13)
DA:2,2
DA:3,2
DA:4,2
DA:20,2
DA:21,2
DA:23,2
DA:25,2
DA:53,28
DA:54,28
DA:55,28
DA:56,28
DA:57,28
DA:58,28
DA:74,15
DA:79,18
DA:81,18
DA:85,18
DA:87,18
DA:92,0
DA:95,0
DA:96,0
DA:101,0
DA:103,0
DA:110,0
DA:116,18
DA:119,15
DA:121,15
DA:122,18
DA:138,15
DA:141,15
DA:143,15
DA:144,18
DA:145,18
DA:146,4
DA:147,4
DA:148,4
DA:152,15
DA:153,11
DA:156,4
DA:161,4
DA:162,4
DA:163,4
DA:167,3
DA:169,1
DA:173,1
DA:177,4
DA:179,4
DA:180,4
DA:181,3
DA:185,4
DA:189,4
DA:211,18
DA:223,18
DA:225,18
DA:237,18
DA:239,18
DA:250,18
DA:251,19
DA:254,18
DA:263,18
DA:264,3
DA:265,3
DA:275,15
DA:277,15
DA:286,18
DA:287,15
DA:288,4
DA:291,15
DA:299,15
DA:304,15
DA:305,17
DA:308,15
DA:312,15
DA:328,3
DA:333,2
DA:352,18
DA:360,18
DA:361,18
DA:363,18
DA:364,1
DA:368,17
DA:371,18
DA:372,1
DA:376,17
DA:379,18
DA:399,15
DA:404,15
DA:422,15
DA:423,15
DA:424,17
DA:425,10
DA:427,7
DA:428,7
DA:434,4
DA:439,15
DA:440,11
DA:443,4
DA:444,4
DA:448,1
DA:452,1
DA:453,1
DA:458,2
DA:460,2
DA:464,2
DA:468,1
DA:472,5
DA:474,5
DA:476,5
LF:108
LH:102
BRDA:81,0,0,18
BRDA:81,0,1,18
BRDA:87,1,0,0
BRDA:87,1,1,18
BRDA:88,2,0,18
BRDA:88,2,1,1
BRDA:88,2,2,1
BRDA:101,3,0,0
BRDA:101,3,1,0
BRDA:106,4,0,0
BRDA:106,4,1,0
BRDA:122,5,0,18
BRDA:122,5,1,0
BRDA:145,6,0,4
BRDA:145,6,1,14
BRDA:152,7,0,11
BRDA:152,7,1,4
BRDA:180,8,0,3
BRDA:180,8,1,1
BRDA:180,9,0,4
BRDA:180,9,1,4
BRDA:263,10,0,3
BRDA:263,10,1,15
BRDA:363,11,0,1
BRDA:363,11,1,17
BRDA:371,12,0,1
BRDA:371,12,1,17
BRDA:424,13,0,10
BRDA:424,13,1,7
BRDA:428,14,0,4
BRDA:428,14,1,3
BRDA:429,15,0,7
BRDA:429,15,1,7
BRDA:429,15,2,7
BRDA:429,15,3,5
BRDA:439,16,0,11
BRDA:439,16,1,4
BRF:37
BRH:31
end_of_record
TN:
SF:src/services/transactions/trc20LogParser.ts
FN:47,stripHexPrefix
FN:57,topicToTronAddress
FN:76,contractHexToTronAddress
FN:94,dataToValue
FN:118,parseTransferLogs
FN:173,toTrc20AssetType
FN:188,getReconstructedTransferAssetTypes
FN:210,buildContractTransactionInfos
FN:218,(anonymous_8)
FNF:9
FNH:9
FNDA:38,stripHexPrefix
FNDA:14,topicToTronAddress
FNDA:7,contractHexToTronAddress
FNDA:7,dataToValue
FNDA:10,parseTransferLogs
FNDA:6,toTrc20AssetType
FNDA:2,getReconstructedTransferAssetTypes
FNDA:3,buildContractTransactionInfos
FNDA:3,(anonymous_8)
DA:2,1
DA:9,1
DA:10,1
DA:18,1
DA:48,38
DA:58,14
DA:59,14
DA:60,0
DA:63,14
DA:64,14
DA:66,0
DA:77,7
DA:78,7
DA:79,0
DA:81,7
DA:82,7
DA:84,0
DA:95,7
DA:96,7
DA:97,1
DA:99,6
DA:100,6
DA:102,0
DA:118,1
DA:123,10
DA:124,2
DA:127,8
DA:129,8
DA:130,10
DA:132,10
DA:136,2
DA:140,8
DA:141,1
DA:144,7
DA:145,7
DA:146,7
DA:147,7
DA:149,7
DA:150,1
DA:153,6
DA:163,8
DA:177,6
DA:188,1
DA:192,2
DA:193,2
DA:194,3
DA:196,2
DA:210,1
DA:218,3
DA:219,3
DA:220,3
DA:221,3
DA:223,3
LF:53
LH:48
BRDA:48,0,0,5
BRDA:48,0,1,33
BRDA:59,1,0,0
BRDA:59,1,1,14
BRDA:78,2,0,0
BRDA:78,2,1,7
BRDA:96,3,0,1
BRDA:96,3,1,6
BRDA:123,4,0,2
BRDA:123,4,1,8
BRDA:123,5,0,10
BRDA:123,5,1,9
BRDA:130,6,0,10
BRDA:130,6,1,0
BRDA:132,7,0,2
BRDA:132,7,1,8
BRDA:133,8,0,10
BRDA:133,8,1,10
BRDA:140,9,0,1
BRDA:140,9,1,7
BRDA:140,10,0,8
BRDA:140,10,1,7
BRDA:149,11,0,1
BRDA:149,11,1,6
BRDA:149,12,0,7
BRDA:149,12,1,7
BRDA:149,12,2,7
BRDA:149,12,3,7
BRDA:227,13,0,3
BRDA:227,13,1,2
BRDA:229,14,0,3
BRDA:229,14,1,2
BRDA:230,15,0,3
BRDA:230,15,1,2
BRF:34
BRH:31
end_of_record
TN:
SF:src/services/transactions/utils/isSpam.ts
FN:31,(anonymous_0)
FN:46,(anonymous_1)
FN:78,(anonymous_2)
FN:88,(anonymous_3)
FN:100,(anonymous_4)
FN:115,isTokenAsset
FN:127,isSpam
FN:138,(anonymous_7)
FNF:8
FNH:8
FNDA:48,(anonymous_0)
FNDA:26,(anonymous_1)
FNDA:45,(anonymous_2)
FNDA:9,(anonymous_3)
FNDA:6,(anonymous_4)
FNDA:9,isTokenAsset
FNDA:48,isSpam
FNDA:93,(anonymous_7)
DA:2,3
DA:3,3
DA:6,3
DA:31,3
DA:35,48
DA:36,48
DA:39,48
DA:41,48
DA:42,24
DA:45,24
DA:47,26
DA:54,14
DA:60,12
DA:65,24
DA:78,3
DA:83,45
DA:84,36
DA:87,9
DA:89,9
DA:94,9
DA:95,3
DA:98,6
DA:99,6
DA:101,6
DA:105,6
DA:116,9
DA:127,3
DA:132,48
DA:138,93
LF:29
LH:29
BRDA:41,0,0,24
BRDA:41,0,1,24
BRDA:47,1,0,14
BRDA:47,1,1,12
BRDA:48,2,0,26
[...]
end_of_record
TN:
SF:src/ui/confirmation/components/EstimatedChanges/EstimatedChanges.tsx
FN:25,(anonymous_0)
FN:50,(anonymous_1)
FN:73,(anonymous_2)
FN:92,(anonymous_3)
FN:120,(anonymous_4)
FN:121,(anonymous_5)
FN:145,(anonymous_6)
FN:157,(anonymous_7)
FNF:8
FNH:7
FNDA:34,(anonymous_0)
FNDA:45,(anonymous_1)
FNDA:27,(anonymous_2)
FNDA:79,(anonymous_3)
FNDA:27,(anonymous_4)
FNDA:27,(anonymous_5)
FNDA:27,(anonymous_6)
FNDA:0,(anonymous_7)
DA:2,10
DA:13,10
DA:15,10
DA:16,10
DA:17,10
DA:25,10
DA:30,34
DA:32,34
DA:50,10
DA:55,45
DA:57,45
DA:73,10
DA:74,27
DA:75,27
DA:77,27
DA:92,10
DA:97,79
DA:100,79
DA:101,79
DA:102,79
DA:104,79
DA:105,34
DA:109,45
DA:110,6
DA:120,39
DA:121,39
DA:123,39
DA:125,39
DA:126,11
DA:136,28
DA:146,27
DA:158,0
LF:32
LH:31
BRDA:79,0,0,0
BRDA:79,0,1,27
BRDA:84,1,0,27
BRDA:84,1,1,0
BRDA:85,2,0,27
BRDA:85,2,1,0
BRDA:104,3,0,34
BRDA:104,3,1,45
BRDA:109,4,0,6
BRDA:109,4,1,39
BRDA:120,5,0,39
BRDA:120,5,1,3
BRDA:121,6,0,39
BRDA:121,6,1,3
BRDA:123,7,0,39
BRDA:123,7,1,12
BRDA:125,8,0,11
BRDA:125,8,1,28
BRDA:125,9,0,39
BRDA:125,9,1,38
BRDA:139,10,0,27
BRDA:139,10,1,1
BRDA:151,11,0,0
BRDA:151,11,1,28
BRF:24
BRH:20
end_of_record
TN:
SF:src/ui/confirmation/components/TransactionAlert/TransactionAlert.tsx
FN:39,(anonymous_0)
FNF:1
FNH:1
FNDA:88,(anonymous_0)
DA:2,11
DA:16,11
DA:18,11
DA:19,11
DA:20,11
DA:34,11
DA:39,11
DA:45,88
DA:51,88
DA:52,35
DA:62,53
DA:63,9
DA:78,44
DA:79,4
DA:85,40
DA:86,8
DA:103,32
DA:104,0
DA:107,32
DA:114,32
DA:115,3
DA:138,29
LF:22
LH:21
BRDA:51,0,0,35
BRDA:51,0,1,53
BRDA:62,1,0,9
BRDA:62,1,1,44
BRDA:78,2,0,4
BRDA:78,2,1,40
BRDA:78,3,0,44
BRDA:78,3,1,36
BRDA:85,4,0,8
BRDA:85,4,1,32
BRDA:103,5,0,0
BRDA:103,5,1,32
BRDA:107,6,0,32
BRDA:107,6,1,0
BRDA:114,7,0,3
BRDA:114,7,1,29
BRF:16
BRH:14
end_of_record
TN:
SF:src/ui/confirmation/components/TransactionAlert/getErrorMessage.ts
FN:23,getErrorMessage
FNF:1
FNH:1
FNDA:16,getErrorMessage
DA:1,11
DA:4,11
DA:9,11
DA:23,11
DA:27,16
DA:29,16
DA:30,8
DA:33,8
DA:37,8
DA:40,8
DA:41,1
DA:44,7
DA:47,7
DA:50,0
LF:14
LH:13
BRDA:29,0,0,8
BRDA:29,0,1,8
BRDA:37,1,0,8
BRDA:37,1,1,5
BRDA:37,1,2,5
BRDA:40,2,0,1
BRDA:40,2,1,7
BRDA:40,3,0,8
BRDA:40,3,1,2
BRDA:50,4,0,0
BRDA:50,4,1,0
BRDA:50,4,2,0
BRF:12
BRH:9
end_of_record
TN:
SF:src/ui/confirmation/utils/getIconUrlForKnownAsset.ts
FN:10,(anonymous_0)
FNF:1
FNH:1
FNDA:2,(anonymous_0)
DA:1,3
DA:10,3
DA:13,2
DA:14,2
DA:16,0
LF:5
LH:4
BRDA:13,0,0,2
BRDA:13,0,1,0
BRF:2
BRH:1
end_of_record
TN:
SF:src/ui/confirmation/views/ConfirmSignMessage/ConfirmSignMessage.tsx
FN:33,(anonymous_0)
FNF:1
FNH:1
FNDA:7,(anonymous_0)
DA:2,1
DA:16,1
DA:19,1
DA:21,1
DA:22,1
DA:33,1
DA:41,7
DA:42,7
DA:43,7
DA:47,7
LF:10
LH:10
BRDA:66,0,0,7
BRDA:66,0,1,0
BRDA:92,1,0,7
BRDA:92,1,1,0
BRF:4
BRH:2
end_of_record
TN:
SF:src/ui/confirmation/views/ConfirmSignMessage/events.tsx
FN:11,onCancelButtonClick
FN:27,onConfirmButtonClick
FN:35,(anonymous_2)
FN:46,createEventHandlers
FN:50,(anonymous_4)
FN:52,(anonymous_5)
FNF:6
FNH:1
FNDA:0,onCancelButtonClick
FNDA:0,onConfirmButtonClick
FNDA:1,(anonymous_2)
FNDA:0,createEventHandlers
FNDA:0,(anonymous_4)
FNDA:0,(anonymous_5)
DA:15,0
DA:16,0
DA:31,0
DA:32,0
DA:35,1
DA:36,1
DA:37,1
DA:46,1
DA:49,0
DA:51,0
DA:53,0
LF:11
LH:4
BRDA:35,0,0,1
BRDA:35,0,1,1
BRF:2
BRH:2
end_of_record
TN:
SF:src/ui/confirmation/views/ConfirmSignMessage/render.tsx
FN:21,render
FN:41,(anonymous_2)
FN:42,(anonymous_3)
FNF:3
FNH:3
FNDA:7,render
FNDA:6,(anonymous_2)
FNDA:1,(anonymous_3)
DA:3,1
DA:6,1
DA:8,1
DA:9,1
DA:10,1
DA:11,1
DA:12,1
DA:21,1
DA:25,7
DA:33,7
DA:37,7
DA:39,7
DA:41,6
DA:42,1
DA:44,7
DA:56,7
DA:58,7
LF:17
LH:17
BRF:0
BRH:0
end_of_record
TN:
SF:src/ui/confirmation/views/ConfirmSignTransaction/ConfirmSignTransaction.tsx
FN:29,(anonymous_0)
FNF:1
FNH:1
FNDA:46,(anonymous_0)
DA:2,9
DA:17,9
DA:18,9
DA:19,9
DA:20,9
DA:21,9
DA:22,9
DA:23,9
DA:24,9
DA:25,9
DA:26,9
DA:29,9
DA:34,46
DA:47,46
DA:56,46
DA:60,46
DA:62,46
DA:63,46
DA:64,42
DA:65,0
DA:83,42
DA:93,46
LF:22
LH:21
BRDA:56,0,0,46
BRDA:56,0,1,33
BRDA:56,0,2,27
BRDA:60,1,0,46
BRDA:60,1,1,0
BRDA:63,2,0,42
BRDA:63,2,1,4
BRDA:64,3,0,0
BRDA:64,3,1,42
BRDA:86,4,0,42
BRDA:86,4,1,21
BRDA:96,5,0,4
BRDA:96,5,1,42
BRDA:109,6,0,42
BRDA:109,6,1,4
BRDA:109,7,0,46
BRDA:109,7,1,6
BRDA:112,8,0,42
BRDA:112,8,1,21
BRDA:113,9,0,42
BRDA:113,9,1,36
BRDA:133,10,0,46
BRDA:133,10,1,0
BRDA:152,11,0,46
BRDA:152,11,1,0
BRDA:174,12,0,46
BRDA:174,12,1,0
BRF:27
BRH:22
end_of_record
TN:
SF:src/ui/confirmation/views/ConfirmSignTransaction/events.tsx
FN:10,onCancelButtonClick
FN:25,onConfirmButtonClick
FN:33,(anonymous_2)
FN:44,createEventHandlers
FN:48,(anonymous_4)
FN:50,(anonymous_5)
FNF:6
FNH:1
FNDA:0,onCancelButtonClick
FNDA:0,onConfirmButtonClick
FNDA:9,(anonymous_2)
FNDA:0,createEventHandlers
FNDA:0,(anonymous_4)
FNDA:0,(anonymous_5)
DA:14,0
DA:15,0
DA:29,0
DA:30,0
DA:33,9
DA:34,9
DA:35,9
DA:44,9
DA:47,0
DA:49,0
DA:52,0
LF:11
LH:4
BRDA:33,0,0,9
BRDA:33,0,1,9
BRF:2
BRH:2
end_of_record
TN:
SF:src/ui/confirmation/views/ConfirmSignTransaction/render.tsx
FN:63,render
FN:95,(anonymous_2)
FN:141,(anonymous_3)
FN:154,(anonymous_4)
FN:161,(anonymous_5)
FNF:5
FNH:4
FNDA:12,render
FNDA:1,(anonymous_2)
FNDA:2,(anonymous_3)
FNDA:0,(anonymous_4)
FNDA:2,(anonymous_5)
DA:3,2
DA:4,2
DA:5,2
DA:8,2
DA:9,2
DA:11,2
DA:12,2
DA:14,2
DA:15,2
DA:16,2
DA:17,2
DA:18,2
DA:19,2
DA:20,2
DA:21,2
DA:22,2
DA:25,2
DA:63,2
DA:68,12
DA:69,12
DA:77,12
DA:80,12
DA:91,12
DA:94,12
DA:95,1
DA:103,12
DA:106,12
DA:109,12
DA:110,12
DA:112,12
DA:115,12
DA:120,12
DA:124,3
DA:133,3
DA:141,3
DA:142,2
DA:146,3
DA:154,0
DA:157,3
DA:158,3
DA:159,3
DA:161,2
DA:164,3
DA:167,3
DA:170,3
DA:171,3
DA:173,9
DA:174,9
DA:175,9
DA:176,9
DA:177,9
DA:181,12
DA:186,12
DA:189,12
DA:195,12
DA:198,12
DA:199,12
DA:201,12
DA:202,10
DA:204,10
DA:205,10
DA:208,10
DA:209,10
DA:212,10
DA:213,10
DA:221,1
DA:230,12
DA:232,12
DA:239,11
DA:240,1
DA:243,1
DA:244,1
DA:247,12
DA:248,12
DA:249,9
DA:250,3
DA:251,1
DA:253,2
DA:256,12
DA:258,12
DA:264,1
DA:265,1
DA:267,1
DA:269,1
DA:281,12
DA:282,12
DA:287,1
DA:288,1
DA:293,12
LF:89
LH:88
BRDA:85,0,0,12
BRDA:85,0,1,1
BRDA:112,1,0,12
BRDA:112,1,1,0
BRDA:115,2,0,12
BRDA:115,2,1,0
BRDA:146,3,0,3
BRDA:146,3,1,0
BRDA:160,4,0,3
BRDA:160,4,1,1
BRDA:164,5,0,3
BRDA:164,5,1,0
BRDA:195,6,0,12
BRDA:195,6,1,11
BRDA:195,6,2,1
BRDA:201,7,0,10
BRDA:201,7,1,2
BRDA:204,8,0,10
BRDA:204,8,1,0
BRDA:208,9,0,10
BRDA:208,9,1,0
BRDA:239,10,0,1
BRDA:239,10,1,10
BRDA:248,11,0,9
BRDA:248,11,1,3
BRDA:250,12,0,1
BRDA:250,12,1,2
BRF:27
BRH:21
end_of_record
TN:
SF:src/ui/confirmation/views/ConfirmSignTransaction/types.ts
FNF:0
FNH:0
DA:8,9
LF:1
LH:1
BRF:0
BRH:0
end_of_record
TN:
SF:src/ui/confirmation/views/ConfirmTransactionRequest/ConfirmTransactionRequest.tsx
FN:29,(anonymous_0)
FNF:1
FNH:1
FNDA:42,(anonymous_0)
DA:2,9
DA:17,9
DA:18,9
DA:19,9
DA:20,9
DA:21,9
DA:22,9
DA:23,9
DA:24,9
DA:25,9
DA:26,9
DA:29,9
DA:46,42
DA:53,42
DA:56,42
DA:57,42
DA:58,37
DA:59,0
DA:77,37
DA:87,42
LF:20
LH:19
BRDA:53,0,0,42
BRDA:53,0,1,30
BRDA:57,1,0,37
BRDA:57,1,1,5
BRDA:58,2,0,0
BRDA:58,2,1,37
BRDA:80,3,0,37
BRDA:80,3,1,20
BRDA:91,4,0,35
BRDA:91,4,1,7
BRDA:94,5,0,35
BRDA:94,5,1,19
BRDA:95,6,0,35
BRDA:95,6,1,35
BRDA:132,7,0,42
BRDA:132,7,1,0
BRDA:143,8,0,42
BRDA:143,8,1,42
BRDA:148,9,0,42
BRDA:148,9,1,0
BRDA:168,10,0,42
BRDA:168,10,1,0
BRF:22
BRH:18
end_of_record
TN:
SF:src/ui/confirmation/views/ConfirmTransactionRequest/events.tsx
FN:10,onCancelButtonClick
FN:25,onConfirmButtonClick
FN:33,(anonymous_2)
FN:44,createEventHandlers
FN:48,(anonymous_4)
FN:51,(anonymous_5)
FNF:6
FNH:1
FNDA:0,onCancelButtonClick
FNDA:0,onConfirmButtonClick
FNDA:9,(anonymous_2)
FNDA:0,createEventHandlers
FNDA:0,(anonymous_4)
FNDA:0,(anonymous_5)
DA:14,0
DA:15,0
DA:29,0
DA:30,0
DA:33,9
DA:34,9
DA:35,9
DA:44,9
DA:47,0
DA:50,0
DA:53,0
LF:11
LH:4
BRDA:33,0,0,9
BRDA:33,0,1,9
BRF:2
BRH:2
end_of_record
TN:
SF:src/ui/confirmation/views/ConfirmTransactionRequest/render.tsx
FN:77,render
FN:116,(anonymous_2)
FNF:2
FNH:1
FNDA:11,render
FNDA:0,(anonymous_2)
DA:5,2
DA:6,2
DA:9,2
DA:15,2
DA:16,2
DA:17,2
DA:18,2
DA:19,2
DA:22,2
DA:77,2
DA:92,11
DA:94,11
DA:97,11
DA:105,11
DA:106,11
DA:111,11
DA:116,11
DA:117,0
DA:121,11
DA:125,11
DA:128,11
DA:134,11
DA:137,10
DA:139,10
DA:140,8
DA:144,10
DA:149,10
DA:150,10
DA:159,9
DA:160,9
DA:162,1
DA:163,1
DA:167,1
DA:171,11
DA:174,11
DA:175,0
DA:179,11
DA:186,11
DA:188,11
DA:195,11
DA:196,10
DA:204,11
LF:42
LH:40
BRDA:134,0,0,10
BRDA:134,0,1,1
BRDA:139,1,0,8
BRDA:139,1,1,2
BRDA:160,2,0,9
BRDA:160,2,1,0
BRDA:174,3,0,0
BRDA:174,3,1,11
BRDA:186,4,0,11
BRDA:186,4,1,0
BRDA:195,5,0,10
BRDA:195,5,1,1
BRF:12
BRH:9
end_of_record
TN:
SF:src/ui/confirmation/views/ConfirmTransactionRequest/types.ts
FNF:0
FNH:0
DA:10,9
LF:1
LH:1
BRF:0
BRH:0
end_of_record
TN:
SF:src/utils/assertOrThrow.ts
FN:13,assertOrThrow
FNF:1
FNH:1
FNDA:35,assertOrThrow
DA:2,2
DA:13,2
DA:18,35
DA:19,35
DA:21,10
DA:22,10
LF:6
LH:6
BRF:0
BRH:0
end_of_record
TN:
SF:src/utils/buildUrl.ts
FN:25,buildUrl
FN:41,(anonymous_1)
FN:65,(anonymous_2)
FN:66,(anonymous_3)
FN:67,(anonymous_4)
FNF:5
FNH:5
FNDA:114,buildUrl
FNDA:15,(anonymous_1)
FNDA:50,(anonymous_2)
FNDA:49,(anonymous_3)
FNDA:48,(anonymous_4)
DA:1,13
DA:3,13
DA:4,13
DA:25,13
DA:32,114
DA:35,114
DA:36,114
DA:37,2
DA:39,112
DA:41,112
DA:42,15
DA:43,15
DA:44,0
DA:47,15
DA:48,15
DA:53,112
DA:59,112
DA:63,112
DA:64,112
DA:65,50
DA:66,49
DA:68,48
DA:70,48
DA:71,48
DA:75,112
DA:76,112
DA:77,110
LF:27
LH:26
BRDA:31,0,0,111
BRDA:36,1,0,2
BRDA:36,1,1,112
BRDA:43,2,0,0
BRDA:43,2,1,15
BRDA:48,3,0,12
BRDA:48,3,1,3
BRDA:59,4,0,1
BRDA:59,4,1,111
BRDA:64,5,0,112
BRDA:64,5,1,87
BRDA:68,6,0,48
BRDA:68,6,1,0
BRF:13
BRH:11
end_of_record
TN:
SF:src/utils/conversion.ts
FN:12,(anonymous_0)
FN:26,(anonymous_1)
FN:40,(anonymous_2)
FN:58,(anonymous_3)
FNF:4
FNH:4
FNDA:66,(anonymous_0)
FNDA:66,(anonymous_1)
FNDA:22,(anonymous_2)
FNDA:597,(anonymous_3)
DA:1,14
DA:3,14
DA:12,14
DA:13,66
DA:26,14
DA:29,66
DA:40,14
DA:44,22
DA:58,14
DA:62,597
LF:10
LH:10
BRF:0
BRH:0
end_of_record
TN:
SF:src/utils/deriveTronFromCoinTypeNode.ts
FN:17,getAddressIndexPath
FN:29,tronAddressFromPublicKeyHex
FN:52,createTronBip44AddressDeriver
FN:64,(anonymous_3)
FNF:4
FNH:4
FNDA:111,getAddressIndexPath
FNDA:109,tronAddressFromPublicKeyHex
FNDA:9,createTronBip44AddressDeriver
FNDA:111,(anonymous_3)
DA:1,3
DA:3,3
DA:4,3
DA:5,3
DA:7,3
DA:9,3
DA:20,111
DA:33,109
DA:34,109
DA:35,109
DA:37,109
DA:38,1
DA:41,108
DA:52,3
DA:60,9
DA:61,9
DA:62,7
DA:64,7
DA:65,111
DA:66,111
DA:70,110
DA:71,1
DA:74,109
DA:76,3
DA:80,2
LF:25
LH:25
BRDA:37,0,0,1
BRDA:37,0,1,108
BRDA:70,1,0,1
BRDA:70,1,1,109
BRF:4
BRH:4
end_of_record
TN:
SF:src/utils/errors.ts
FN:9,(anonymous_1)
FN:9,(anonymous_2)
FN:17,shouldTrackError
FN:21,(anonymous_4)
FNF:4
FNH:3
FNDA:0,(anonymous_1)
FNDA:6,(anonymous_2)
FNDA:15,shouldTrackError
FNDA:19,(anonymous_4)
DA:1,5
DA:3,5
DA:4,5
DA:5,5
DA:7,5
DA:9,11
DA:17,5
DA:18,15
DA:21,5
DA:24,19
DA:25,19
DA:29,13
DA:30,12
DA:33,13
DA:37,13
DA:42,13
LF:16
LH:16
BRDA:29,0,0,12
BRDA:29,0,1,1
BRDA:33,1,0,1
BRDA:33,1,1,12
BRF:4
BRH:4
end_of_record
TN:
SF:src/utils/executeOnChainActions.ts
FN:24,executeOnChainActions
FNF:1
FNH:1
FNDA:25,executeOnChainActions
DA:7,2
DA:24,2
DA:39,25
DA:43,25
DA:45,25
DA:46,25
DA:47,37
DA:50,37
DA:55,25
LF:9
LH:9
BRF:0
BRH:0
end_of_record
TN:
SF:src/utils/formatAmount.ts
FN:10,formatAmount
FNF:1
FNH:1
FNDA:60,formatAmount
DA:1,11
DA:10,11
DA:11,60
DA:13,60
DA:14,6
DA:17,54
LF:6
LH:6
BRDA:13,0,0,6
BRDA:13,0,1,54
BRF:2
BRH:2
end_of_record
TN:
SF:src/utils/formatFiat.ts
FN:11,formatFiat
FNF:1
FNH:0
FNDA:0,formatFiat
DA:1,10
DA:11,10
DA:16,0
DA:17,0
DA:18,0
DA:20,0
LF:6
LH:2
BRF:0
BRH:0
end_of_record
TN:
SF:src/utils/formatOrigin.ts
FN:7,formatOrigin
FNF:1
FNH:1
FNDA:73,formatOrigin
DA:7,11
DA:8,73
DA:9,3
DA:13,70
DA:14,9
DA:18,61
DA:19,61
DA:23,5
LF:8
LH:8
BRDA:8,0,0,3
BRDA:8,0,1,70
BRDA:13,1,0,9
BRDA:13,1,1,61
BRF:4
BRH:4
end_of_record
TN:
SF:src/utils/getExplorerUrl.ts
FN:12,getExplorerUrl
FNF:1
FNH:1
FNDA:68,getExplorerUrl
DA:1,9
DA:2,9
DA:12,9
DA:18,68
DA:27,68
DA:29,68
DA:34,68
LF:7
LH:7
BRF:0
BRH:0
end_of_record
TN:
SF:src/utils/getLowestUnusedIndex.ts
FN:21,getLowestUnusedIndex
FN:27,(anonymous_1)
FN:28,(anonymous_2)
FNF:3
FNH:2
FNDA:1,getLowestUnusedIndex
FNDA:1,(anonymous_1)
FNDA:0,(anonymous_2)
DA:21,2
DA:22,1
DA:23,0
DA:26,1
DA:27,1
DA:28,0
DA:30,1
DA:32,1
DA:36,1
DA:37,0
DA:40,1
DA:43,1
LF:12
LH:9
BRDA:22,0,0,0
BRDA:22,0,1,1
BRDA:36,1,0,0
BRDA:36,1,1,1
BRF:4
BRH:2
end_of_record
TN:
SF:src/utils/hex.ts
FN:7,hexToString
FNF:1
FNH:1
FNDA:5,hexToString
DA:7,3
DA:8,5
DA:10,5
DA:11,0
DA:14,5
DA:15,0
DA:18,5
DA:19,5
DA:20,51
DA:21,51
DA:22,0
DA:24,51
DA:27,5
LF:13
LH:10
BRDA:8,0,0,1
BRDA:8,0,1,4
BRDA:10,1,0,0
BRDA:10,1,1,5
BRDA:14,2,0,0
BRDA:14,2,1,5
BRDA:21,3,0,0
BRDA:21,3,1,51
BRF:8
BRH:5
end_of_record
TN:
SF:src/utils/i18n.ts
FN:21,i18n
FN:27,(anonymous_2)
FN:31,(anonymous_3)
FNF:3
FNH:3
FNDA:382,i18n
FNDA:845,(anonymous_2)
FNDA:6,(anonymous_3)
DA:1,10
DA:2,10
DA:4,10
DA:9,10
DA:21,10
DA:25,382
DA:27,382
DA:28,845
DA:30,845
DA:31,6
DA:32,6
DA:33,6
DA:37,845
LF:13
LH:13
BRDA:25,0,0,382
BRDA:25,0,1,0
BRDA:28,1,0,845
BRDA:28,1,1,0
BRDA:30,2,0,6
BRDA:30,2,1,839
BRDA:30,3,0,845
BRDA:30,3,1,6
BRDA:33,4,0,6
BRDA:33,4,1,0
BRF:10
BRH:7
end_of_record
TN:
SF:src/utils/isFetchStatusLoadingOrFetching.ts
FN:12,isFetchStatusLoadingOrFetching
FNF:1
FNH:1
FNDA:255,isFetchStatusLoadingOrFetching
DA:1,11
DA:12,11
DA:13,255
LF:3
LH:3
BRDA:13,0,0,255
BRDA:13,0,1,188
BRF:2
BRH:2
end_of_record
TN:
SF:src/utils/logger.ts
FN:31,(anonymous_0)
FN:34,(anonymous_1)
FN:48,(anonymous_2)
FN:51,(anonymous_3)
FN:71,(anonymous_4)
FN:72,(anonymous_5)
FN:73,(anonymous_6)
FN:74,(anonymous_7)
FN:75,(anonymous_8)
FN:78,(anonymous_9)
FN:85,(anonymous_10)
FN:90,(anonymous_11)
FNF:12
FNH:6
FNDA:22,(anonymous_0)
FNDA:0,(anonymous_1)
FNDA:110,(anonymous_2)
FNDA:11,(anonymous_3)
FNDA:0,(anonymous_4)
FNDA:0,(anonymous_5)
FNDA:0,(anonymous_6)
FNDA:0,(anonymous_7)
FNDA:0,(anonymous_8)
FNDA:379,(anonymous_9)
FNDA:880,(anonymous_10)
FNDA:880,(anonymous_11)
DA:31,22
DA:34,22
DA:35,0
DA:48,22
DA:51,110
DA:53,11
DA:54,11
DA:56,0
DA:62,22
DA:70,22
DA:78,22
DA:82,379
DA:86,880
DA:87,880
DA:90,880
DA:91,880
DA:94,0
DA:99,22
LF:18
LH:15
BRDA:53,0,0,11
BRDA:53,0,1,0
BRDA:87,1,0,880
BRDA:87,1,1,0
BRF:4
BRH:2
end_of_record
TN:
SF:src/utils/mockLogger.ts
FNF:0
FNH:0
DA:3,12
LF:1
LH:1
BRF:0
BRH:0
end_of_record
TN:
SF:src/utils/safeMerge.ts
FN:15,(anonymous_0)
FN:22,(anonymous_1)
FNF:2
FNH:2
FNDA:20,(anonymous_0)
FNDA:17,(anonymous_1)
DA:15,3
DA:18,20
DA:23,17
LF:3
LH:3
BRDA:23,0,0,17
BRDA:23,0,1,16
BRDA:23,0,2,15
BRDA:23,0,3,15
BRDA:23,0,4,10
BRF:5
BRH:5
end_of_record
TN:
SF:src/utils/sanitize.ts
FN:8,sanitizeControlCharacters
FN:24,sanitizeUri
FNF:2
FNH:2
FNDA:176,sanitizeControlCharacters
FNDA:114,sanitizeUri
DA:8,13
DA:9,176
DA:10,0
DA:15,176
DA:24,13
DA:25,114
DA:26,1
DA:29,113
DA:31,113
DA:32,113
DA:33,112
DA:34,112
DA:35,0
DA:37,112
DA:38,0
DA:40,112
DA:42,1
LF:17
LH:14
BRDA:9,0,0,0
BRDA:9,0,1,176
BRDA:9,1,0,176
BRDA:9,1,1,176
BRDA:25,2,0,1
BRDA:25,2,1,113
BRDA:25,3,0,114
BRDA:25,3,1,113
BRDA:34,4,0,0
BRDA:34,4,1,112
BRDA:37,5,0,0
BRDA:37,5,1,112
BRF:12
BRH:9
end_of_record
TN:
SF:src/utils/sensitiveErrors.ts
FN:30,sanitizeSensitiveError
FN:48,(anonymous_1)
FN:70,isSnapRpcError
FN:91,(anonymous_3)
FNF:4
FNH:4
FNDA:15,sanitizeSensitiveError
FNDA:79,(anonymous_1)
FNDA:23,isSnapRpcError
FNDA:363,(anonymous_3)
DA:1,7
DA:30,7
DA:31,15
DA:32,15
DA:34,15
DA:46,15
DA:48,79
DA:51,15
DA:52,8
DA:55,8
DA:56,1
DA:58,7
DA:61,7
DA:70,7
DA:71,23
DA:91,363
LF:16
LH:16
BRDA:31,0,0,15
BRDA:31,0,1,1
BRDA:32,1,0,15
BRDA:32,1,1,1
BRDA:48,2,0,79
BRDA:48,2,1,74
BRDA:51,3,0,8
BRDA:51,3,1,7
BRDA:55,4,0,1
BRDA:55,4,1,7
BRDA:56,5,0,1
BRDA:56,5,1,0
BRF:12
BRH:11
end_of_record
TN:
SF:src/utils/tokenToFiat.ts
FN:10,tokenToFiat
FNF:1
FNH:0
FNDA:0,tokenToFiat
DA:1,10
DA:10,10
DA:14,0
DA:15,0
LF:4
LH:2
BRF:0
BRH:0
end_of_record
TN:
SF:src/utils/serialization/deserialize.ts
FN:13,(anonymous_0)
FN:14,(anonymous_1)
FNF:2
FNH:2
FNDA:27,(anonymous_0)
FNDA:101,(anonymous_1)
DA:2,3
DA:13,3
DA:14,27
DA:15,101
DA:16,6
DA:19,95
DA:20,4
DA:23,91
DA:24,5
DA:27,86
DA:28,5
DA:31,81
DA:33,1
DA:34,1
DA:35,1
DA:36,3
DA:38,1
DA:41,80
LF:18
LH:18
BRDA:15,0,0,6
BRDA:15,0,1,95
BRDA:19,1,0,4
BRDA:19,1,1,91
BRDA:23,2,0,5
BRDA:23,2,1,86
BRDA:27,3,0,5
BRDA:27,3,1,81
BRDA:31,4,0,1
BRDA:31,4,1,80
BRF:10
BRH:10
end_of_record
TN:
SF:src/utils/serialization/serialize.ts
FN:15,(anonymous_0)
FN:16,(anonymous_1)
FNF:2
FNH:2
FNDA:24,(anonymous_0)
FNDA:105,(anonymous_1)
DA:2,3
DA:3,3
DA:15,3
DA:16,24
DA:17,105
DA:18,5
DA:23,100
DA:24,5
DA:30,95
DA:31,6
DA:37,89
DA:39,1
DA:40,1
DA:41,3
DA:43,1
DA:50,88
LF:16
LH:16
BRDA:17,0,0,5
BRDA:17,0,1,100
BRDA:23,1,0,5
BRDA:23,1,1,95
BRDA:30,2,0,6
BRDA:30,2,1,89
BRDA:37,3,0,1
BRDA:37,3,1,88
BRF:8
BRH:8
end_of_record
TN:
SF:src/validation/structs.ts
FN:75,(anonymous_0)
FN:322,(anonymous_1)
FN:368,(anonymous_2)
FNF:3
FNH:3
FNDA:679,(anonymous_0)
FNDA:42,(anonymous_1)
FNDA:93,(anonymous_2)
DA:1,19
DA:8,19
DA:28,19
DA:30,19
DA:31,19
DA:32,19
DA:42,19
DA:47,19
DA:75,19
DA:76,679
DA:78,679
DA:81,668
DA:82,668
DA:83,10
DA:87,658
DA:88,4
DA:92,654
DA:93,654
DA:100,2
DA:104,652
DA:105,652
DA:113,4
DA:117,648
DA:118,648
DA:124,0
DA:128,648
DA:133,4
DA:137,644
DA:158,644
DA:159,10162
DA:160,62
DA:165,582
DA:166,0
DA:169,582
DA:171,11
DA:178,19
DA:181,19
DA:184,19
DA:187,19
DA:191,19
DA:199,19
DA:206,19
DA:226,19
DA:232,19
DA:240,19
DA:242,19
DA:244,19
DA:309,19
DA:314,19
DA:322,19
DA:324,42
DA:327,42
DA:328,0
DA:332,42
DA:333,30
DA:336,12
DA:344,19
DA:349,19
DA:351,19
DA:356,19
DA:361,19
DA:366,19
DA:369,93
DA:370,5
DA:374,88
DA:376,88
DA:377,6
DA:380,82
DA:384,19
DA:396,19
DA:401,19
DA:408,19
DA:419,19
DA:427,19
DA:435,19
DA:451,19
DA:459,19
LF:77
LH:74
BRDA:82,0,0,10
BRDA:82,0,1,658
BRDA:87,1,0,4
BRDA:87,1,1,654
BRDA:93,2,0,2
BRDA:93,2,1,652
BRDA:94,3,0,654
BRDA:94,3,1,652
BRDA:94,3,2,650
BRDA:105,4,0,4
BRDA:105,4,1,648
BRDA:106,5,0,652
BRDA:106,5,1,650
BRDA:106,5,2,648
BRDA:106,5,3,648
BRDA:106,5,4,648
BRDA:106,5,5,648
BRDA:118,6,0,0
BRDA:118,6,1,648
BRDA:119,7,0,648
BRDA:119,7,1,648
BRDA:119,7,2,648
BRDA:119,7,3,648
BRDA:128,8,0,4
BRDA:128,8,1,644
BRDA:129,9,0,648
BRDA:129,9,1,646
BRDA:129,9,2,644
BRDA:159,10,0,62
BRDA:159,10,1,10100
BRDA:165,11,0,0
BRDA:165,11,1,582
BRDA:165,12,0,582
BRDA:165,12,1,4
BRDA:327,13,0,0
BRDA:327,13,1,42
BRDA:332,14,0,30
BRDA:332,14,1,12
BRDA:369,15,0,5
BRDA:369,15,1,88
BRDA:376,16,0,6
BRDA:376,16,1,82
BRF:42
BRH:39
end_of_record
TN:
SF:src/validation/transaction.ts
FN:22,(anonymous_0)
FN:44,isTransactionWellFormed
FN:59,assertTransactionStructure
FN:82,getTransactionTrxValue
FN:109,extractTransactionOwnerAddress
FN:132,assertTransactionSignerConsistency
FNF:6
FNH:6
FNDA:33,(anonymous_0)
FNDA:8,isTransactionWellFormed
FNDA:20,assertTransactionStructure
FNDA:6,getTransactionTrxValue
FNDA:19,extractTransactionOwnerAddress
FNDA:19,assertTransactionSignerConsistency
DA:1,8
DA:2,8
DA:4,8
DA:6,8
DA:7,8
DA:20,8
DA:23,33
DA:25,33
DA:26,5
DA:29,28
DA:30,28
DA:31,1
DA:34,27
DA:44,8
DA:47,8
DA:59,8
DA:62,20
DA:63,20
DA:66,2
DA:68,2
DA:82,8
DA:85,6
DA:86,6
DA:88,6
DA:89,1
DA:92,5
DA:93,1
DA:96,4
DA:97,3
DA:100,1
DA:109,8
DA:112,19
DA:113,19
DA:115,19
DA:116,0
DA:119,19
DA:120,19
DA:122,0
DA:132,8
DA:136,19
DA:138,19
DA:140,0
DA:145,19
DA:147,4
LF:44
LH:41
BRDA:25,0,0,5
BRDA:25,0,1,28
BRDA:30,1,0,1
BRDA:30,1,1,27
BRDA:66,2,0,2
BRDA:66,2,1,0
BRDA:88,3,0,1
BRDA:88,3,1,5
BRDA:88,4,0,6
BRDA:88,4,1,5
BRDA:92,5,0,1
BRDA:92,5,1,4
BRDA:93,6,0,1
BRDA:93,6,1,0
BRDA:93,7,0,1
BRDA:93,7,1,0
BRDA:96,8,0,3
BRDA:96,8,1,1
BRDA:97,9,0,3
BRDA:97,9,1,0
BRDA:97,10,0,3
BRDA:97,10,1,0
BRDA:115,11,0,0
BRDA:115,11,1,19
BRDA:138,12,0,0
BRDA:138,12,1,19
BRDA:145,13,0,4
BRDA:145,13,1,15
BRF:28
BRH:21
end_of_record
TN:
SF:src/validation/validators.ts
FN:8,(anonymous_0)
FN:27,validateRequest
FN:50,validateResponse
FNF:3
FNH:2
FNDA:0,(anonymous_0)
FNDA:34,validateRequest
FNDA:7,validateResponse
DA:2,4
DA:4,4
DA:6,4
DA:8,4
DA:9,0
DA:10,0
DA:12,0
DA:13,0
DA:27,4
DA:31,34
DA:32,34
DA:36,9
DA:50,4
DA:54,7
DA:55,7
DA:57,1
LF:16
LH:12
BRDA:9,0,0,0
BRDA:9,0,1,0
BRDA:12,1,0,0
BRDA:12,1,1,0
BRF:4
BRH:0
end_of_record
